2020-07-12 21:59:32,102	INFO	kdkit.common.main_util	| distributed init (rank 2): env://
2020-07-12 21:59:34,764	INFO	__main__	Namespace(adjust_lr=True, config='imagenet/ft.yaml', device='cuda', dist_url='env://', log='imagenet/ft.log', start_epoch=0, student_only=False, sync_bn=False, test_only=False, world_size=3)
2020-07-12 21:59:34,783	INFO	kdkit.datasets.util	Loading train data
2020-07-12 21:59:37,556	INFO	kdkit.datasets.util	2.7726807594299316 sec
2020-07-12 21:59:37,556	INFO	kdkit.datasets.util	Loading val data
2020-07-12 21:59:37,856	INFO	kdkit.datasets.util	0.299454927444458 sec
2020-07-12 21:59:38,279	INFO	kdkit.common.main_util	ckpt file is not found at `./resource/ckpt/image_classification/teacher/ilsvrc2012-resnet34.pt`
2020-07-12 21:59:38,441	INFO	kdkit.common.main_util	ckpt file is not found at `./imagenet/ft/ilsvrc2012-resnet18_from_resnet34.pt`
2020-07-12 21:59:38,451	INFO	__main__	Start distillation
2020-07-12 21:59:38,451	INFO	kdkit.models.util	[teacher model]
2020-07-12 21:59:38,451	INFO	kdkit.models.util	Redesigning the teacher model with ['conv1', 'relu', 'maxpool', 'layer1', 'layer2', 'layer3', 'layer4']
2020-07-12 21:59:38,492	INFO	kdkit.models.util	[teacher model]
2020-07-12 21:59:38,492	INFO	kdkit.models.util	Using the Teacher4FactorTransfer teacher model
2020-07-12 21:59:38,492	INFO	kdkit.models.util	Frozen module(s): {'teacher_model'}
2020-07-12 21:59:38,492	INFO	kdkit.models.util	[student model]
2020-07-12 21:59:38,492	INFO	kdkit.models.util	Using the EmptyModule student model
2020-07-12 21:59:38,493	INFO	kdkit.tools.distillation	Freezing the whole student model
2020-07-12 21:59:38,494	INFO	kdkit.tools.distillation	Note that you are training some/all of the modules in the teacher model
2020-07-12 21:59:38,494	INFO	kdkit.tools.distillation	Started stage 1
2020-07-12 21:59:49,328	INFO	kdkit.misc.log	Epoch: [0]  [   0/1669]  eta: 5:01:19  lr: 0.003  img/s: 240.44770393367602  loss: 7.1747 (7.1747)  time: 10.8328  data: 9.7681  max mem: 2925
2020-07-12 22:05:47,236	INFO	kdkit.misc.log	Epoch: [0]  [1000/1669]  eta: 0:04:06  lr: 0.003  img/s: 921.0769961895644  loss: 0.7042 (1.1710)  time: 0.3223  data: 0.0014  max mem: 2925
2020-07-12 22:09:45,808	INFO	kdkit.misc.log	Epoch: [0] Total time: 0:10:07
2020-07-12 22:09:55,355	INFO	kdkit.misc.log	Validation:  [ 0/66]  eta: 0:10:29  acc1: 0.0000 (0.0000)  acc5: 0.3906 (0.3906)  time: 9.5418  data: 9.4277  max mem: 2925
2020-07-12 22:10:15,130	INFO	kdkit.misc.log	Validation: Total time: 0:00:29
2020-07-12 22:10:15,131	INFO	__main__	 * Acc@1 0.1000	Acc@5 0.5020

2020-07-12 22:10:15,131	INFO	__main__	Updating ckpt (Best top1 accuracy: 0.0000 -> 0.1000)
2020-07-12 22:10:15,229	INFO	kdkit.models.util	[teacher model]
2020-07-12 22:10:15,229	INFO	kdkit.models.util	Using the original teacher model
2020-07-12 22:10:15,288	INFO	kdkit.models.util	[teacher model]
2020-07-12 22:10:15,288	INFO	kdkit.models.util	Using the Teacher4FactorTransfer teacher model
2020-07-12 22:10:15,313	INFO	kdkit.models.util	[student model]
2020-07-12 22:10:15,313	INFO	kdkit.models.util	Using the Student4FactorTransfer student model
2020-07-12 22:10:15,315	INFO	kdkit.tools.distillation	Freezing the whole teacher model
2020-07-12 22:10:15,316	INFO	kdkit.tools.distillation	Advanced to stage 2
2020-07-12 22:10:24,140	INFO	kdkit.misc.log	Epoch: [1]  [   0/1669]  eta: 4:05:25  lr: 0.30000000000000004  img/s: 218.85531612018494  loss: 14.4175 (14.4175)  time: 8.8231  data: 7.6534  max mem: 7088
2020-07-12 22:19:05,420	INFO	kdkit.misc.log	Epoch: [1]  [1000/1669]  eta: 0:05:54  lr: 0.30000000000000004  img/s: 497.24173981983853  loss: 9.1842 (10.1606)  time: 0.5090  data: 0.0002  max mem: 7088
2020-07-12 22:24:50,401	INFO	kdkit.misc.log	Epoch: [1] Total time: 0:14:35
2020-07-12 22:24:59,868	INFO	kdkit.misc.log	Validation:  [ 0/66]  eta: 0:10:24  acc1: 20.7031 (20.7031)  acc5: 41.4062 (41.4062)  time: 9.4573  data: 9.3470  max mem: 7088
2020-07-12 22:25:19,550	INFO	kdkit.misc.log	Validation: Total time: 0:00:29
2020-07-12 22:25:19,671	INFO	__main__	 * Acc@1 20.6876	Acc@5 43.5391

2020-07-12 22:25:19,672	INFO	__main__	Updating ckpt (Best top1 accuracy: 0.1000 -> 20.6876)
2020-07-12 22:25:28,533	INFO	kdkit.misc.log	Epoch: [2]  [   0/1669]  eta: 4:02:43  lr: 0.30000000000000004  img/s: 94.09412358335234  loss: 8.5446 (8.5446)  time: 8.7258  data: 6.0051  max mem: 7088
2020-07-12 22:34:00,541	INFO	kdkit.misc.log	Epoch: [2]  [1000/1669]  eta: 0:05:48  lr: 0.30000000000000004  img/s: 491.5095002242994  loss: 8.0249 (8.2240)  time: 0.5196  data: 0.0002  max mem: 7088
2020-07-12 22:39:44,495	INFO	kdkit.misc.log	Epoch: [2] Total time: 0:14:24
2020-07-12 22:39:53,628	INFO	kdkit.misc.log	Validation:  [ 0/66]  eta: 0:10:01  acc1: 19.1406 (19.1406)  acc5: 42.5781 (42.5781)  time: 9.1147  data: 8.9781  max mem: 7088
2020-07-12 22:40:13,555	INFO	kdkit.misc.log	Validation: Total time: 0:00:29
2020-07-12 22:40:13,556	INFO	__main__	 * Acc@1 25.9015	Acc@5 50.5010

2020-07-12 22:40:13,557	INFO	__main__	Updating ckpt (Best top1 accuracy: 20.6876 -> 25.9015)
2020-07-12 22:40:22,342	INFO	kdkit.misc.log	Epoch: [3]  [   0/1669]  eta: 4:00:19  lr: 0.30000000000000004  img/s: 550.6565999805122  loss: 7.8142 (7.8142)  time: 8.6398  data: 8.1749  max mem: 7088
2020-07-12 22:48:53,973	INFO	kdkit.misc.log	Epoch: [3]  [1000/1669]  eta: 0:05:47  lr: 0.30000000000000004  img/s: 497.86562927449006  loss: 7.6428 (7.7475)  time: 0.5168  data: 0.0002  max mem: 7088
2020-07-12 22:54:38,190	INFO	kdkit.misc.log	Epoch: [3] Total time: 0:14:24
2020-07-12 22:54:47,576	INFO	kdkit.misc.log	Validation:  [ 0/66]  eta: 0:10:19  acc1: 31.2500 (31.2500)  acc5: 58.2031 (58.2031)  time: 9.3808  data: 9.2813  max mem: 7088
2020-07-12 22:55:07,257	INFO	kdkit.misc.log	Validation: Total time: 0:00:29
2020-07-12 22:55:07,480	INFO	__main__	 * Acc@1 36.7953	Acc@5 63.5007

2020-07-12 22:55:07,480	INFO	__main__	Updating ckpt (Best top1 accuracy: 25.9015 -> 36.7953)
2020-07-12 22:55:14,496	INFO	kdkit.misc.log	Epoch: [4]  [   0/1669]  eta: 3:11:28  lr: 0.30000000000000004  img/s: 504.0028689070929  loss: 7.5659 (7.5659)  time: 6.8834  data: 6.3754  max mem: 7088
2020-07-12 23:03:49,575	INFO	kdkit.misc.log	Epoch: [4]  [1000/1669]  eta: 0:05:48  lr: 0.30000000000000004  img/s: 487.0947041798601  loss: 7.5895 (7.6054)  time: 0.5249  data: 0.0002  max mem: 7088
2020-07-12 23:09:35,411	INFO	kdkit.misc.log	Epoch: [4] Total time: 0:14:27
2020-07-12 23:09:44,557	INFO	kdkit.misc.log	Validation:  [ 0/66]  eta: 0:10:03  acc1: 32.0312 (32.0312)  acc5: 57.0312 (57.0312)  time: 9.1366  data: 9.0273  max mem: 7088
2020-07-12 23:10:04,581	INFO	kdkit.misc.log	Validation: Total time: 0:00:29
2020-07-12 23:10:04,582	INFO	__main__	 * Acc@1 35.5713	Acc@5 62.1028

2020-07-12 23:10:12,580	INFO	kdkit.misc.log	Epoch: [5]  [   0/1669]  eta: 3:41:13  lr: 0.30000000000000004  img/s: 337.0182482450592  loss: 7.5369 (7.5369)  time: 7.9527  data: 7.1931  max mem: 7088
2020-07-12 23:18:46,231	INFO	kdkit.misc.log	Epoch: [5]  [1000/1669]  eta: 0:05:48  lr: 0.30000000000000004  img/s: 490.63965458705303  loss: 7.5396 (7.5173)  time: 0.5418  data: 0.0002  max mem: 7088
2020-07-12 23:24:31,070	INFO	kdkit.misc.log	Epoch: [5] Total time: 0:14:26
2020-07-12 23:24:40,384	INFO	kdkit.misc.log	Validation:  [ 0/66]  eta: 0:10:12  acc1: 36.3281 (36.3281)  acc5: 62.8906 (62.8906)  time: 9.2869  data: 9.1877  max mem: 7088
2020-07-12 23:25:00,183	INFO	kdkit.misc.log	Validation: Total time: 0:00:29
2020-07-12 23:25:00,184	INFO	__main__	 * Acc@1 39.9432	Acc@5 66.7547

2020-07-12 23:25:00,185	INFO	__main__	Updating ckpt (Best top1 accuracy: 36.7953 -> 39.9432)
2020-07-12 23:25:09,087	INFO	kdkit.misc.log	Epoch: [6]  [   0/1669]  eta: 4:03:28  lr: 0.30000000000000004  img/s: 508.72855695765924  loss: 7.3399 (7.3399)  time: 8.7527  data: 8.2495  max mem: 7088
2020-07-12 23:33:41,575	INFO	kdkit.misc.log	Epoch: [6]  [1000/1669]  eta: 0:05:48  lr: 0.30000000000000004  img/s: 495.08476745708697  loss: 7.4394 (7.4700)  time: 0.5176  data: 0.0003  max mem: 7088
2020-07-12 23:39:28,558	INFO	kdkit.misc.log	Epoch: [6] Total time: 0:14:28
2020-07-12 23:39:37,204	INFO	kdkit.misc.log	Validation:  [ 0/66]  eta: 0:09:30  acc1: 35.1562 (35.1562)  acc5: 62.8906 (62.8906)  time: 8.6411  data: 8.5066  max mem: 7088
2020-07-12 23:39:57,581	INFO	kdkit.misc.log	Validation: Total time: 0:00:29
2020-07-12 23:39:57,810	INFO	__main__	 * Acc@1 42.0992	Acc@5 68.4306

2020-07-12 23:39:57,810	INFO	__main__	Updating ckpt (Best top1 accuracy: 39.9432 -> 42.0992)
2020-07-12 23:40:06,692	INFO	kdkit.misc.log	Epoch: [7]  [   0/1669]  eta: 4:03:06  lr: 0.30000000000000004  img/s: 562.943351870192  loss: 7.1522 (7.1522)  time: 8.7398  data: 8.2848  max mem: 7088
2020-07-12 23:48:41,875	INFO	kdkit.misc.log	Epoch: [7]  [1000/1669]  eta: 0:05:50  lr: 0.30000000000000004  img/s: 470.61491988856807  loss: 7.3773 (7.4295)  time: 0.5171  data: 0.0002  max mem: 7088
2020-07-12 23:54:27,713	INFO	kdkit.misc.log	Epoch: [7] Total time: 0:14:29
2020-07-12 23:54:37,124	INFO	kdkit.misc.log	Validation:  [ 0/66]  eta: 0:10:20  acc1: 37.5000 (37.5000)  acc5: 60.5469 (60.5469)  time: 9.4058  data: 9.3023  max mem: 7088
2020-07-12 23:54:56,926	INFO	kdkit.misc.log	Validation: Total time: 0:00:29
2020-07-12 23:54:56,933	INFO	__main__	 * Acc@1 40.3212	Acc@5 67.0847

2020-07-12 23:55:04,566	INFO	kdkit.misc.log	Epoch: [8]  [   0/1669]  eta: 3:31:14  lr: 0.30000000000000004  img/s: 229.03252809255991  loss: 7.6384 (7.6384)  time: 7.5940  data: 6.4763  max mem: 7088
2020-07-13 00:03:38,720	INFO	kdkit.misc.log	Epoch: [8]  [1000/1669]  eta: 0:05:48  lr: 0.30000000000000004  img/s: 490.64660472248954  loss: 7.3825 (7.4111)  time: 0.5077  data: 0.0002  max mem: 7088
2020-07-13 00:09:23,007	INFO	kdkit.misc.log	Epoch: [8] Total time: 0:14:26
2020-07-13 00:09:32,063	INFO	kdkit.misc.log	Validation:  [ 0/66]  eta: 0:09:57  acc1: 38.2812 (38.2812)  acc5: 68.3594 (68.3594)  time: 9.0460  data: 8.9382  max mem: 7088
2020-07-13 00:09:52,165	INFO	kdkit.misc.log	Validation: Total time: 0:00:29
2020-07-13 00:09:52,167	INFO	__main__	 * Acc@1 40.9312	Acc@5 67.4007

2020-07-13 00:10:00,477	INFO	kdkit.misc.log	Epoch: [9]  [   0/1669]  eta: 3:49:41  lr: 0.30000000000000004  img/s: 559.8584187444372  loss: 7.2362 (7.2362)  time: 8.2576  data: 7.8004  max mem: 7088
2020-07-13 00:18:34,165	INFO	kdkit.misc.log	Epoch: [9]  [1000/1669]  eta: 0:05:48  lr: 0.30000000000000004  img/s: 503.04562137324183  loss: 7.3588 (7.3889)  time: 0.5133  data: 0.0002  max mem: 7088
2020-07-13 00:24:20,472	INFO	kdkit.misc.log	Epoch: [9] Total time: 0:14:28
2020-07-13 00:24:29,948	INFO	kdkit.misc.log	Validation:  [ 0/66]  eta: 0:10:25  acc1: 39.4531 (39.4531)  acc5: 66.0156 (66.0156)  time: 9.4702  data: 9.3680  max mem: 7088
2020-07-13 00:24:49,595	INFO	kdkit.misc.log	Validation: Total time: 0:00:29
2020-07-13 00:24:49,737	INFO	__main__	 * Acc@1 42.1492	Acc@5 68.3546

2020-07-13 00:24:49,737	INFO	__main__	Updating ckpt (Best top1 accuracy: 42.0992 -> 42.1492)
2020-07-13 00:24:58,455	INFO	kdkit.misc.log	Epoch: [10]  [   0/1669]  eta: 3:58:49  lr: 0.30000000000000004  img/s: 552.5278949594664  loss: 7.3521 (7.3521)  time: 8.5859  data: 8.1226  max mem: 7088
2020-07-13 00:33:33,640	INFO	kdkit.misc.log	Epoch: [10]  [1000/1669]  eta: 0:05:50  lr: 0.30000000000000004  img/s: 494.48809051768404  loss: 7.3477 (7.3679)  time: 0.5189  data: 0.0002  max mem: 7088
2020-07-13 00:39:19,513	INFO	kdkit.misc.log	Epoch: [10] Total time: 0:14:29
2020-07-13 00:39:29,255	INFO	kdkit.misc.log	Validation:  [ 0/66]  eta: 0:10:41  acc1: 36.7188 (36.7188)  acc5: 64.4531 (64.4531)  time: 9.7212  data: 9.6153  max mem: 7088
2020-07-13 00:39:48,611	INFO	kdkit.misc.log	Validation: Total time: 0:00:29
2020-07-13 00:39:48,612	INFO	__main__	 * Acc@1 41.5232	Acc@5 67.6066

2020-07-13 00:39:56,327	INFO	kdkit.misc.log	Epoch: [11]  [   0/1669]  eta: 3:33:11  lr: 0.30000000000000004  img/s: 439.73391094025345  loss: 7.2616 (7.2616)  time: 7.6642  data: 7.0820  max mem: 7088
2020-07-13 00:48:30,537	INFO	kdkit.misc.log	Epoch: [11]  [1000/1669]  eta: 0:05:48  lr: 0.30000000000000004  img/s: 497.3490682884577  loss: 7.3433 (7.3610)  time: 0.5335  data: 0.0002  max mem: 7088
2020-07-13 00:54:13,881	INFO	kdkit.misc.log	Epoch: [11] Total time: 0:14:25
2020-07-13 00:54:22,969	INFO	kdkit.misc.log	Validation:  [ 0/66]  eta: 0:09:59  acc1: 37.8906 (37.8906)  acc5: 63.6719 (63.6719)  time: 9.0823  data: 8.9644  max mem: 7088
2020-07-13 00:54:42,932	INFO	kdkit.misc.log	Validation: Total time: 0:00:29
2020-07-13 00:54:43,020	INFO	__main__	 * Acc@1 41.1692	Acc@5 67.8726

2020-07-13 00:54:51,605	INFO	kdkit.misc.log	Epoch: [12]  [   0/1669]  eta: 3:57:42  lr: 0.30000000000000004  img/s: 547.1153738170372  loss: 7.2888 (7.2888)  time: 8.5458  data: 8.0778  max mem: 7088
2020-07-13 01:03:25,254	INFO	kdkit.misc.log	Epoch: [12]  [1000/1669]  eta: 0:05:48  lr: 0.30000000000000004  img/s: 486.99882348352287  loss: 7.2953 (7.3373)  time: 0.5264  data: 0.0002  max mem: 7088
2020-07-13 01:09:10,235	INFO	kdkit.misc.log	Epoch: [12] Total time: 0:14:27
2020-07-13 01:09:19,156	INFO	kdkit.misc.log	Validation:  [ 0/66]  eta: 0:09:48  acc1: 39.4531 (39.4531)  acc5: 64.0625 (64.0625)  time: 8.9138  data: 8.8139  max mem: 7088
2020-07-13 01:09:39,295	INFO	kdkit.misc.log	Validation: Total time: 0:00:29
2020-07-13 01:09:39,302	INFO	__main__	 * Acc@1 41.2372	Acc@5 67.6266

2020-07-13 01:09:47,777	INFO	kdkit.misc.log	Epoch: [13]  [   0/1669]  eta: 3:52:35  lr: 0.30000000000000004  img/s: 366.49818396420426  loss: 7.5267 (7.5267)  time: 8.3617  data: 7.6632  max mem: 7088
2020-07-13 01:18:22,114	INFO	kdkit.misc.log	Epoch: [13]  [1000/1669]  eta: 0:05:49  lr: 0.30000000000000004  img/s: 499.8202374391134  loss: 7.3343 (7.3411)  time: 0.5083  data: 0.0002  max mem: 7088
2020-07-13 01:24:06,575	INFO	kdkit.misc.log	Epoch: [13] Total time: 0:14:27
2020-07-13 01:24:16,319	INFO	kdkit.misc.log	Validation:  [ 0/66]  eta: 0:10:42  acc1: 40.6250 (40.6250)  acc5: 72.2656 (72.2656)  time: 9.7380  data: 9.6309  max mem: 7088
2020-07-13 01:24:35,621	INFO	kdkit.misc.log	Validation: Total time: 0:00:29
2020-07-13 01:24:35,807	INFO	__main__	 * Acc@1 46.0011	Acc@5 72.5425

2020-07-13 01:24:35,807	INFO	__main__	Updating ckpt (Best top1 accuracy: 42.1492 -> 46.0011)
2020-07-13 01:24:43,082	INFO	kdkit.misc.log	Epoch: [14]  [   0/1669]  eta: 3:18:39  lr: 0.30000000000000004  img/s: 350.891778105951  loss: 7.4350 (7.4350)  time: 7.1417  data: 6.4122  max mem: 7088
2020-07-13 01:33:18,549	INFO	kdkit.misc.log	Epoch: [14]  [1000/1669]  eta: 0:05:49  lr: 0.30000000000000004  img/s: 498.5790442439743  loss: 7.3768 (7.3254)  time: 0.5162  data: 0.0002  max mem: 7088
2020-07-13 01:39:02,917	INFO	kdkit.misc.log	Epoch: [14] Total time: 0:14:26
2020-07-13 01:39:11,853	INFO	kdkit.misc.log	Validation:  [ 0/66]  eta: 0:09:49  acc1: 40.2344 (40.2344)  acc5: 66.4062 (66.4062)  time: 8.9296  data: 8.8176  max mem: 7088
2020-07-13 01:39:31,659	INFO	kdkit.misc.log	Validation: Total time: 0:00:28
2020-07-13 01:39:32,083	INFO	__main__	 * Acc@1 43.8431	Acc@5 70.2206

2020-07-13 01:39:39,177	INFO	kdkit.misc.log	Epoch: [15]  [   0/1669]  eta: 3:16:12  lr: 0.30000000000000004  img/s: 494.18244411266016  loss: 7.3008 (7.3008)  time: 7.0533  data: 6.5353  max mem: 7088
2020-07-13 01:48:13,533	INFO	kdkit.misc.log	Epoch: [15]  [1000/1669]  eta: 0:05:48  lr: 0.30000000000000004  img/s: 502.10726448944126  loss: 7.2988 (7.3162)  time: 0.5111  data: 0.0002  max mem: 7088
2020-07-13 01:53:57,665	INFO	kdkit.misc.log	Epoch: [15] Total time: 0:14:25
2020-07-13 01:54:06,753	INFO	kdkit.misc.log	Validation:  [ 0/66]  eta: 0:09:59  acc1: 45.7031 (45.7031)  acc5: 72.6562 (72.6562)  time: 9.0820  data: 8.9807  max mem: 7088
2020-07-13 01:54:26,538	INFO	kdkit.misc.log	Validation: Total time: 0:00:28
2020-07-13 01:54:26,805	INFO	__main__	 * Acc@1 48.2010	Acc@5 74.2565

2020-07-13 01:54:26,806	INFO	__main__	Updating ckpt (Best top1 accuracy: 46.0011 -> 48.2010)
2020-07-13 01:54:35,271	INFO	kdkit.misc.log	Epoch: [16]  [   0/1669]  eta: 3:51:45  lr: 0.30000000000000004  img/s: 92.70165225603652  loss: 7.2893 (7.2893)  time: 8.3315  data: 5.5699  max mem: 7088
2020-07-13 02:03:07,278	INFO	kdkit.misc.log	Epoch: [16]  [1000/1669]  eta: 0:05:47  lr: 0.30000000000000004  img/s: 501.5631250318223  loss: 7.2834 (7.3048)  time: 0.5142  data: 0.0002  max mem: 7088
2020-07-13 02:08:53,318	INFO	kdkit.misc.log	Epoch: [16] Total time: 0:14:26
2020-07-13 02:09:00,997	INFO	kdkit.misc.log	Validation:  [ 0/66]  eta: 0:08:26  acc1: 35.9375 (35.9375)  acc5: 67.5781 (67.5781)  time: 7.6690  data: 7.5199  max mem: 7088
2020-07-13 02:09:22,209	INFO	kdkit.misc.log	Validation: Total time: 0:00:28
2020-07-13 02:09:22,337	INFO	__main__	 * Acc@1 45.0151	Acc@5 71.4426

2020-07-13 02:09:30,433	INFO	kdkit.misc.log	Epoch: [17]  [   0/1669]  eta: 3:44:05  lr: 0.30000000000000004  img/s: 143.75381715312392  loss: 7.2898 (7.2898)  time: 8.0558  data: 6.2750  max mem: 7088
2020-07-13 02:18:04,054	INFO	kdkit.misc.log	Epoch: [17]  [1000/1669]  eta: 0:05:48  lr: 0.30000000000000004  img/s: 502.35039739201545  loss: 7.3669 (7.3079)  time: 0.5108  data: 0.0002  max mem: 7088
2020-07-13 02:23:50,481	INFO	kdkit.misc.log	Epoch: [17] Total time: 0:14:28
2020-07-13 02:24:00,398	INFO	kdkit.misc.log	Validation:  [ 0/66]  eta: 0:10:54  acc1: 45.3125 (45.3125)  acc5: 69.1406 (69.1406)  time: 9.9122  data: 9.8098  max mem: 7088
2020-07-13 02:24:19,559	INFO	kdkit.misc.log	Validation: Total time: 0:00:29
2020-07-13 02:24:19,661	INFO	__main__	 * Acc@1 47.4571	Acc@5 73.8545

2020-07-13 02:24:28,693	INFO	kdkit.misc.log	Epoch: [18]  [   0/1669]  eta: 4:10:07  lr: 0.30000000000000004  img/s: 560.6599959585179  loss: 7.1445 (7.1445)  time: 8.9918  data: 8.5352  max mem: 7088
2020-07-13 02:33:01,090	INFO	kdkit.misc.log	Epoch: [18]  [1000/1669]  eta: 0:05:48  lr: 0.30000000000000004  img/s: 493.50740347174474  loss: 7.2736 (7.2996)  time: 0.5165  data: 0.0002  max mem: 7088
2020-07-13 02:38:46,235	INFO	kdkit.misc.log	Epoch: [18] Total time: 0:14:26
2020-07-13 02:38:55,282	INFO	kdkit.misc.log	Validation:  [ 0/66]  eta: 0:09:56  acc1: 43.7500 (43.7500)  acc5: 68.7500 (68.7500)  time: 9.0352  data: 8.9360  max mem: 7088
2020-07-13 02:39:15,313	INFO	kdkit.misc.log	Validation: Total time: 0:00:29
2020-07-13 02:39:15,314	INFO	__main__	 * Acc@1 46.4031	Acc@5 72.3666

2020-07-13 02:39:24,373	INFO	kdkit.misc.log	Epoch: [19]  [   0/1669]  eta: 4:10:47  lr: 0.30000000000000004  img/s: 139.97296125466787  loss: 7.2762 (7.2762)  time: 9.0158  data: 7.1869  max mem: 7088
2020-07-13 02:48:01,124	INFO	kdkit.misc.log	Epoch: [19]  [1000/1669]  eta: 0:05:51  lr: 0.30000000000000004  img/s: 498.64202268855894  loss: 7.2903 (7.2838)  time: 0.5118  data: 0.0002  max mem: 7088
2020-07-13 02:53:45,568	INFO	kdkit.misc.log	Epoch: [19] Total time: 0:14:30
2020-07-13 02:53:55,080	INFO	kdkit.misc.log	Validation:  [ 0/66]  eta: 0:10:27  acc1: 45.3125 (45.3125)  acc5: 72.6562 (72.6562)  time: 9.5067  data: 9.3832  max mem: 7088
2020-07-13 02:54:14,704	INFO	kdkit.misc.log	Validation: Total time: 0:00:29
2020-07-13 02:54:14,705	INFO	__main__	 * Acc@1 46.6111	Acc@5 73.0605

2020-07-13 02:54:22,585	INFO	kdkit.misc.log	Epoch: [20]  [   0/1669]  eta: 3:37:28  lr: 0.30000000000000004  img/s: 127.48921382576583  loss: 7.2768 (7.2768)  time: 7.8181  data: 5.8101  max mem: 7088
2020-07-13 03:02:57,426	INFO	kdkit.misc.log	Epoch: [20]  [1000/1669]  eta: 0:05:49  lr: 0.30000000000000004  img/s: 497.20213672364105  loss: 7.3026 (7.2909)  time: 0.5167  data: 0.0003  max mem: 7088
2020-07-13 03:08:43,676	INFO	kdkit.misc.log	Epoch: [20] Total time: 0:14:28
2020-07-13 03:08:52,733	INFO	kdkit.misc.log	Validation:  [ 0/66]  eta: 0:09:57  acc1: 39.8438 (39.8438)  acc5: 69.1406 (69.1406)  time: 9.0514  data: 8.9444  max mem: 7088
2020-07-13 03:09:12,966	INFO	kdkit.misc.log	Validation: Total time: 0:00:29
2020-07-13 03:09:12,966	INFO	__main__	 * Acc@1 44.8091	Acc@5 71.2406

2020-07-13 03:09:21,281	INFO	kdkit.misc.log	Epoch: [21]  [   0/1669]  eta: 3:50:05  lr: 0.30000000000000004  img/s: 262.08980320719814  loss: 7.2976 (7.2976)  time: 8.2718  data: 7.2950  max mem: 7088
2020-07-13 03:17:55,708	INFO	kdkit.misc.log	Epoch: [21]  [1000/1669]  eta: 0:05:49  lr: 0.30000000000000004  img/s: 499.9575464713787  loss: 7.3389 (7.2877)  time: 0.5130  data: 0.0002  max mem: 7088
2020-07-13 03:23:42,539	INFO	kdkit.misc.log	Epoch: [21] Total time: 0:14:29
2020-07-13 03:23:51,982	INFO	kdkit.misc.log	Validation:  [ 0/66]  eta: 0:10:22  acc1: 40.2344 (40.2344)  acc5: 69.1406 (69.1406)  time: 9.4379  data: 9.3388  max mem: 7088
2020-07-13 03:24:11,698	INFO	kdkit.misc.log	Validation: Total time: 0:00:29
2020-07-13 03:24:11,699	INFO	__main__	 * Acc@1 43.8851	Acc@5 70.5626

2020-07-13 03:24:20,888	INFO	kdkit.misc.log	Epoch: [22]  [   0/1669]  eta: 4:14:23  lr: 0.30000000000000004  img/s: 561.9307769278755  loss: 7.0636 (7.0636)  time: 9.1454  data: 8.6898  max mem: 7088
2020-07-13 03:32:55,384	INFO	kdkit.misc.log	Epoch: [22]  [1000/1669]  eta: 0:05:49  lr: 0.30000000000000004  img/s: 482.42730242570116  loss: 7.2491 (7.2880)  time: 0.5333  data: 0.0002  max mem: 7088
2020-07-13 03:38:43,187	INFO	kdkit.misc.log	Epoch: [22] Total time: 0:14:31
2020-07-13 03:38:51,872	INFO	kdkit.misc.log	Validation:  [ 0/66]  eta: 0:09:32  acc1: 40.2344 (40.2344)  acc5: 68.3594 (68.3594)  time: 8.6789  data: 8.5601  max mem: 7088
2020-07-13 03:39:12,048	INFO	kdkit.misc.log	Validation: Total time: 0:00:28
2020-07-13 03:39:12,256	INFO	__main__	 * Acc@1 45.8971	Acc@5 71.8706

2020-07-13 03:39:20,657	INFO	kdkit.misc.log	Epoch: [23]  [   0/1669]  eta: 3:52:34  lr: 0.30000000000000004  img/s: 169.855920585761  loss: 7.5443 (7.5443)  time: 8.3612  data: 6.8540  max mem: 7088
2020-07-13 03:47:57,060	INFO	kdkit.misc.log	Epoch: [23]  [1000/1669]  eta: 0:05:50  lr: 0.30000000000000004  img/s: 507.2378246642048  loss: 7.3143 (7.2756)  time: 0.5065  data: 0.0002  max mem: 7088
2020-07-13 03:53:44,175	INFO	kdkit.misc.log	Epoch: [23] Total time: 0:14:31
2020-07-13 03:53:52,190	INFO	kdkit.misc.log	Validation:  [ 0/66]  eta: 0:08:48  acc1: 42.5781 (42.5781)  acc5: 69.1406 (69.1406)  time: 8.0083  data: 7.8806  max mem: 7088
2020-07-13 03:54:13,029	INFO	kdkit.misc.log	Validation: Total time: 0:00:28
2020-07-13 03:54:13,094	INFO	__main__	 * Acc@1 45.4631	Acc@5 72.1626

2020-07-13 03:54:21,173	INFO	kdkit.misc.log	Epoch: [24]  [   0/1669]  eta: 3:43:36  lr: 0.30000000000000004  img/s: 314.5275866594177  loss: 7.4051 (7.4051)  time: 8.0384  data: 7.2245  max mem: 7088
2020-07-13 04:02:56,405	INFO	kdkit.misc.log	Epoch: [24]  [1000/1669]  eta: 0:05:49  lr: 0.30000000000000004  img/s: 493.1456589991788  loss: 7.3281 (7.2792)  time: 0.5203  data: 0.0002  max mem: 7088
2020-07-13 04:08:42,585	INFO	kdkit.misc.log	Epoch: [24] Total time: 0:14:29
2020-07-13 04:08:51,510	INFO	kdkit.misc.log	Validation:  [ 0/66]  eta: 0:09:48  acc1: 41.7969 (41.7969)  acc5: 70.7031 (70.7031)  time: 8.9193  data: 8.8027  max mem: 7088
2020-07-13 04:09:11,697	INFO	kdkit.misc.log	Validation: Total time: 0:00:29
2020-07-13 04:09:11,701	INFO	__main__	 * Acc@1 46.2791	Acc@5 72.4926

2020-07-13 04:09:20,512	INFO	kdkit.misc.log	Epoch: [25]  [   0/1669]  eta: 4:03:59  lr: 0.30000000000000004  img/s: 546.9573525381561  loss: 7.0315 (7.0315)  time: 8.7712  data: 8.3031  max mem: 7088
2020-07-13 04:17:55,536	INFO	kdkit.misc.log	Epoch: [25]  [1000/1669]  eta: 0:05:50  lr: 0.30000000000000004  img/s: 505.0932243374232  loss: 7.3447 (7.2795)  time: 0.5167  data: 0.0002  max mem: 7088
2020-07-13 04:23:41,179	INFO	kdkit.misc.log	Epoch: [25] Total time: 0:14:29
2020-07-13 04:23:49,333	INFO	kdkit.misc.log	Validation:  [ 0/66]  eta: 0:08:57  acc1: 41.4062 (41.4062)  acc5: 68.7500 (68.7500)  time: 8.1485  data: 8.0360  max mem: 7088
2020-07-13 04:24:09,932	INFO	kdkit.misc.log	Validation: Total time: 0:00:28
2020-07-13 04:24:10,112	INFO	__main__	 * Acc@1 47.5610	Acc@5 73.9345

2020-07-13 04:24:18,907	INFO	kdkit.misc.log	Epoch: [26]  [   0/1669]  eta: 4:02:03  lr: 0.30000000000000004  img/s: 88.8332744554179  loss: 7.2701 (7.2701)  time: 8.7017  data: 5.8199  max mem: 7088
2020-07-13 04:32:54,476	INFO	kdkit.misc.log	Epoch: [26]  [1000/1669]  eta: 0:05:50  lr: 0.30000000000000004  img/s: 499.4580107860494  loss: 7.2581 (7.2825)  time: 0.5171  data: 0.0002  max mem: 7088
2020-07-13 04:38:39,758	INFO	kdkit.misc.log	Epoch: [26] Total time: 0:14:29
2020-07-13 04:38:49,241	INFO	kdkit.misc.log	Validation:  [ 0/66]  eta: 0:10:25  acc1: 45.3125 (45.3125)  acc5: 71.0938 (71.0938)  time: 9.4766  data: 9.3499  max mem: 7088
2020-07-13 04:39:08,797	INFO	kdkit.misc.log	Validation: Total time: 0:00:29
2020-07-13 04:39:08,908	INFO	__main__	 * Acc@1 47.4051	Acc@5 73.6565

2020-07-13 04:39:17,631	INFO	kdkit.misc.log	Epoch: [27]  [   0/1669]  eta: 4:01:29  lr: 0.30000000000000004  img/s: 73.6587521635601  loss: 7.0419 (7.0419)  time: 8.6818  data: 5.2063  max mem: 7088
2020-07-13 04:47:52,404	INFO	kdkit.misc.log	Epoch: [27]  [1000/1669]  eta: 0:05:49  lr: 0.30000000000000004  img/s: 499.9989867230923  loss: 7.2532 (7.2736)  time: 0.5118  data: 0.0002  max mem: 7088
2020-07-13 04:53:40,314	INFO	kdkit.misc.log	Epoch: [27] Total time: 0:14:31
2020-07-13 04:53:49,292	INFO	kdkit.misc.log	Validation:  [ 0/66]  eta: 0:09:52  acc1: 38.2812 (38.2812)  acc5: 64.0625 (64.0625)  time: 8.9709  data: 8.8310  max mem: 7088
2020-07-13 04:54:09,383	INFO	kdkit.misc.log	Validation: Total time: 0:00:29
2020-07-13 04:54:09,384	INFO	__main__	 * Acc@1 42.2932	Acc@5 67.9346

2020-07-13 04:54:16,989	INFO	kdkit.misc.log	Epoch: [28]  [   0/1669]  eta: 3:30:23  lr: 0.30000000000000004  img/s: 514.6681289184577  loss: 7.3924 (7.3924)  time: 7.5637  data: 7.0663  max mem: 7088
2020-07-13 05:02:51,298	INFO	kdkit.misc.log	Epoch: [28]  [1000/1669]  eta: 0:05:48  lr: 0.30000000000000004  img/s: 499.0526985071297  loss: 7.3795 (7.2777)  time: 0.5151  data: 0.0002  max mem: 7088
2020-07-13 05:08:36,831	INFO	kdkit.misc.log	Epoch: [28] Total time: 0:14:27
2020-07-13 05:08:45,784	INFO	kdkit.misc.log	Validation:  [ 0/66]  eta: 0:09:50  acc1: 43.3594 (43.3594)  acc5: 71.4844 (71.4844)  time: 8.9458  data: 8.8277  max mem: 7088
2020-07-13 05:09:05,826	INFO	kdkit.misc.log	Validation: Total time: 0:00:28
2020-07-13 05:09:05,828	INFO	__main__	 * Acc@1 46.9851	Acc@5 73.3805

2020-07-13 05:09:13,840	INFO	kdkit.misc.log	Epoch: [29]  [   0/1669]  eta: 3:39:23  lr: 0.30000000000000004  img/s: 108.7057517650962  loss: 7.3483 (7.3483)  time: 7.8870  data: 5.5320  max mem: 7088
2020-07-13 05:17:50,435	INFO	kdkit.misc.log	Epoch: [29]  [1000/1669]  eta: 0:05:50  lr: 0.30000000000000004  img/s: 502.5577748093425  loss: 7.2632 (7.2699)  time: 0.5127  data: 0.0002  max mem: 7088
2020-07-13 05:23:36,898	INFO	kdkit.misc.log	Epoch: [29] Total time: 0:14:31
2020-07-13 05:23:46,311	INFO	kdkit.misc.log	Validation:  [ 0/66]  eta: 0:10:20  acc1: 42.5781 (42.5781)  acc5: 70.3125 (70.3125)  time: 9.4054  data: 9.3062  max mem: 7088
2020-07-13 05:24:06,012	INFO	kdkit.misc.log	Validation: Total time: 0:00:29
2020-07-13 05:24:06,016	INFO	__main__	 * Acc@1 47.6670	Acc@5 73.5545

2020-07-13 05:24:13,877	INFO	kdkit.misc.log	Epoch: [30]  [   0/1669]  eta: 3:37:12  lr: 0.30000000000000004  img/s: 537.5910151648133  loss: 7.3660 (7.3660)  time: 7.8083  data: 7.3321  max mem: 7088
2020-07-13 05:32:48,995	INFO	kdkit.misc.log	Epoch: [30]  [1000/1669]  eta: 0:05:49  lr: 0.30000000000000004  img/s: 493.42009198937006  loss: 7.2095 (7.2634)  time: 0.5226  data: 0.0002  max mem: 7088
2020-07-13 05:38:35,911	INFO	kdkit.misc.log	Epoch: [30] Total time: 0:14:29
2020-07-13 05:38:44,593	INFO	kdkit.misc.log	Validation:  [ 0/66]  eta: 0:09:32  acc1: 39.0625 (39.0625)  acc5: 67.5781 (67.5781)  time: 8.6729  data: 8.5415  max mem: 7088
2020-07-13 05:39:04,827	INFO	kdkit.misc.log	Validation: Total time: 0:00:28
2020-07-13 05:39:04,829	INFO	__main__	 * Acc@1 47.5310	Acc@5 73.8105

2020-07-13 05:39:12,864	INFO	kdkit.misc.log	Epoch: [31]  [   0/1669]  eta: 3:41:59  lr: 0.030000000000000006  img/s: 521.392084491654  loss: 7.2177 (7.2177)  time: 7.9803  data: 7.4892  max mem: 7088
2020-07-13 05:47:44,984	INFO	kdkit.misc.log	Epoch: [31]  [1000/1669]  eta: 0:05:47  lr: 0.030000000000000006  img/s: 485.4918002693002  loss: 6.8137 (6.8973)  time: 0.5191  data: 0.0002  max mem: 7088
2020-07-13 05:53:30,505	INFO	kdkit.misc.log	Epoch: [31] Total time: 0:14:25
2020-07-13 05:53:39,786	INFO	kdkit.misc.log	Validation:  [ 0/66]  eta: 0:10:12  acc1: 60.1562 (60.1562)  acc5: 82.8125 (82.8125)  time: 9.2763  data: 9.1773  max mem: 7088
2020-07-13 05:53:59,370	INFO	kdkit.misc.log	Validation: Total time: 0:00:28
2020-07-13 05:53:59,464	INFO	__main__	 * Acc@1 63.2887	Acc@5 85.1723

2020-07-13 05:53:59,464	INFO	__main__	Updating ckpt (Best top1 accuracy: 48.2010 -> 63.2887)
2020-07-13 05:54:06,692	INFO	kdkit.misc.log	Epoch: [32]  [   0/1669]  eta: 3:17:15  lr: 0.030000000000000006  img/s: 161.95327987489495  loss: 6.7783 (6.7783)  time: 7.0913  data: 5.5106  max mem: 7088
2020-07-13 06:02:42,404	INFO	kdkit.misc.log	Epoch: [32]  [1000/1669]  eta: 0:05:49  lr: 0.030000000000000006  img/s: 478.628521707501  loss: 6.7943 (6.7858)  time: 0.5191  data: 0.0002  max mem: 7088
2020-07-13 06:08:29,493	INFO	kdkit.misc.log	Epoch: [32] Total time: 0:14:29
2020-07-13 06:08:38,738	INFO	kdkit.misc.log	Validation:  [ 0/66]  eta: 0:10:09  acc1: 60.9375 (60.9375)  acc5: 84.7656 (84.7656)  time: 9.2385  data: 9.1395  max mem: 7088
2020-07-13 06:08:58,434	INFO	kdkit.misc.log	Validation: Total time: 0:00:28
2020-07-13 06:08:58,438	INFO	__main__	 * Acc@1 64.3547	Acc@5 86.1083

2020-07-13 06:08:58,438	INFO	__main__	Updating ckpt (Best top1 accuracy: 63.2887 -> 64.3547)
2020-07-13 06:09:06,464	INFO	kdkit.misc.log	Epoch: [33]  [   0/1669]  eta: 3:39:21  lr: 0.030000000000000006  img/s: 522.397370454196  loss: 6.7745 (6.7745)  time: 7.8857  data: 7.3956  max mem: 7088
2020-07-13 06:17:41,460	INFO	kdkit.misc.log	Epoch: [33]  [1000/1669]  eta: 0:05:49  lr: 0.030000000000000006  img/s: 497.4813348678346  loss: 6.7664 (6.7534)  time: 0.5154  data: 0.0002  max mem: 7088
2020-07-13 06:23:28,155	INFO	kdkit.misc.log	Epoch: [33] Total time: 0:14:29
2020-07-13 06:23:37,074	INFO	kdkit.misc.log	Validation:  [ 0/66]  eta: 0:09:48  acc1: 60.5469 (60.5469)  acc5: 84.7656 (84.7656)  time: 8.9094  data: 8.8022  max mem: 7088
2020-07-13 06:23:57,236	INFO	kdkit.misc.log	Validation: Total time: 0:00:29
2020-07-13 06:23:57,239	INFO	__main__	 * Acc@1 64.6487	Acc@5 86.3683

2020-07-13 06:23:57,239	INFO	__main__	Updating ckpt (Best top1 accuracy: 64.3547 -> 64.6487)
2020-07-13 06:24:05,541	INFO	kdkit.misc.log	Epoch: [34]  [   0/1669]  eta: 3:46:50  lr: 0.030000000000000006  img/s: 470.6198703687146  loss: 6.6969 (6.6969)  time: 8.1551  data: 7.6111  max mem: 7088
2020-07-13 06:32:40,585	INFO	kdkit.misc.log	Epoch: [34]  [1000/1669]  eta: 0:05:49  lr: 0.030000000000000006  img/s: 485.7465711346493  loss: 6.6977 (6.7283)  time: 0.5536  data: 0.0002  max mem: 7088
2020-07-13 06:38:27,645	INFO	kdkit.misc.log	Epoch: [34] Total time: 0:14:30
2020-07-13 06:38:36,188	INFO	kdkit.misc.log	Validation:  [ 0/66]  eta: 0:09:23  acc1: 62.5000 (62.5000)  acc5: 85.1562 (85.1562)  time: 8.5371  data: 8.4145  max mem: 7088
2020-07-13 06:38:56,697	INFO	kdkit.misc.log	Validation: Total time: 0:00:29
2020-07-13 06:38:56,698	INFO	__main__	 * Acc@1 65.1407	Acc@5 86.6083

2020-07-13 06:38:56,698	INFO	__main__	Updating ckpt (Best top1 accuracy: 64.6487 -> 65.1407)
2020-07-13 06:39:04,145	INFO	kdkit.misc.log	Epoch: [35]  [   0/1669]  eta: 3:22:19  lr: 0.030000000000000006  img/s: 259.8639098979922  loss: 6.6880 (6.6880)  time: 7.2736  data: 6.2884  max mem: 7088
2020-07-13 06:47:40,009	INFO	kdkit.misc.log	Epoch: [35]  [1000/1669]  eta: 0:05:49  lr: 0.030000000000000006  img/s: 499.1506002869179  loss: 6.7310 (6.7117)  time: 0.5130  data: 0.0002  max mem: 7088
2020-07-13 06:53:25,949	INFO	kdkit.misc.log	Epoch: [35] Total time: 0:14:29
2020-07-13 06:53:35,444	INFO	kdkit.misc.log	Validation:  [ 0/66]  eta: 0:10:26  acc1: 58.9844 (58.9844)  acc5: 83.2031 (83.2031)  time: 9.4881  data: 9.3558  max mem: 7088
2020-07-13 06:53:54,922	INFO	kdkit.misc.log	Validation: Total time: 0:00:28
2020-07-13 06:53:54,966	INFO	__main__	 * Acc@1 65.3967	Acc@5 86.8023

2020-07-13 06:53:54,967	INFO	__main__	Updating ckpt (Best top1 accuracy: 65.1407 -> 65.3967)
2020-07-13 06:54:03,280	INFO	kdkit.misc.log	Epoch: [36]  [   0/1669]  eta: 3:46:45  lr: 0.030000000000000006  img/s: 519.738008421393  loss: 6.6465 (6.6465)  time: 8.1521  data: 7.6595  max mem: 7088
2020-07-13 07:02:38,237	INFO	kdkit.misc.log	Epoch: [36]  [1000/1669]  eta: 0:05:49  lr: 0.030000000000000006  img/s: 507.6791093715795  loss: 6.6500 (6.6956)  time: 0.5128  data: 0.0002  max mem: 7088
2020-07-13 07:08:23,467	INFO	kdkit.misc.log	Epoch: [36] Total time: 0:14:28
2020-07-13 07:08:31,904	INFO	kdkit.misc.log	Validation:  [ 0/66]  eta: 0:09:16  acc1: 61.7188 (61.7188)  acc5: 84.3750 (84.3750)  time: 8.4318  data: 8.3161  max mem: 7088
2020-07-13 07:08:52,438	INFO	kdkit.misc.log	Validation: Total time: 0:00:28
2020-07-13 07:08:52,449	INFO	__main__	 * Acc@1 64.9787	Acc@5 86.4523

2020-07-13 07:09:01,152	INFO	kdkit.misc.log	Epoch: [37]  [   0/1669]  eta: 4:00:59  lr: 0.030000000000000006  img/s: 87.06055260581212  loss: 6.7854 (6.7854)  time: 8.6637  data: 5.7232  max mem: 7088
2020-07-13 07:17:31,306	INFO	kdkit.misc.log	Epoch: [37]  [1000/1669]  eta: 0:05:46  lr: 0.030000000000000006  img/s: 503.16325106619877  loss: 6.7091 (6.6971)  time: 0.5114  data: 0.0002  max mem: 7088
2020-07-13 07:23:11,808	INFO	kdkit.misc.log	Epoch: [37] Total time: 0:14:19
2020-07-13 07:23:20,746	INFO	kdkit.misc.log	Validation:  [ 0/66]  eta: 0:09:49  acc1: 60.9375 (60.9375)  acc5: 86.3281 (86.3281)  time: 8.9290  data: 8.8197  max mem: 7088
2020-07-13 07:23:40,698	INFO	kdkit.misc.log	Validation: Total time: 0:00:28
2020-07-13 07:23:40,717	INFO	__main__	 * Acc@1 64.7507	Acc@5 86.3283

2020-07-13 07:23:48,086	INFO	kdkit.misc.log	Epoch: [38]  [   0/1669]  eta: 3:23:51  lr: 0.030000000000000006  img/s: 508.4642836340734  loss: 6.6681 (6.6681)  time: 7.3285  data: 6.8250  max mem: 7088
2020-07-13 07:32:16,612	INFO	kdkit.misc.log	Epoch: [38]  [1000/1669]  eta: 0:05:44  lr: 0.030000000000000006  img/s: 503.06211921597145  loss: 6.6349 (6.6883)  time: 0.5102  data: 0.0002  max mem: 7088
2020-07-13 07:37:56,601	INFO	kdkit.misc.log	Epoch: [38] Total time: 0:14:15
2020-07-13 07:38:05,608	INFO	kdkit.misc.log	Validation:  [ 0/66]  eta: 0:09:53  acc1: 60.1562 (60.1562)  acc5: 83.9844 (83.9844)  time: 8.9998  data: 8.8900  max mem: 7088
2020-07-13 07:38:25,388	INFO	kdkit.misc.log	Validation: Total time: 0:00:28
2020-07-13 07:38:25,530	INFO	__main__	 * Acc@1 64.9687	Acc@5 86.4883

2020-07-13 07:38:32,892	INFO	kdkit.misc.log	Epoch: [39]  [   0/1669]  eta: 3:23:42  lr: 0.030000000000000006  img/s: 122.78262878151935  loss: 6.6346 (6.6346)  time: 7.3235  data: 5.2385  max mem: 7088
2020-07-13 07:47:01,653	INFO	kdkit.misc.log	Epoch: [39]  [1000/1669]  eta: 0:05:44  lr: 0.030000000000000006  img/s: 506.7796059478326  loss: 6.6526 (6.6836)  time: 0.5065  data: 0.0002  max mem: 7088
2020-07-13 07:52:39,966	INFO	kdkit.misc.log	Epoch: [39] Total time: 0:14:14
2020-07-13 07:52:48,667	INFO	kdkit.misc.log	Validation:  [ 0/66]  eta: 0:09:33  acc1: 58.2031 (58.2031)  acc5: 83.9844 (83.9844)  time: 8.6920  data: 8.5718  max mem: 7088
2020-07-13 07:53:08,796	INFO	kdkit.misc.log	Validation: Total time: 0:00:28
2020-07-13 07:53:08,797	INFO	__main__	 * Acc@1 65.1867	Acc@5 86.5823

2020-07-13 07:53:16,320	INFO	kdkit.misc.log	Epoch: [40]  [   0/1669]  eta: 3:27:59  lr: 0.030000000000000006  img/s: 535.0871988227244  loss: 6.8766 (6.8766)  time: 7.4773  data: 6.9988  max mem: 7088
2020-07-13 08:01:40,882	INFO	kdkit.misc.log	Epoch: [40]  [1000/1669]  eta: 0:05:42  lr: 0.030000000000000006  img/s: 509.8767615515567  loss: 6.6923 (6.6740)  time: 0.5027  data: 0.0002  max mem: 7088
2020-07-13 08:07:18,917	INFO	kdkit.misc.log	Epoch: [40] Total time: 0:14:10
2020-07-13 08:07:26,548	INFO	kdkit.misc.log	Validation:  [ 0/66]  eta: 0:08:23  acc1: 60.5469 (60.5469)  acc5: 84.3750 (84.3750)  time: 7.6261  data: 7.5121  max mem: 7088
2020-07-13 08:07:47,560	INFO	kdkit.misc.log	Validation: Total time: 0:00:28
2020-07-13 08:07:47,585	INFO	__main__	 * Acc@1 64.9107	Acc@5 86.4703

2020-07-13 08:07:55,319	INFO	kdkit.misc.log	Epoch: [41]  [   0/1669]  eta: 3:34:00  lr: 0.030000000000000006  img/s: 104.86935683805177  loss: 6.5224 (6.5224)  time: 7.6933  data: 5.2521  max mem: 7088
2020-07-13 08:16:20,221	INFO	kdkit.misc.log	Epoch: [41]  [1000/1669]  eta: 0:05:42  lr: 0.030000000000000006  img/s: 506.35253817184474  loss: 6.6520 (6.6817)  time: 0.5035  data: 0.0002  max mem: 7088
2020-07-13 08:21:57,928	INFO	kdkit.misc.log	Epoch: [41] Total time: 0:14:10
2020-07-13 08:22:05,485	INFO	kdkit.misc.log	Validation:  [ 0/66]  eta: 0:08:18  acc1: 59.7656 (59.7656)  acc5: 83.9844 (83.9844)  time: 7.5498  data: 7.4293  max mem: 7088
2020-07-13 08:22:26,509	INFO	kdkit.misc.log	Validation: Total time: 0:00:28
2020-07-13 08:22:26,714	INFO	__main__	 * Acc@1 65.1847	Acc@5 86.5703

2020-07-13 08:22:34,708	INFO	kdkit.misc.log	Epoch: [42]  [   0/1669]  eta: 3:41:16  lr: 0.030000000000000006  img/s: 308.92840056874905  loss: 6.7568 (6.7568)  time: 7.9549  data: 7.1262  max mem: 7088
2020-07-13 08:30:57,085	INFO	kdkit.misc.log	Epoch: [42]  [1000/1669]  eta: 0:05:41  lr: 0.030000000000000006  img/s: 498.06724040120287  loss: 6.7198 (6.6759)  time: 0.5040  data: 0.0002  max mem: 7088
2020-07-13 08:36:33,318	INFO	kdkit.misc.log	Epoch: [42] Total time: 0:14:06
2020-07-13 08:36:42,195	INFO	kdkit.misc.log	Validation:  [ 0/66]  eta: 0:09:45  acc1: 57.4219 (57.4219)  acc5: 82.4219 (82.4219)  time: 8.8720  data: 8.7727  max mem: 7088
2020-07-13 08:37:02,087	INFO	kdkit.misc.log	Validation: Total time: 0:00:28
2020-07-13 08:37:02,088	INFO	__main__	 * Acc@1 64.4927	Acc@5 86.3343

2020-07-13 08:37:10,257	INFO	kdkit.misc.log	Epoch: [43]  [   0/1669]  eta: 3:46:05  lr: 0.030000000000000006  img/s: 83.09443027432322  loss: 6.3423 (6.3423)  time: 8.1281  data: 5.0473  max mem: 7088
2020-07-13 08:45:33,388	INFO	kdkit.misc.log	Epoch: [43]  [1000/1669]  eta: 0:05:41  lr: 0.030000000000000006  img/s: 513.5611421017162  loss: 6.6661 (6.6774)  time: 0.5027  data: 0.0002  max mem: 7088
2020-07-13 08:51:09,487	INFO	kdkit.misc.log	Epoch: [43] Total time: 0:14:07
2020-07-13 08:51:17,962	INFO	kdkit.misc.log	Validation:  [ 0/66]  eta: 0:09:18  acc1: 58.9844 (58.9844)  acc5: 82.8125 (82.8125)  time: 8.4683  data: 8.3656  max mem: 7088
2020-07-13 08:51:38,027	INFO	kdkit.misc.log	Validation: Total time: 0:00:28
2020-07-13 08:51:38,062	INFO	__main__	 * Acc@1 64.5867	Acc@5 86.5163

2020-07-13 08:51:44,953	INFO	kdkit.misc.log	Epoch: [44]  [   0/1669]  eta: 3:10:22  lr: 0.030000000000000006  img/s: 530.0353116039003  loss: 6.8392 (6.8392)  time: 6.8438  data: 6.3608  max mem: 7088
2020-07-13 09:00:10,326	INFO	kdkit.misc.log	Epoch: [44]  [1000/1669]  eta: 0:05:42  lr: 0.030000000000000006  img/s: 498.97732639058313  loss: 6.6687 (6.6790)  time: 0.5033  data: 0.0002  max mem: 7088
2020-07-13 09:05:46,062	INFO	kdkit.misc.log	Epoch: [44] Total time: 0:14:07
2020-07-13 09:05:54,340	INFO	kdkit.misc.log	Validation:  [ 0/66]  eta: 0:09:05  acc1: 59.7656 (59.7656)  acc5: 83.9844 (83.9844)  time: 8.2719  data: 8.1522  max mem: 7088
2020-07-13 09:06:14,706	INFO	kdkit.misc.log	Validation: Total time: 0:00:28
2020-07-13 09:06:14,715	INFO	__main__	 * Acc@1 64.3827	Acc@5 85.9443

2020-07-13 09:06:21,685	INFO	kdkit.misc.log	Epoch: [45]  [   0/1669]  eta: 3:12:45  lr: 0.030000000000000006  img/s: 219.82810877187882  loss: 6.6875 (6.6875)  time: 6.9296  data: 5.7650  max mem: 7088
2020-07-13 09:14:45,577	INFO	kdkit.misc.log	Epoch: [45]  [1000/1669]  eta: 0:05:41  lr: 0.030000000000000006  img/s: 505.32926964716336  loss: 6.6851 (6.6704)  time: 0.5070  data: 0.0003  max mem: 7088
2020-07-13 09:20:21,838	INFO	kdkit.misc.log	Epoch: [45] Total time: 0:14:07
2020-07-13 09:20:31,208	INFO	kdkit.misc.log	Validation:  [ 0/66]  eta: 0:10:17  acc1: 59.7656 (59.7656)  acc5: 82.4219 (82.4219)  time: 9.3560  data: 9.2402  max mem: 7088
2020-07-13 09:20:50,530	INFO	kdkit.misc.log	Validation: Total time: 0:00:28
2020-07-13 09:20:50,531	INFO	__main__	 * Acc@1 65.0687	Acc@5 86.6503

2020-07-13 09:20:58,693	INFO	kdkit.misc.log	Epoch: [46]  [   0/1669]  eta: 3:45:27  lr: 0.030000000000000006  img/s: 129.38307079365356  loss: 6.5378 (6.5378)  time: 8.1054  data: 6.1268  max mem: 7088
2020-07-13 09:29:21,815	INFO	kdkit.misc.log	Epoch: [46]  [1000/1669]  eta: 0:05:41  lr: 0.030000000000000006  img/s: 511.54337635015133  loss: 6.6118 (6.6727)  time: 0.5024  data: 0.0002  max mem: 7088
2020-07-13 09:34:57,607	INFO	kdkit.misc.log	Epoch: [46] Total time: 0:14:07
2020-07-13 09:35:06,957	INFO	kdkit.misc.log	Validation:  [ 0/66]  eta: 0:10:16  acc1: 57.0312 (57.0312)  acc5: 83.5938 (83.5938)  time: 9.3446  data: 9.2057  max mem: 7088
2020-07-13 09:35:26,182	INFO	kdkit.misc.log	Validation: Total time: 0:00:28
2020-07-13 09:35:26,418	INFO	__main__	 * Acc@1 63.8047	Acc@5 85.8223

2020-07-13 09:35:34,274	INFO	kdkit.misc.log	Epoch: [47]  [   0/1669]  eta: 3:37:22  lr: 0.030000000000000006  img/s: 198.52571674107315  loss: 6.6341 (6.6341)  time: 7.8146  data: 6.5251  max mem: 7088
2020-07-13 09:43:56,683	INFO	kdkit.misc.log	Epoch: [47]  [1000/1669]  eta: 0:05:40  lr: 0.030000000000000006  img/s: 513.9273943694667  loss: 6.6713 (6.6674)  time: 0.5020  data: 0.0002  max mem: 7088
2020-07-13 09:49:32,367	INFO	kdkit.misc.log	Epoch: [47] Total time: 0:14:05
2020-07-13 09:49:41,036	INFO	kdkit.misc.log	Validation:  [ 0/66]  eta: 0:09:31  acc1: 61.3281 (61.3281)  acc5: 83.9844 (83.9844)  time: 8.6647  data: 8.5519  max mem: 7088
2020-07-13 09:50:00,793	INFO	kdkit.misc.log	Validation: Total time: 0:00:28
2020-07-13 09:50:01,000	INFO	__main__	 * Acc@1 64.5887	Acc@5 86.2463

2020-07-13 09:50:08,328	INFO	kdkit.misc.log	Epoch: [48]  [   0/1669]  eta: 3:22:42  lr: 0.030000000000000006  img/s: 107.23441306600976  loss: 6.8846 (6.8846)  time: 7.2874  data: 4.9001  max mem: 7088
2020-07-13 09:58:31,410	INFO	kdkit.misc.log	Epoch: [48]  [1000/1669]  eta: 0:05:41  lr: 0.030000000000000006  img/s: 509.2977845911286  loss: 6.6550 (6.6732)  time: 0.5044  data: 0.0002  max mem: 7088
2020-07-13 10:04:06,939	INFO	kdkit.misc.log	Epoch: [48] Total time: 0:14:05
2020-07-13 10:04:15,699	INFO	kdkit.misc.log	Validation:  [ 0/66]  eta: 0:09:37  acc1: 59.7656 (59.7656)  acc5: 82.0312 (82.0312)  time: 8.7529  data: 8.6539  max mem: 7088
2020-07-13 10:04:35,667	INFO	kdkit.misc.log	Validation: Total time: 0:00:28
2020-07-13 10:04:35,688	INFO	__main__	 * Acc@1 64.3687	Acc@5 86.0343

2020-07-13 10:04:43,214	INFO	kdkit.misc.log	Epoch: [49]  [   0/1669]  eta: 3:28:09  lr: 0.030000000000000006  img/s: 94.98149131674585  loss: 6.7891 (6.7891)  time: 7.4830  data: 4.7878  max mem: 7088
2020-07-13 10:13:06,210	INFO	kdkit.misc.log	Epoch: [49]  [1000/1669]  eta: 0:05:41  lr: 0.030000000000000006  img/s: 510.750614808099  loss: 6.7163 (6.6670)  time: 0.5024  data: 0.0002  max mem: 7088
2020-07-13 10:18:41,730	INFO	kdkit.misc.log	Epoch: [49] Total time: 0:14:05
2020-07-13 10:18:49,977	INFO	kdkit.misc.log	Validation:  [ 0/66]  eta: 0:09:03  acc1: 60.1562 (60.1562)  acc5: 82.4219 (82.4219)  time: 8.2402  data: 8.1343  max mem: 7088
2020-07-13 10:19:10,432	INFO	kdkit.misc.log	Validation: Total time: 0:00:28
2020-07-13 10:19:10,443	INFO	__main__	 * Acc@1 64.4227	Acc@5 86.0523

2020-07-13 10:19:18,700	INFO	kdkit.misc.log	Epoch: [50]  [   0/1669]  eta: 3:46:22  lr: 0.030000000000000006  img/s: 117.2882278971041  loss: 6.8176 (6.8176)  time: 8.1382  data: 5.9555  max mem: 7088
2020-07-13 10:27:40,897	INFO	kdkit.misc.log	Epoch: [50]  [1000/1669]  eta: 0:05:41  lr: 0.030000000000000006  img/s: 514.5874733478801  loss: 6.6649 (6.6675)  time: 0.4980  data: 0.0002  max mem: 7088
2020-07-13 10:33:16,514	INFO	kdkit.misc.log	Epoch: [50] Total time: 0:14:06
2020-07-13 10:33:25,990	INFO	kdkit.misc.log	Validation:  [ 0/66]  eta: 0:10:25  acc1: 59.3750 (59.3750)  acc5: 85.1562 (85.1562)  time: 9.4708  data: 9.3668  max mem: 7088
2020-07-13 10:33:45,473	INFO	kdkit.misc.log	Validation: Total time: 0:00:28
2020-07-13 10:33:45,533	INFO	__main__	 * Acc@1 63.7487	Acc@5 85.7383

2020-07-13 10:33:52,889	INFO	kdkit.misc.log	Epoch: [51]  [   0/1669]  eta: 3:23:28  lr: 0.030000000000000006  img/s: 158.82972392040452  loss: 6.5024 (6.5024)  time: 7.3148  data: 5.7030  max mem: 7088
2020-07-13 10:42:15,356	INFO	kdkit.misc.log	Epoch: [51]  [1000/1669]  eta: 0:05:40  lr: 0.030000000000000006  img/s: 514.7729942877141  loss: 6.6608 (6.6682)  time: 0.4976  data: 0.0002  max mem: 7088
2020-07-13 10:47:49,753	INFO	kdkit.misc.log	Epoch: [51] Total time: 0:14:04
2020-07-13 10:47:58,500	INFO	kdkit.misc.log	Validation:  [ 0/66]  eta: 0:09:36  acc1: 57.0312 (57.0312)  acc5: 85.1562 (85.1562)  time: 8.7422  data: 8.6044  max mem: 7088
2020-07-13 10:48:18,578	INFO	kdkit.misc.log	Validation: Total time: 0:00:28
2020-07-13 10:48:18,579	INFO	__main__	 * Acc@1 64.4447	Acc@5 85.9183

2020-07-13 10:48:26,113	INFO	kdkit.misc.log	Epoch: [52]  [   0/1669]  eta: 3:28:24  lr: 0.030000000000000006  img/s: 172.93460936290808  loss: 6.6006 (6.6006)  time: 7.4924  data: 6.0120  max mem: 7088
2020-07-13 10:56:47,187	INFO	kdkit.misc.log	Epoch: [52]  [1000/1669]  eta: 0:05:39  lr: 0.030000000000000006  img/s: 514.7831129717223  loss: 6.6178 (6.6676)  time: 0.4977  data: 0.0002  max mem: 7088
2020-07-13 11:02:21,253	INFO	kdkit.misc.log	Epoch: [52] Total time: 0:14:02
2020-07-13 11:02:30,638	INFO	kdkit.misc.log	Validation:  [ 0/66]  eta: 0:10:18  acc1: 61.3281 (61.3281)  acc5: 83.2031 (83.2031)  time: 9.3727  data: 9.2615  max mem: 7088
2020-07-13 11:02:50,090	INFO	kdkit.misc.log	Validation: Total time: 0:00:28
2020-07-13 11:02:50,091	INFO	__main__	 * Acc@1 64.5727	Acc@5 86.3443

2020-07-13 11:02:58,101	INFO	kdkit.misc.log	Epoch: [53]  [   0/1669]  eta: 3:41:38  lr: 0.030000000000000006  img/s: 164.48094763805858  loss: 6.4364 (6.4364)  time: 7.9680  data: 6.4116  max mem: 7088
2020-07-13 11:11:17,474	INFO	kdkit.misc.log	Epoch: [53]  [1000/1669]  eta: 0:05:39  lr: 0.030000000000000006  img/s: 519.6464509147542  loss: 6.6538 (6.6628)  time: 0.4980  data: 0.0002  max mem: 7088
2020-07-13 11:16:51,081	INFO	kdkit.misc.log	Epoch: [53] Total time: 0:14:00
2020-07-13 11:16:59,380	INFO	kdkit.misc.log	Validation:  [ 0/66]  eta: 0:09:05  acc1: 59.7656 (59.7656)  acc5: 82.4219 (82.4219)  time: 8.2682  data: 8.1516  max mem: 7088
2020-07-13 11:17:19,584	INFO	kdkit.misc.log	Validation: Total time: 0:00:28
2020-07-13 11:17:19,902	INFO	__main__	 * Acc@1 64.2847	Acc@5 86.1503

2020-07-13 11:17:27,344	INFO	kdkit.misc.log	Epoch: [54]  [   0/1669]  eta: 3:25:37  lr: 0.030000000000000006  img/s: 152.17246164126425  loss: 6.6195 (6.6195)  time: 7.3922  data: 5.7099  max mem: 7088
2020-07-13 11:25:47,475	INFO	kdkit.misc.log	Epoch: [54]  [1000/1669]  eta: 0:05:39  lr: 0.030000000000000006  img/s: 521.5919198906433  loss: 6.6991 (6.6636)  time: 0.4977  data: 0.0002  max mem: 7088
2020-07-13 11:31:21,279	INFO	kdkit.misc.log	Epoch: [54] Total time: 0:14:01
2020-07-13 11:31:30,348	INFO	kdkit.misc.log	Validation:  [ 0/66]  eta: 0:09:58  acc1: 61.7188 (61.7188)  acc5: 82.4219 (82.4219)  time: 9.0611  data: 8.9496  max mem: 7088
2020-07-13 11:31:50,083	INFO	kdkit.misc.log	Validation: Total time: 0:00:28
2020-07-13 11:31:50,084	INFO	__main__	 * Acc@1 64.2207	Acc@5 85.9923

2020-07-13 11:31:58,451	INFO	kdkit.misc.log	Epoch: [55]  [   0/1669]  eta: 3:50:11  lr: 0.030000000000000006  img/s: 95.78974430389029  loss: 6.5271 (6.5271)  time: 8.2754  data: 5.6029  max mem: 7088
2020-07-13 11:40:19,331	INFO	kdkit.misc.log	Epoch: [55]  [1000/1669]  eta: 0:05:40  lr: 0.030000000000000006  img/s: 517.4033521728215  loss: 6.6716 (6.6647)  time: 0.4977  data: 0.0002  max mem: 7088
2020-07-13 11:45:52,744	INFO	kdkit.misc.log	Epoch: [55] Total time: 0:14:02
2020-07-13 11:46:00,569	INFO	kdkit.misc.log	Validation:  [ 0/66]  eta: 0:08:36  acc1: 61.3281 (61.3281)  acc5: 83.2031 (83.2031)  time: 7.8193  data: 7.7064  max mem: 7088
2020-07-13 11:46:21,401	INFO	kdkit.misc.log	Validation: Total time: 0:00:28
2020-07-13 11:46:21,402	INFO	__main__	 * Acc@1 64.3627	Acc@5 86.2323

2020-07-13 11:46:28,861	INFO	kdkit.misc.log	Epoch: [56]  [   0/1669]  eta: 3:26:16  lr: 0.030000000000000006  img/s: 174.91150086694864  loss: 6.8160 (6.8160)  time: 7.4157  data: 5.9521  max mem: 7088
2020-07-13 11:54:49,001	INFO	kdkit.misc.log	Epoch: [56]  [1000/1669]  eta: 0:05:39  lr: 0.030000000000000006  img/s: 516.2361776260215  loss: 6.6737 (6.6555)  time: 0.4968  data: 0.0002  max mem: 7088
2020-07-13 12:00:22,146	INFO	kdkit.misc.log	Epoch: [56] Total time: 0:14:00
2020-07-13 12:00:30,246	INFO	kdkit.misc.log	Validation:  [ 0/66]  eta: 0:08:53  acc1: 55.0781 (55.0781)  acc5: 85.1562 (85.1562)  time: 8.0859  data: 7.9486  max mem: 7088
2020-07-13 12:00:50,828	INFO	kdkit.misc.log	Validation: Total time: 0:00:28
2020-07-13 12:00:50,828	INFO	__main__	 * Acc@1 64.6367	Acc@5 86.4223

2020-07-13 12:00:58,254	INFO	kdkit.misc.log	Epoch: [57]  [   0/1669]  eta: 3:25:12  lr: 0.030000000000000006  img/s: 275.8891532534484  loss: 6.8303 (6.8303)  time: 7.3774  data: 6.4495  max mem: 7088
2020-07-13 12:09:19,872	INFO	kdkit.misc.log	Epoch: [57]  [1000/1669]  eta: 0:05:40  lr: 0.030000000000000006  img/s: 513.9842225387927  loss: 6.6604 (6.6597)  time: 0.4979  data: 0.0002  max mem: 7088
2020-07-13 12:14:53,435	INFO	kdkit.misc.log	Epoch: [57] Total time: 0:14:02
2020-07-13 12:15:02,147	INFO	kdkit.misc.log	Validation:  [ 0/66]  eta: 0:09:34  acc1: 62.5000 (62.5000)  acc5: 82.4219 (82.4219)  time: 8.7064  data: 8.5977  max mem: 7088
2020-07-13 12:15:22,297	INFO	kdkit.misc.log	Validation: Total time: 0:00:28
2020-07-13 12:15:22,298	INFO	__main__	 * Acc@1 64.4527	Acc@5 85.9723

2020-07-13 12:15:30,404	INFO	kdkit.misc.log	Epoch: [58]  [   0/1669]  eta: 3:42:12  lr: 0.030000000000000006  img/s: 94.22704964809495  loss: 6.7038 (6.7038)  time: 7.9884  data: 5.2716  max mem: 7088
2020-07-13 12:23:50,597	INFO	kdkit.misc.log	Epoch: [58]  [1000/1669]  eta: 0:05:39  lr: 0.030000000000000006  img/s: 512.2288620203558  loss: 6.5922 (6.6572)  time: 0.5024  data: 0.0002  max mem: 7088
2020-07-13 12:29:24,922	INFO	kdkit.misc.log	Epoch: [58] Total time: 0:14:02
2020-07-13 12:29:33,800	INFO	kdkit.misc.log	Validation:  [ 0/66]  eta: 0:09:45  acc1: 58.9844 (58.9844)  acc5: 83.2031 (83.2031)  time: 8.8720  data: 8.7296  max mem: 7088
2020-07-13 12:29:53,615	INFO	kdkit.misc.log	Validation: Total time: 0:00:28
2020-07-13 12:29:53,721	INFO	__main__	 * Acc@1 64.0727	Acc@5 85.9663

2020-07-13 12:30:01,121	INFO	kdkit.misc.log	Epoch: [59]  [   0/1669]  eta: 3:24:41  lr: 0.030000000000000006  img/s: 110.5745071892256  loss: 6.5814 (6.5814)  time: 7.3588  data: 5.0436  max mem: 7088
2020-07-13 12:38:22,237	INFO	kdkit.misc.log	Epoch: [59]  [1000/1669]  eta: 0:05:39  lr: 0.030000000000000006  img/s: 516.0597696685753  loss: 6.6494 (6.6590)  time: 0.5017  data: 0.0002  max mem: 7088
2020-07-13 12:43:56,789	INFO	kdkit.misc.log	Epoch: [59] Total time: 0:14:03
2020-07-13 12:44:06,049	INFO	kdkit.misc.log	Validation:  [ 0/66]  eta: 0:10:10  acc1: 62.1094 (62.1094)  acc5: 82.4219 (82.4219)  time: 9.2538  data: 9.1543  max mem: 7088
2020-07-13 12:44:25,245	INFO	kdkit.misc.log	Validation: Total time: 0:00:28
2020-07-13 12:44:25,556	INFO	__main__	 * Acc@1 64.5327	Acc@5 85.9583

2020-07-13 12:44:33,680	INFO	kdkit.misc.log	Epoch: [60]  [   0/1669]  eta: 3:44:52  lr: 0.030000000000000006  img/s: 556.7614947818282  loss: 6.6782 (6.6782)  time: 8.0843  data: 7.6245  max mem: 7088
2020-07-13 12:52:52,909	INFO	kdkit.misc.log	Epoch: [60]  [1000/1669]  eta: 0:05:39  lr: 0.030000000000000006  img/s: 517.0493096646943  loss: 6.6206 (6.6514)  time: 0.4970  data: 0.0002  max mem: 7088
2020-07-13 12:58:26,592	INFO	kdkit.misc.log	Epoch: [60] Total time: 0:14:00
2020-07-13 12:58:35,499	INFO	kdkit.misc.log	Validation:  [ 0/66]  eta: 0:09:47  acc1: 57.8125 (57.8125)  acc5: 82.0312 (82.0312)  time: 8.9024  data: 8.8033  max mem: 7088
2020-07-13 12:58:55,225	INFO	kdkit.misc.log	Validation: Total time: 0:00:28
2020-07-13 12:58:55,226	INFO	__main__	 * Acc@1 64.2487	Acc@5 85.8943

2020-07-13 12:59:03,517	INFO	kdkit.misc.log	Epoch: [61]  [   0/1669]  eta: 3:49:26  lr: 0.003000000000000001  img/s: 521.9359750421562  loss: 6.9124 (6.9124)  time: 8.2482  data: 7.7577  max mem: 7088
2020-07-13 13:07:23,181	INFO	kdkit.misc.log	Epoch: [61]  [1000/1669]  eta: 0:05:39  lr: 0.003000000000000001  img/s: 514.3316148099892  loss: 6.4563 (6.5405)  time: 0.4989  data: 0.0002  max mem: 7088
2020-07-13 13:12:58,233	INFO	kdkit.misc.log	Epoch: [61] Total time: 0:14:02
2020-07-13 13:13:07,820	INFO	kdkit.misc.log	Validation:  [ 0/66]  eta: 0:10:32  acc1: 65.2344 (65.2344)  acc5: 85.5469 (85.5469)  time: 9.5824  data: 9.4816  max mem: 7088
2020-07-13 13:13:26,962	INFO	kdkit.misc.log	Validation: Total time: 0:00:28
2020-07-13 13:13:27,181	INFO	__main__	 * Acc@1 69.2786	Acc@5 88.9022

2020-07-13 13:13:27,182	INFO	__main__	Updating ckpt (Best top1 accuracy: 65.3967 -> 69.2786)
2020-07-13 13:13:34,440	INFO	kdkit.misc.log	Epoch: [62]  [   0/1669]  eta: 3:18:14  lr: 0.003000000000000001  img/s: 231.03787500771926  loss: 6.5990 (6.5990)  time: 7.1269  data: 6.0189  max mem: 7088
2020-07-13 13:21:56,554	INFO	kdkit.misc.log	Epoch: [62]  [1000/1669]  eta: 0:05:40  lr: 0.003000000000000001  img/s: 507.735044222345  loss: 6.4478 (6.4978)  time: 0.4994  data: 0.0002  max mem: 7088
2020-07-13 13:27:30,304	INFO	kdkit.misc.log	Epoch: [62] Total time: 0:14:02
2020-07-13 13:27:39,381	INFO	kdkit.misc.log	Validation:  [ 0/66]  eta: 0:09:58  acc1: 64.8438 (64.8438)  acc5: 87.1094 (87.1094)  time: 9.0704  data: 8.9710  max mem: 7088
2020-07-13 13:27:59,023	INFO	kdkit.misc.log	Validation: Total time: 0:00:28
2020-07-13 13:27:59,029	INFO	__main__	 * Acc@1 69.5226	Acc@5 89.0362

2020-07-13 13:27:59,029	INFO	__main__	Updating ckpt (Best top1 accuracy: 69.2786 -> 69.5226)
2020-07-13 13:28:07,677	INFO	kdkit.misc.log	Epoch: [63]  [   0/1669]  eta: 3:54:34  lr: 0.003000000000000001  img/s: 90.91459500467595  loss: 6.6175 (6.6175)  time: 8.4327  data: 5.6169  max mem: 7088
2020-07-13 13:36:28,412	INFO	kdkit.misc.log	Epoch: [63]  [1000/1669]  eta: 0:05:40  lr: 0.003000000000000001  img/s: 518.0596481172158  loss: 6.4456 (6.4875)  time: 0.5000  data: 0.0002  max mem: 7088
2020-07-13 13:42:02,211	INFO	kdkit.misc.log	Epoch: [63] Total time: 0:14:03
2020-07-13 13:42:11,424	INFO	kdkit.misc.log	Validation:  [ 0/66]  eta: 0:10:07  acc1: 63.6719 (63.6719)  acc5: 87.1094 (87.1094)  time: 9.2077  data: 9.0815  max mem: 7088
2020-07-13 13:42:30,959	INFO	kdkit.misc.log	Validation: Total time: 0:00:28
2020-07-13 13:42:30,980	INFO	__main__	 * Acc@1 69.4146	Acc@5 89.1602

2020-07-13 13:42:39,763	INFO	kdkit.misc.log	Epoch: [64]  [   0/1669]  eta: 4:03:04  lr: 0.003000000000000001  img/s: 191.19773655769515  loss: 6.5448 (6.5448)  time: 8.7386  data: 7.3997  max mem: 7088
2020-07-13 13:50:59,018	INFO	kdkit.misc.log	Epoch: [64]  [1000/1669]  eta: 0:05:39  lr: 0.003000000000000001  img/s: 509.486037485172  loss: 6.4364 (6.4792)  time: 0.5022  data: 0.0002  max mem: 7088
2020-07-13 13:56:32,825	INFO	kdkit.misc.log	Epoch: [64] Total time: 0:14:01
2020-07-13 13:56:41,415	INFO	kdkit.misc.log	Validation:  [ 0/66]  eta: 0:09:26  acc1: 66.0156 (66.0156)  acc5: 86.7188 (86.7188)  time: 8.5839  data: 8.4842  max mem: 7088
2020-07-13 13:57:01,550	INFO	kdkit.misc.log	Validation: Total time: 0:00:28
2020-07-13 13:57:01,551	INFO	__main__	 * Acc@1 69.7306	Acc@5 89.3382

2020-07-13 13:57:01,551	INFO	__main__	Updating ckpt (Best top1 accuracy: 69.5226 -> 69.7306)
2020-07-13 13:57:10,184	INFO	kdkit.misc.log	Epoch: [65]  [   0/1669]  eta: 3:55:44  lr: 0.003000000000000001  img/s: 510.0368530854674  loss: 6.4856 (6.4856)  time: 8.4746  data: 7.9726  max mem: 7088
2020-07-13 14:05:28,662	INFO	kdkit.misc.log	Epoch: [65]  [1000/1669]  eta: 0:05:38  lr: 0.003000000000000001  img/s: 509.5094882184376  loss: 6.5021 (6.4681)  time: 0.5031  data: 0.0002  max mem: 7088
2020-07-13 14:11:03,159	INFO	kdkit.misc.log	Epoch: [65] Total time: 0:14:01
2020-07-13 14:11:12,403	INFO	kdkit.misc.log	Validation:  [ 0/66]  eta: 0:10:09  acc1: 65.6250 (65.6250)  acc5: 87.8906 (87.8906)  time: 9.2375  data: 9.1379  max mem: 7088
2020-07-13 14:11:31,812	INFO	kdkit.misc.log	Validation: Total time: 0:00:28
2020-07-13 14:11:31,923	INFO	__main__	 * Acc@1 69.6866	Acc@5 89.2742

2020-07-13 14:11:39,609	INFO	kdkit.misc.log	Epoch: [66]  [   0/1669]  eta: 3:32:35  lr: 0.003000000000000001  img/s: 539.178325644596  loss: 6.4512 (6.4512)  time: 7.6425  data: 7.1677  max mem: 7088
2020-07-13 14:20:00,353	INFO	kdkit.misc.log	Epoch: [66]  [1000/1669]  eta: 0:05:39  lr: 0.003000000000000001  img/s: 509.9150193733566  loss: 6.5050 (6.4676)  time: 0.5069  data: 0.0002  max mem: 7088
2020-07-13 14:25:34,205	INFO	kdkit.misc.log	Epoch: [66] Total time: 0:14:02
2020-07-13 14:25:43,412	INFO	kdkit.misc.log	Validation:  [ 0/66]  eta: 0:10:07  acc1: 65.6250 (65.6250)  acc5: 86.3281 (86.3281)  time: 9.2015  data: 9.0786  max mem: 7088
2020-07-13 14:26:02,768	INFO	kdkit.misc.log	Validation: Total time: 0:00:28
2020-07-13 14:26:02,825	INFO	__main__	 * Acc@1 69.8826	Acc@5 89.3462

2020-07-13 14:26:02,825	INFO	__main__	Updating ckpt (Best top1 accuracy: 69.7306 -> 69.8826)
2020-07-13 14:26:10,797	INFO	kdkit.misc.log	Epoch: [67]  [   0/1669]  eta: 3:37:59  lr: 0.003000000000000001  img/s: 110.41613590250029  loss: 6.4106 (6.4106)  time: 7.8364  data: 5.5179  max mem: 7088
2020-07-13 14:34:31,359	INFO	kdkit.misc.log	Epoch: [67]  [1000/1669]  eta: 0:05:39  lr: 0.003000000000000001  img/s: 498.7960627444932  loss: 6.4684 (6.4490)  time: 0.5023  data: 0.0002  max mem: 7088
2020-07-13 14:40:05,686	INFO	kdkit.misc.log	Epoch: [67] Total time: 0:14:02
2020-07-13 14:40:13,935	INFO	kdkit.misc.log	Validation:  [ 0/66]  eta: 0:09:04  acc1: 65.6250 (65.6250)  acc5: 87.5000 (87.5000)  time: 8.2443  data: 8.1458  max mem: 7088
2020-07-13 14:40:34,297	INFO	kdkit.misc.log	Validation: Total time: 0:00:28
2020-07-13 14:40:34,625	INFO	__main__	 * Acc@1 69.9426	Acc@5 89.4222

2020-07-13 14:40:34,625	INFO	__main__	Updating ckpt (Best top1 accuracy: 69.8826 -> 69.9426)
2020-07-13 14:40:42,865	INFO	kdkit.misc.log	Epoch: [68]  [   0/1669]  eta: 3:45:27  lr: 0.003000000000000001  img/s: 535.1602721899449  loss: 6.4419 (6.4419)  time: 8.1051  data: 7.6267  max mem: 7088
2020-07-13 14:49:03,773	INFO	kdkit.misc.log	Epoch: [68]  [1000/1669]  eta: 0:05:40  lr: 0.003000000000000001  img/s: 511.94409790114435  loss: 6.4653 (6.4529)  time: 0.5050  data: 0.0002  max mem: 7088
2020-07-13 14:54:37,274	INFO	kdkit.misc.log	Epoch: [68] Total time: 0:14:02
2020-07-13 14:54:46,648	INFO	kdkit.misc.log	Validation:  [ 0/66]  eta: 0:10:18  acc1: 65.2344 (65.2344)  acc5: 87.5000 (87.5000)  time: 9.3689  data: 9.2530  max mem: 7088
2020-07-13 14:55:05,879	INFO	kdkit.misc.log	Validation: Total time: 0:00:28
2020-07-13 14:55:05,881	INFO	__main__	 * Acc@1 69.9186	Acc@5 89.3762

2020-07-13 14:55:13,180	INFO	kdkit.misc.log	Epoch: [69]  [   0/1669]  eta: 3:21:24  lr: 0.003000000000000001  img/s: 227.7182875878538  loss: 6.3461 (6.3461)  time: 7.2405  data: 6.1163  max mem: 7088
2020-07-13 15:03:33,362	INFO	kdkit.misc.log	Epoch: [69]  [1000/1669]  eta: 0:05:39  lr: 0.003000000000000001  img/s: 519.7782636877598  loss: 6.5046 (6.4425)  time: 0.4984  data: 0.0002  max mem: 7088
2020-07-13 15:09:07,048	INFO	kdkit.misc.log	Epoch: [69] Total time: 0:14:01
2020-07-13 15:09:16,209	INFO	kdkit.misc.log	Validation:  [ 0/66]  eta: 0:10:04  acc1: 66.7969 (66.7969)  acc5: 86.3281 (86.3281)  time: 9.1536  data: 9.0517  max mem: 7088
2020-07-13 15:09:35,894	INFO	kdkit.misc.log	Validation: Total time: 0:00:28
2020-07-13 15:09:35,928	INFO	__main__	 * Acc@1 69.9626	Acc@5 89.2922

2020-07-13 15:09:35,929	INFO	__main__	Updating ckpt (Best top1 accuracy: 69.9426 -> 69.9626)
2020-07-13 15:09:44,004	INFO	kdkit.misc.log	Epoch: [70]  [   0/1669]  eta: 3:40:48  lr: 0.003000000000000001  img/s: 523.2331027922709  loss: 6.3724 (6.3724)  time: 7.9381  data: 7.4488  max mem: 7088
2020-07-13 15:18:03,633	INFO	kdkit.misc.log	Epoch: [70]  [1000/1669]  eta: 0:05:39  lr: 0.003000000000000001  img/s: 517.8942315669248  loss: 6.3990 (6.4463)  time: 0.4987  data: 0.0002  max mem: 7088
2020-07-13 15:23:37,877	INFO	kdkit.misc.log	Epoch: [70] Total time: 0:14:01
2020-07-13 15:23:46,443	INFO	kdkit.misc.log	Validation:  [ 0/66]  eta: 0:09:24  acc1: 66.0156 (66.0156)  acc5: 88.6719 (88.6719)  time: 8.5585  data: 8.4594  max mem: 7088
2020-07-13 15:24:06,318	INFO	kdkit.misc.log	Validation: Total time: 0:00:28
2020-07-13 15:24:06,319	INFO	__main__	 * Acc@1 70.0886	Acc@5 89.4542

2020-07-13 15:24:06,319	INFO	__main__	Updating ckpt (Best top1 accuracy: 69.9626 -> 70.0886)
2020-07-13 15:24:14,729	INFO	kdkit.misc.log	Epoch: [71]  [   0/1669]  eta: 3:49:21  lr: 0.003000000000000001  img/s: 166.93838103907592  loss: 6.3125 (6.3125)  time: 8.2456  data: 6.7121  max mem: 7088
2020-07-13 15:32:34,175	INFO	kdkit.misc.log	Epoch: [71]  [1000/1669]  eta: 0:05:39  lr: 0.003000000000000001  img/s: 493.3620526223168  loss: 6.4326 (6.4399)  time: 0.5016  data: 0.0002  max mem: 7088
2020-07-13 15:38:07,983	INFO	kdkit.misc.log	Epoch: [71] Total time: 0:14:01
2020-07-13 15:38:16,794	INFO	kdkit.misc.log	Validation:  [ 0/66]  eta: 0:09:41  acc1: 65.6250 (65.6250)  acc5: 86.3281 (86.3281)  time: 8.8061  data: 8.7068  max mem: 7088
2020-07-13 15:38:36,443	INFO	kdkit.misc.log	Validation: Total time: 0:00:28
2020-07-13 15:38:36,787	INFO	__main__	 * Acc@1 70.1086	Acc@5 89.3962

2020-07-13 15:38:36,788	INFO	__main__	Updating ckpt (Best top1 accuracy: 70.0886 -> 70.1086)
2020-07-13 15:38:45,348	INFO	kdkit.misc.log	Epoch: [72]  [   0/1669]  eta: 3:54:24  lr: 0.003000000000000001  img/s: 143.12389885398704  loss: 6.5700 (6.5700)  time: 8.4269  data: 6.6382  max mem: 7088
2020-07-13 15:47:05,342	INFO	kdkit.misc.log	Epoch: [72]  [1000/1669]  eta: 0:05:39  lr: 0.003000000000000001  img/s: 516.9850808645452  loss: 6.4072 (6.4355)  time: 0.4993  data: 0.0002  max mem: 7088
2020-07-13 15:52:39,197	INFO	kdkit.misc.log	Epoch: [72] Total time: 0:14:02
2020-07-13 15:52:46,973	INFO	kdkit.misc.log	Validation:  [ 0/66]  eta: 0:08:32  acc1: 64.8438 (64.8438)  acc5: 86.7188 (86.7188)  time: 7.7706  data: 7.6720  max mem: 7088
2020-07-13 15:53:07,623	INFO	kdkit.misc.log	Validation: Total time: 0:00:28
2020-07-13 15:53:07,968	INFO	__main__	 * Acc@1 69.9486	Acc@5 89.4682

2020-07-13 15:53:16,172	INFO	kdkit.misc.log	Epoch: [73]  [   0/1669]  eta: 3:47:04  lr: 0.003000000000000001  img/s: 121.07243924908018  loss: 6.3548 (6.3548)  time: 8.1631  data: 6.0487  max mem: 7088
2020-07-13 16:01:35,916	INFO	kdkit.misc.log	Epoch: [73]  [1000/1669]  eta: 0:05:39  lr: 0.003000000000000001  img/s: 518.0668968774863  loss: 6.4349 (6.4385)  time: 0.5019  data: 0.0002  max mem: 7088
2020-07-13 16:07:09,542	INFO	kdkit.misc.log	Epoch: [73] Total time: 0:14:01
2020-07-13 16:07:18,568	INFO	kdkit.misc.log	Validation:  [ 0/66]  eta: 0:09:55  acc1: 64.4531 (64.4531)  acc5: 87.8906 (87.8906)  time: 9.0193  data: 8.8812  max mem: 7088
2020-07-13 16:07:38,089	INFO	kdkit.misc.log	Validation: Total time: 0:00:28
2020-07-13 16:07:38,100	INFO	__main__	 * Acc@1 70.2306	Acc@5 89.4822

2020-07-13 16:07:38,100	INFO	__main__	Updating ckpt (Best top1 accuracy: 70.1086 -> 70.2306)
2020-07-13 16:07:45,249	INFO	kdkit.misc.log	Epoch: [74]  [   0/1669]  eta: 3:15:00  lr: 0.003000000000000001  img/s: 453.9109664033576  loss: 6.4671 (6.4671)  time: 7.0102  data: 6.4462  max mem: 7088
2020-07-13 16:16:06,496	INFO	kdkit.misc.log	Epoch: [74]  [1000/1669]  eta: 0:05:39  lr: 0.003000000000000001  img/s: 513.0139669862547  loss: 6.4118 (6.4306)  time: 0.5003  data: 0.0002  max mem: 7088
2020-07-13 16:21:40,645	INFO	kdkit.misc.log	Epoch: [74] Total time: 0:14:02
2020-07-13 16:21:49,692	INFO	kdkit.misc.log	Validation:  [ 0/66]  eta: 0:09:56  acc1: 65.6250 (65.6250)  acc5: 86.7188 (86.7188)  time: 9.0419  data: 8.9428  max mem: 7088
2020-07-13 16:22:09,360	INFO	kdkit.misc.log	Validation: Total time: 0:00:28
2020-07-13 16:22:09,361	INFO	__main__	 * Acc@1 70.1866	Acc@5 89.5342

2020-07-13 16:22:17,160	INFO	kdkit.misc.log	Epoch: [75]  [   0/1669]  eta: 3:35:25  lr: 0.003000000000000001  img/s: 239.98113303694274  loss: 6.4776 (6.4776)  time: 7.7445  data: 6.6777  max mem: 7088
2020-07-13 16:30:36,164	INFO	kdkit.misc.log	Epoch: [75]  [1000/1669]  eta: 0:05:38  lr: 0.003000000000000001  img/s: 514.3175721439171  loss: 6.3862 (6.4257)  time: 0.4973  data: 0.0003  max mem: 7088
2020-07-13 16:36:10,474	INFO	kdkit.misc.log	Epoch: [75] Total time: 0:14:01
2020-07-13 16:36:19,072	INFO	kdkit.misc.log	Validation:  [ 0/66]  eta: 0:09:27  acc1: 66.4062 (66.4062)  acc5: 85.5469 (85.5469)  time: 8.5925  data: 8.4796  max mem: 7088
2020-07-13 16:36:38,957	INFO	kdkit.misc.log	Validation: Total time: 0:00:28
2020-07-13 16:36:39,232	INFO	__main__	 * Acc@1 70.1706	Acc@5 89.5062

2020-07-13 16:36:46,377	INFO	kdkit.misc.log	Epoch: [76]  [   0/1669]  eta: 3:17:36  lr: 0.003000000000000001  img/s: 121.78997452457595  loss: 6.6620 (6.6620)  time: 7.1040  data: 5.0020  max mem: 7088
2020-07-13 16:45:06,154	INFO	kdkit.misc.log	Epoch: [76]  [1000/1669]  eta: 0:05:38  lr: 0.003000000000000001  img/s: 514.38631460897  loss: 6.4252 (6.4192)  time: 0.4967  data: 0.0002  max mem: 7088
2020-07-13 16:50:40,253	INFO	kdkit.misc.log	Epoch: [76] Total time: 0:14:00
2020-07-13 16:50:49,332	INFO	kdkit.misc.log	Validation:  [ 0/66]  eta: 0:09:58  acc1: 65.6250 (65.6250)  acc5: 86.3281 (86.3281)  time: 9.0741  data: 8.9499  max mem: 7088
2020-07-13 16:51:08,919	INFO	kdkit.misc.log	Validation: Total time: 0:00:28
2020-07-13 16:51:08,923	INFO	__main__	 * Acc@1 70.1706	Acc@5 89.4562

2020-07-13 16:51:17,018	INFO	kdkit.misc.log	Epoch: [77]  [   0/1669]  eta: 3:44:03  lr: 0.003000000000000001  img/s: 95.6426970065278  loss: 6.4530 (6.4530)  time: 8.0546  data: 5.3780  max mem: 7088
2020-07-13 16:59:36,741	INFO	kdkit.misc.log	Epoch: [77]  [1000/1669]  eta: 0:05:39  lr: 0.003000000000000001  img/s: 499.16939625495746  loss: 6.4002 (6.4184)  time: 0.5032  data: 0.0002  max mem: 7088
2020-07-13 17:05:09,879	INFO	kdkit.misc.log	Epoch: [77] Total time: 0:14:00
2020-07-13 17:05:18,376	INFO	kdkit.misc.log	Validation:  [ 0/66]  eta: 0:09:20  acc1: 65.2344 (65.2344)  acc5: 86.7188 (86.7188)  time: 8.4922  data: 8.3931  max mem: 7088
2020-07-13 17:05:38,704	INFO	kdkit.misc.log	Validation: Total time: 0:00:28
2020-07-13 17:05:38,705	INFO	__main__	 * Acc@1 70.2766	Acc@5 89.5442

2020-07-13 17:05:38,705	INFO	__main__	Updating ckpt (Best top1 accuracy: 70.2306 -> 70.2766)
2020-07-13 17:05:46,504	INFO	kdkit.misc.log	Epoch: [78]  [   0/1669]  eta: 3:32:53  lr: 0.003000000000000001  img/s: 114.49089034765403  loss: 6.3447 (6.3447)  time: 7.6534  data: 5.4174  max mem: 7088
2020-07-13 17:14:07,149	INFO	kdkit.misc.log	Epoch: [78]  [1000/1669]  eta: 0:05:39  lr: 0.003000000000000001  img/s: 515.700875365376  loss: 6.3922 (6.4164)  time: 0.4972  data: 0.0002  max mem: 7088
2020-07-13 17:19:40,996	INFO	kdkit.misc.log	Epoch: [78] Total time: 0:14:02
2020-07-13 17:19:50,104	INFO	kdkit.misc.log	Validation:  [ 0/66]  eta: 0:10:00  acc1: 66.4062 (66.4062)  acc5: 87.1094 (87.1094)  time: 9.1016  data: 8.9924  max mem: 7088
2020-07-13 17:20:09,502	INFO	kdkit.misc.log	Validation: Total time: 0:00:28
2020-07-13 17:20:09,629	INFO	__main__	 * Acc@1 70.3026	Acc@5 89.4982

2020-07-13 17:20:09,629	INFO	__main__	Updating ckpt (Best top1 accuracy: 70.2766 -> 70.3026)
2020-07-13 17:20:15,756	INFO	kdkit.misc.log	Epoch: [79]  [   0/1669]  eta: 2:44:55  lr: 0.003000000000000001  img/s: 486.2232265000129  loss: 6.4356 (6.4356)  time: 5.9292  data: 5.4027  max mem: 7088
2020-07-13 17:28:37,556	INFO	kdkit.misc.log	Epoch: [79]  [1000/1669]  eta: 0:05:39  lr: 0.003000000000000001  img/s: 510.68259770698796  loss: 6.3319 (6.4203)  time: 0.4980  data: 0.0002  max mem: 7088
2020-07-13 17:34:10,938	INFO	kdkit.misc.log	Epoch: [79] Total time: 0:14:01
2020-07-13 17:34:19,890	INFO	kdkit.misc.log	Validation:  [ 0/66]  eta: 0:09:50  acc1: 65.6250 (65.6250)  acc5: 86.3281 (86.3281)  time: 8.9462  data: 8.8471  max mem: 7088
2020-07-13 17:34:39,426	INFO	kdkit.misc.log	Validation: Total time: 0:00:28
2020-07-13 17:34:39,742	INFO	__main__	 * Acc@1 70.1246	Acc@5 89.4322

2020-07-13 17:34:46,300	INFO	kdkit.misc.log	Epoch: [80]  [   0/1669]  eta: 3:01:15  lr: 0.003000000000000001  img/s: 560.2744147142357  loss: 6.4402 (6.4402)  time: 6.5163  data: 6.0594  max mem: 7088
2020-07-13 17:43:07,212	INFO	kdkit.misc.log	Epoch: [80]  [1000/1669]  eta: 0:05:39  lr: 0.003000000000000001  img/s: 514.0336806527978  loss: 6.4240 (6.4198)  time: 0.5027  data: 0.0002  max mem: 7088
2020-07-13 17:48:40,870	INFO	kdkit.misc.log	Epoch: [80] Total time: 0:14:01
2020-07-13 17:48:50,386	INFO	kdkit.misc.log	Validation:  [ 0/66]  eta: 0:10:27  acc1: 65.2344 (65.2344)  acc5: 87.8906 (87.8906)  time: 9.5038  data: 9.4042  max mem: 7088
2020-07-13 17:49:09,406	INFO	kdkit.misc.log	Validation: Total time: 0:00:28
2020-07-13 17:49:09,500	INFO	__main__	 * Acc@1 70.2646	Acc@5 89.4602

2020-07-13 17:49:17,697	INFO	kdkit.misc.log	Epoch: [81]  [   0/1669]  eta: 3:46:41  lr: 0.003000000000000001  img/s: 560.8948810998272  loss: 6.4544 (6.4544)  time: 8.1494  data: 7.6930  max mem: 7088
2020-07-13 17:57:36,429	INFO	kdkit.misc.log	Epoch: [81]  [1000/1669]  eta: 0:05:38  lr: 0.003000000000000001  img/s: 510.9460217998951  loss: 6.4400 (6.4179)  time: 0.4977  data: 0.0002  max mem: 7088
2020-07-13 18:03:09,338	INFO	kdkit.misc.log	Epoch: [81] Total time: 0:13:59
2020-07-13 18:03:17,680	INFO	kdkit.misc.log	Validation:  [ 0/66]  eta: 0:09:10  acc1: 65.2344 (65.2344)  acc5: 86.3281 (86.3281)  time: 8.3370  data: 8.2135  max mem: 7088
2020-07-13 18:03:37,553	INFO	kdkit.misc.log	Validation: Total time: 0:00:28
2020-07-13 18:03:38,059	INFO	__main__	 * Acc@1 70.2506	Acc@5 89.5642

2020-07-13 18:03:46,431	INFO	kdkit.misc.log	Epoch: [82]  [   0/1669]  eta: 3:51:47  lr: 0.003000000000000001  img/s: 161.78551454513703  loss: 6.3168 (6.3168)  time: 8.3326  data: 6.7502  max mem: 7088
2020-07-13 18:12:05,925	INFO	kdkit.misc.log	Epoch: [82]  [1000/1669]  eta: 0:05:39  lr: 0.003000000000000001  img/s: 521.6248605751107  loss: 6.3929 (6.4044)  time: 0.4965  data: 0.0002  max mem: 7088
2020-07-13 18:17:39,581	INFO	kdkit.misc.log	Epoch: [82] Total time: 0:14:01
2020-07-13 18:17:47,769	INFO	kdkit.misc.log	Validation:  [ 0/66]  eta: 0:08:59  acc1: 65.2344 (65.2344)  acc5: 85.9375 (85.9375)  time: 8.1734  data: 8.0382  max mem: 7088
2020-07-13 18:18:08,354	INFO	kdkit.misc.log	Validation: Total time: 0:00:28
2020-07-13 18:18:08,355	INFO	__main__	 * Acc@1 70.3226	Acc@5 89.4242

2020-07-13 18:18:08,355	INFO	__main__	Updating ckpt (Best top1 accuracy: 70.3026 -> 70.3226)
2020-07-13 18:18:16,885	INFO	kdkit.misc.log	Epoch: [83]  [   0/1669]  eta: 3:53:00  lr: 0.003000000000000001  img/s: 548.7895228574174  loss: 6.2199 (6.2199)  time: 8.3766  data: 7.9101  max mem: 7088
2020-07-13 18:26:35,767	INFO	kdkit.misc.log	Epoch: [83]  [1000/1669]  eta: 0:05:39  lr: 0.003000000000000001  img/s: 509.4002310405602  loss: 6.3705 (6.4124)  time: 0.4976  data: 0.0002  max mem: 7088
2020-07-13 18:32:08,963	INFO	kdkit.misc.log	Epoch: [83] Total time: 0:14:00
2020-07-13 18:32:18,008	INFO	kdkit.misc.log	Validation:  [ 0/66]  eta: 0:09:56  acc1: 66.4062 (66.4062)  acc5: 86.3281 (86.3281)  time: 9.0386  data: 8.9200  max mem: 7088
2020-07-13 18:32:37,478	INFO	kdkit.misc.log	Validation: Total time: 0:00:28
2020-07-13 18:32:37,589	INFO	__main__	 * Acc@1 70.2766	Acc@5 89.4462

2020-07-13 18:32:44,944	INFO	kdkit.misc.log	Epoch: [84]  [   0/1669]  eta: 3:23:27  lr: 0.003000000000000001  img/s: 198.99113257256212  loss: 6.2199 (6.2199)  time: 7.3145  data: 6.0280  max mem: 7088
2020-07-13 18:41:04,836	INFO	kdkit.misc.log	Epoch: [84]  [1000/1669]  eta: 0:05:38  lr: 0.003000000000000001  img/s: 518.9189122313562  loss: 6.3895 (6.4041)  time: 0.4986  data: 0.0002  max mem: 7088
2020-07-13 18:46:38,042	INFO	kdkit.misc.log	Epoch: [84] Total time: 0:14:00
2020-07-13 18:46:47,059	INFO	kdkit.misc.log	Validation:  [ 0/66]  eta: 0:09:54  acc1: 67.9688 (67.9688)  acc5: 85.9375 (85.9375)  time: 9.0057  data: 8.9053  max mem: 7088
2020-07-13 18:47:06,755	INFO	kdkit.misc.log	Validation: Total time: 0:00:28
2020-07-13 18:47:06,822	INFO	__main__	 * Acc@1 70.3246	Acc@5 89.5422

2020-07-13 18:47:06,822	INFO	__main__	Updating ckpt (Best top1 accuracy: 70.3226 -> 70.3246)
2020-07-13 18:47:15,771	INFO	kdkit.misc.log	Epoch: [85]  [   0/1669]  eta: 4:04:20  lr: 0.003000000000000001  img/s: 559.0882400262846  loss: 6.3490 (6.3490)  time: 8.7838  data: 8.3259  max mem: 7088
2020-07-13 18:55:35,050	INFO	kdkit.misc.log	Epoch: [85]  [1000/1669]  eta: 0:05:39  lr: 0.003000000000000001  img/s: 501.67256172429967  loss: 6.3423 (6.4105)  time: 0.5119  data: 0.0002  max mem: 7088
2020-07-13 19:01:08,375	INFO	kdkit.misc.log	Epoch: [85] Total time: 0:14:01
2020-07-13 19:01:17,020	INFO	kdkit.misc.log	Validation:  [ 0/66]  eta: 0:09:30  acc1: 67.5781 (67.5781)  acc5: 87.1094 (87.1094)  time: 8.6395  data: 8.5090  max mem: 7088
2020-07-13 19:01:36,746	INFO	kdkit.misc.log	Validation: Total time: 0:00:28
2020-07-13 19:01:37,386	INFO	__main__	 * Acc@1 70.2846	Acc@5 89.6602

2020-07-13 19:01:45,672	INFO	kdkit.misc.log	Epoch: [86]  [   0/1669]  eta: 3:49:24  lr: 0.003000000000000001  img/s: 123.0982902190828  loss: 6.4185 (6.4185)  time: 8.2469  data: 6.1672  max mem: 7088
2020-07-13 19:10:05,205	INFO	kdkit.misc.log	Epoch: [86]  [1000/1669]  eta: 0:05:39  lr: 0.003000000000000001  img/s: 520.8215359586658  loss: 6.3798 (6.4102)  time: 0.4957  data: 0.0002  max mem: 7088
2020-07-13 19:15:38,642	INFO	kdkit.misc.log	Epoch: [86] Total time: 0:14:01
2020-07-13 19:15:47,308	INFO	kdkit.misc.log	Validation:  [ 0/66]  eta: 0:09:31  acc1: 66.7969 (66.7969)  acc5: 85.9375 (85.9375)  time: 8.6602  data: 8.5345  max mem: 7088
2020-07-13 19:16:06,867	INFO	kdkit.misc.log	Validation: Total time: 0:00:28
2020-07-13 19:16:07,478	INFO	__main__	 * Acc@1 70.3146	Acc@5 89.5822

2020-07-13 19:16:13,818	INFO	kdkit.misc.log	Epoch: [87]  [   0/1669]  eta: 2:55:13  lr: 0.003000000000000001  img/s: 532.5323707752937  loss: 6.4738 (6.4738)  time: 6.2991  data: 5.8183  max mem: 7088
2020-07-13 19:24:33,692	INFO	kdkit.misc.log	Epoch: [87]  [1000/1669]  eta: 0:05:38  lr: 0.003000000000000001  img/s: 516.2994756905844  loss: 6.3904 (6.4052)  time: 0.4959  data: 0.0002  max mem: 7088
2020-07-13 19:30:06,699	INFO	kdkit.misc.log	Epoch: [87] Total time: 0:13:59
2020-07-13 19:30:15,330	INFO	kdkit.misc.log	Validation:  [ 0/66]  eta: 0:09:29  acc1: 67.1875 (67.1875)  acc5: 87.1094 (87.1094)  time: 8.6257  data: 8.5146  max mem: 7088
2020-07-13 19:30:35,299	INFO	kdkit.misc.log	Validation: Total time: 0:00:28
2020-07-13 19:30:35,299	INFO	__main__	 * Acc@1 70.4586	Acc@5 89.5962

2020-07-13 19:30:35,300	INFO	__main__	Updating ckpt (Best top1 accuracy: 70.3246 -> 70.4586)
2020-07-13 19:30:42,434	INFO	kdkit.misc.log	Epoch: [88]  [   0/1669]  eta: 3:14:29  lr: 0.003000000000000001  img/s: 150.15820383269585  loss: 6.2447 (6.2447)  time: 6.9921  data: 5.2872  max mem: 7088
2020-07-13 19:39:03,644	INFO	kdkit.misc.log	Epoch: [88]  [1000/1669]  eta: 0:05:39  lr: 0.003000000000000001  img/s: 518.2281717494841  loss: 6.3420 (6.3938)  time: 0.4961  data: 0.0002  max mem: 7088
2020-07-13 19:44:37,079	INFO	kdkit.misc.log	Epoch: [88] Total time: 0:14:01
2020-07-13 19:44:46,268	INFO	kdkit.misc.log	Validation:  [ 0/66]  eta: 0:10:05  acc1: 66.7969 (66.7969)  acc5: 86.7188 (86.7188)  time: 9.1807  data: 9.0814  max mem: 7088
2020-07-13 19:45:05,702	INFO	kdkit.misc.log	Validation: Total time: 0:00:28
2020-07-13 19:45:05,703	INFO	__main__	 * Acc@1 70.3986	Acc@5 89.6582

2020-07-13 19:45:13,134	INFO	kdkit.misc.log	Epoch: [89]  [   0/1669]  eta: 3:23:34  lr: 0.003000000000000001  img/s: 140.164523269903  loss: 6.4696 (6.4696)  time: 7.3183  data: 5.4919  max mem: 7088
2020-07-13 19:53:32,710	INFO	kdkit.misc.log	Epoch: [89]  [1000/1669]  eta: 0:05:38  lr: 0.003000000000000001  img/s: 521.1223344905289  loss: 6.3260 (6.3924)  time: 0.4963  data: 0.0003  max mem: 7088
2020-07-13 19:59:05,840	INFO	kdkit.misc.log	Epoch: [89] Total time: 0:14:00
2020-07-13 19:59:14,086	INFO	kdkit.misc.log	Validation:  [ 0/66]  eta: 0:09:03  acc1: 66.4062 (66.4062)  acc5: 87.1094 (87.1094)  time: 8.2377  data: 8.1302  max mem: 7088
2020-07-13 19:59:34,370	INFO	kdkit.misc.log	Validation: Total time: 0:00:28
2020-07-13 19:59:34,472	INFO	__main__	 * Acc@1 70.3206	Acc@5 89.5082

2020-07-13 19:59:42,849	INFO	kdkit.misc.log	Epoch: [90]  [   0/1669]  eta: 3:51:44  lr: 0.003000000000000001  img/s: 535.6421489103996  loss: 6.3987 (6.3987)  time: 8.3310  data: 7.8531  max mem: 7088
2020-07-13 20:08:00,863	INFO	kdkit.misc.log	Epoch: [90]  [1000/1669]  eta: 0:05:38  lr: 0.003000000000000001  img/s: 522.1009375278071  loss: 6.3367 (6.3996)  time: 0.4973  data: 0.0002  max mem: 7088
2020-07-13 20:13:34,666	INFO	kdkit.misc.log	Epoch: [90] Total time: 0:14:00
2020-07-13 20:13:43,165	INFO	kdkit.misc.log	Validation:  [ 0/66]  eta: 0:09:20  acc1: 67.9688 (67.9688)  acc5: 84.7656 (84.7656)  time: 8.4919  data: 8.3796  max mem: 7088
2020-07-13 20:14:03,078	INFO	kdkit.misc.log	Validation: Total time: 0:00:28
2020-07-13 20:14:03,586	INFO	__main__	 * Acc@1 70.4126	Acc@5 89.6122

2020-07-13 20:14:03,623	INFO	__main__	Training time 22:14:25
2020-07-13 20:14:03,672	INFO	kdkit.common.main_util	Loading model parameters
2020-07-13 20:14:03,690	INFO	__main__	[Teacher: resnet34]
2020-07-13 20:14:04,155	INFO	kdkit.misc.log	Test:  [    0/16667]  eta: 2:08:54  acc1: 0.0000 (0.0000)  acc5: 100.0000 (100.0000)  time: 0.4640  data: 0.3847  max mem: 7088
2020-07-13 20:14:09,042	INFO	kdkit.misc.log	Test:  [ 1000/16667]  eta: 0:01:23  acc1: 100.0000 (72.7273)  acc5: 100.0000 (92.1079)  time: 0.0049  data: 0.0001  max mem: 7088
2020-07-13 20:14:14,188	INFO	kdkit.misc.log	Test:  [ 2000/16667]  eta: 0:01:16  acc1: 100.0000 (72.2139)  acc5: 100.0000 (91.4543)  time: 0.0045  data: 0.0001  max mem: 7088
2020-07-13 20:14:18,914	INFO	kdkit.misc.log	Test:  [ 3000/16667]  eta: 0:01:09  acc1: 100.0000 (72.4758)  acc5: 100.0000 (91.0030)  time: 0.0051  data: 0.0001  max mem: 7088
2020-07-13 20:14:23,773	INFO	kdkit.misc.log	Test:  [ 4000/16667]  eta: 0:01:03  acc1: 100.0000 (72.2819)  acc5: 100.0000 (90.9023)  time: 0.0052  data: 0.0001  max mem: 7088
2020-07-13 20:14:28,696	INFO	kdkit.misc.log	Test:  [ 5000/16667]  eta: 0:00:58  acc1: 100.0000 (72.7255)  acc5: 100.0000 (91.0218)  time: 0.0047  data: 0.0001  max mem: 7088
2020-07-13 20:14:33,568	INFO	kdkit.misc.log	Test:  [ 6000/16667]  eta: 0:00:53  acc1: 100.0000 (72.5212)  acc5: 100.0000 (90.9515)  time: 0.0054  data: 0.0001  max mem: 7088
2020-07-13 20:14:38,370	INFO	kdkit.misc.log	Test:  [ 7000/16667]  eta: 0:00:47  acc1: 100.0000 (72.6896)  acc5: 100.0000 (90.9299)  time: 0.0053  data: 0.0001  max mem: 7088
2020-07-13 20:14:43,102	INFO	kdkit.misc.log	Test:  [ 8000/16667]  eta: 0:00:42  acc1: 100.0000 (72.7659)  acc5: 100.0000 (91.0136)  time: 0.0054  data: 0.0001  max mem: 7088
2020-07-13 20:14:47,983	INFO	kdkit.misc.log	Test:  [ 9000/16667]  eta: 0:00:37  acc1: 100.0000 (72.8364)  acc5: 100.0000 (91.0343)  time: 0.0045  data: 0.0001  max mem: 7088
2020-07-13 20:14:52,856	INFO	kdkit.misc.log	Test:  [10000/16667]  eta: 0:00:32  acc1: 100.0000 (72.7327)  acc5: 100.0000 (91.0209)  time: 0.0045  data: 0.0001  max mem: 7088
2020-07-13 20:14:57,736	INFO	kdkit.misc.log	Test:  [11000/16667]  eta: 0:00:27  acc1: 100.0000 (72.7570)  acc5: 100.0000 (90.9099)  time: 0.0049  data: 0.0001  max mem: 7088
2020-07-13 20:15:02,531	INFO	kdkit.misc.log	Test:  [12000/16667]  eta: 0:00:22  acc1: 100.0000 (72.8523)  acc5: 100.0000 (91.1007)  time: 0.0044  data: 0.0001  max mem: 7088
2020-07-13 20:15:07,507	INFO	kdkit.misc.log	Test:  [13000/16667]  eta: 0:00:17  acc1: 100.0000 (72.8406)  acc5: 100.0000 (91.0315)  time: 0.0054  data: 0.0001  max mem: 7088
2020-07-13 20:15:12,282	INFO	kdkit.misc.log	Test:  [14000/16667]  eta: 0:00:13  acc1: 100.0000 (72.8948)  acc5: 100.0000 (91.0935)  time: 0.0045  data: 0.0001  max mem: 7088
2020-07-13 20:15:17,168	INFO	kdkit.misc.log	Test:  [15000/16667]  eta: 0:00:08  acc1: 100.0000 (72.9351)  acc5: 100.0000 (91.1406)  time: 0.0044  data: 0.0001  max mem: 7088
2020-07-13 20:15:21,859	INFO	kdkit.misc.log	Test:  [16000/16667]  eta: 0:00:03  acc1: 100.0000 (73.0079)  acc5: 100.0000 (91.1381)  time: 0.0041  data: 0.0001  max mem: 7088
2020-07-13 20:15:25,160	INFO	kdkit.misc.log	Test: Total time: 0:01:21
2020-07-13 20:15:26,046	INFO	__main__	 * Acc@1 73.3125	Acc@5 91.4202

2020-07-13 20:15:26,050	INFO	__main__	[Student: resnet18]
2020-07-13 20:15:26,407	INFO	kdkit.misc.log	Test:  [    0/16667]  eta: 1:38:40  acc1: 0.0000 (0.0000)  acc5: 0.0000 (0.0000)  time: 0.3552  data: 0.3482  max mem: 7088
2020-07-13 20:15:29,859	INFO	kdkit.misc.log	Test:  [ 1000/16667]  eta: 0:00:59  acc1: 100.0000 (70.8292)  acc5: 100.0000 (88.1119)  time: 0.0030  data: 0.0001  max mem: 7088
2020-07-13 20:15:33,257	INFO	kdkit.misc.log	Test:  [ 2000/16667]  eta: 0:00:52  acc1: 100.0000 (70.2649)  acc5: 100.0000 (88.5057)  time: 0.0033  data: 0.0001  max mem: 7088
2020-07-13 20:15:36,625	INFO	kdkit.misc.log	Test:  [ 3000/16667]  eta: 0:00:48  acc1: 100.0000 (69.6101)  acc5: 100.0000 (88.7038)  time: 0.0035  data: 0.0001  max mem: 7088
2020-07-13 20:15:40,018	INFO	kdkit.misc.log	Test:  [ 4000/16667]  eta: 0:00:44  acc1: 100.0000 (69.6826)  acc5: 100.0000 (88.7528)  time: 0.0030  data: 0.0001  max mem: 7088
2020-07-13 20:15:43,542	INFO	kdkit.misc.log	Test:  [ 5000/16667]  eta: 0:00:40  acc1: 100.0000 (70.0060)  acc5: 100.0000 (88.9822)  time: 0.0036  data: 0.0001  max mem: 7088
2020-07-13 20:15:46,895	INFO	kdkit.misc.log	Test:  [ 6000/16667]  eta: 0:00:37  acc1: 100.0000 (69.7717)  acc5: 100.0000 (88.9518)  time: 0.0029  data: 0.0001  max mem: 7088
2020-07-13 20:15:50,216	INFO	kdkit.misc.log	Test:  [ 7000/16667]  eta: 0:00:33  acc1: 100.0000 (70.0900)  acc5: 100.0000 (89.0730)  time: 0.0031  data: 0.0001  max mem: 7088
2020-07-13 20:15:53,639	INFO	kdkit.misc.log	Test:  [ 8000/16667]  eta: 0:00:29  acc1: 100.0000 (69.9413)  acc5: 100.0000 (89.1014)  time: 0.0035  data: 0.0001  max mem: 7088
2020-07-13 20:15:56,977	INFO	kdkit.misc.log	Test:  [ 9000/16667]  eta: 0:00:26  acc1: 100.0000 (70.0478)  acc5: 100.0000 (89.2123)  time: 0.0039  data: 0.0001  max mem: 7088
2020-07-13 20:16:00,274	INFO	kdkit.misc.log	Test:  [10000/16667]  eta: 0:00:22  acc1: 100.0000 (69.8730)  acc5: 100.0000 (89.2011)  time: 0.0034  data: 0.0001  max mem: 7088
2020-07-13 20:16:03,674	INFO	kdkit.misc.log	Test:  [11000/16667]  eta: 0:00:19  acc1: 100.0000 (69.9027)  acc5: 100.0000 (89.1101)  time: 0.0035  data: 0.0001  max mem: 7088
2020-07-13 20:16:07,061	INFO	kdkit.misc.log	Test:  [12000/16667]  eta: 0:00:15  acc1: 100.0000 (69.9775)  acc5: 100.0000 (89.2676)  time: 0.0031  data: 0.0001  max mem: 7088
2020-07-13 20:16:10,440	INFO	kdkit.misc.log	Test:  [13000/16667]  eta: 0:00:12  acc1: 100.0000 (70.1177)  acc5: 100.0000 (89.2624)  time: 0.0031  data: 0.0001  max mem: 7088
2020-07-13 20:16:13,817	INFO	kdkit.misc.log	Test:  [14000/16667]  eta: 0:00:09  acc1: 100.0000 (70.2593)  acc5: 100.0000 (89.2936)  time: 0.0033  data: 0.0001  max mem: 7088
2020-07-13 20:16:17,173	INFO	kdkit.misc.log	Test:  [15000/16667]  eta: 0:00:05  acc1: 100.0000 (70.2620)  acc5: 100.0000 (89.4074)  time: 0.0036  data: 0.0001  max mem: 7088
2020-07-13 20:16:20,529	INFO	kdkit.misc.log	Test:  [16000/16667]  eta: 0:00:02  acc1: 100.0000 (70.3019)  acc5: 100.0000 (89.4444)  time: 0.0032  data: 0.0001  max mem: 7088
2020-07-13 20:16:22,814	INFO	kdkit.misc.log	Test: Total time: 0:00:56
2020-07-13 20:16:23,311	INFO	__main__	 * Acc@1 70.4586	Acc@5 89.5962

