2020-08-17 15:33:55,759	INFO	kdkit.common.main_util	| distributed init (rank 2): env://
2020-08-17 15:33:59,519	INFO	__main__	Namespace(adjust_lr=False, config='coco/ghnd_maskrcnn.yaml', device='cuda', dist_url='env://', log='coco/ghnd_maskrcnn.log', start_epoch=0, student_only=False, test_only=False, world_size=3)
2020-08-17 15:34:13,633	INFO	kdkit.common.main_util	ckpt file is not found at `./resource/ckpt/object_detection/teacher/coco2017-maskrcnn_resnet50_fpn.pt`
2020-08-17 15:34:14,171	INFO	kdkit.common.main_util	ckpt file is not found at `./coco/ghnd/coco2017-custom_maskrcnn_resnet_fpn_from_maskrcnn_resnet50_fpn.pt`
2020-08-17 15:34:14,212	INFO	__main__	Start distillation
2020-08-17 15:34:14,379	INFO	kdkit.datasets.sampler	Using [0, 0.5, 0.6299605249474366, 0.7937005259840997, 1.0, 1.2599210498948732, 1.5874010519681994, 2.0, inf] as bins for aspect ratio quantization
2020-08-17 15:34:14,379	INFO	kdkit.datasets.sampler	Count of instances per bin: [  104   982 24236  2332  8225 74466  5763  1158]
2020-08-17 15:34:14,381	INFO	kdkit.models.util	[R-CNN model]
2020-08-17 15:34:14,381	INFO	kdkit.models.util	Redesigning the R-CNN model with ['backbone.body']
2020-08-17 15:34:14,381	INFO	kdkit.models.util	[teacher model]
2020-08-17 15:34:14,381	INFO	kdkit.models.util	Using the HeadRCNN teacher model
2020-08-17 15:34:14,381	INFO	kdkit.models.util	[R-CNN model]
2020-08-17 15:34:14,381	INFO	kdkit.models.util	Redesigning the R-CNN model with ['backbone.body']
2020-08-17 15:34:14,381	INFO	kdkit.models.util	[student model]
2020-08-17 15:34:14,381	INFO	kdkit.models.util	Using the HeadRCNN student model
2020-08-17 15:34:14,381	INFO	kdkit.models.util	Frozen module(s): {'seq.backbone.body.layer4', 'seq.backbone.body.layer2', 'seq.backbone.body.layer3'}
2020-08-17 15:34:14,576	INFO	kdkit.core.distillation	Freezing the whole teacher model
2020-08-17 15:34:19,943	INFO	kdkit.misc.log	Epoch: [0]  [   0/9772]  eta: 14:33:26  lr: 0.001  img/s: 1.2078750104122713  loss: 65548840.0000 (65548840.0000)  time: 5.3629  data: 2.0513  max mem: 9490
2020-08-17 15:43:20,932	INFO	kdkit.misc.log	Epoch: [0]  [1000/9772]  eta: 1:19:47  lr: 0.001  img/s: 10.036747291034406  loss: 3560447.0000 (6393361.2785)  time: 0.4157  data: 0.0104  max mem: 9490
2020-08-17 15:50:32,298	INFO	kdkit.misc.log	Epoch: [0]  [2000/9772]  eta: 1:03:17  lr: 0.001  img/s: 9.631975657715328  loss: 2325532.5000 (4667868.2937)  time: 0.4784  data: 0.0104  max mem: 9490
2020-08-17 15:57:37,806	INFO	kdkit.misc.log	Epoch: [0]  [3000/9772]  eta: 0:52:46  lr: 0.001  img/s: 9.458746987272548  loss: 2124495.0000 (3858994.8100)  time: 0.4248  data: 0.0094  max mem: 9490
2020-08-17 16:04:38,912	INFO	kdkit.misc.log	Epoch: [0]  [4000/9772]  eta: 0:43:51  lr: 0.001  img/s: 9.714321448009914  loss: 1822416.1250 (3398841.3841)  time: 0.4255  data: 0.0108  max mem: 9490
2020-08-17 16:11:41,328	INFO	kdkit.misc.log	Epoch: [0]  [5000/9772]  eta: 0:35:43  lr: 0.001  img/s: 10.372184578861466  loss: 1738569.0000 (3084175.8360)  time: 0.4217  data: 0.0101  max mem: 9490
2020-08-17 16:18:45,259	INFO	kdkit.misc.log	Epoch: [0]  [6000/9772]  eta: 0:27:58  lr: 0.001  img/s: 9.745611278437888  loss: 1580236.7500 (2858070.7657)  time: 0.4184  data: 0.0084  max mem: 9490
2020-08-17 16:25:48,342	INFO	kdkit.misc.log	Epoch: [0]  [7000/9772]  eta: 0:20:24  lr: 0.001  img/s: 9.674013525108172  loss: 1869929.7500 (2722651.9625)  time: 0.4725  data: 0.0098  max mem: 9490
2020-08-17 16:32:53,998	INFO	kdkit.misc.log	Epoch: [0]  [8000/9772]  eta: 0:12:59  lr: 0.001  img/s: 10.169938903561706  loss: 1718872.1250 (2601781.0395)  time: 0.4216  data: 0.0097  max mem: 9490
2020-08-17 16:39:55,434	INFO	kdkit.misc.log	Epoch: [0]  [9000/9772]  eta: 0:05:37  lr: 0.001  img/s: 10.013193586911694  loss: 1476806.7500 (2499193.2763)  time: 0.4175  data: 0.0101  max mem: 9490
2020-08-17 16:45:21,687	INFO	kdkit.misc.log	Epoch: [0] Total time: 1:11:07
2020-08-17 16:45:25,346	INFO	kdkit.misc.log	Validation:  [   0/1667]  eta: 0:59:01  model_time: 0.8482 (0.8482)  evaluator_time: 0.0117 (0.0117)  time: 2.1248  data: 1.2639  max mem: 9490
2020-08-17 16:47:42,928	INFO	kdkit.misc.log	Validation:  [1000/1667]  eta: 0:01:33  model_time: 0.0638 (0.1067)  evaluator_time: 0.0218 (0.0300)  time: 0.1213  data: 0.0001  max mem: 9490
2020-08-17 16:49:01,958	INFO	kdkit.misc.log	Validation: Total time: 0:03:38
2020-08-17 16:49:09,744	INFO	__main__	Averaged stats: model_time: 0.0607 (0.0993)  evaluator_time: 0.0195 (0.0310)
2020-08-17 16:49:25,355	INFO	__main__	Updating ckpt (Best BBox mAP: 0.0000 -> 0.3601)
2020-08-17 16:49:28,576	INFO	kdkit.misc.log	Epoch: [1]  [   0/9772]  eta: 7:54:53  lr: 0.001  img/s: 10.664002130611845  loss: 1716626.6250 (1716626.6250)  time: 2.9158  data: 2.5407  max mem: 9490
2020-08-17 16:56:30,022	INFO	kdkit.misc.log	Epoch: [1]  [1000/9772]  eta: 1:01:58  lr: 0.001  img/s: 10.615917787017452  loss: 1492099.7500 (1558573.9835)  time: 0.4207  data: 0.0100  max mem: 9490
2020-08-17 17:03:30,044	INFO	kdkit.misc.log	Epoch: [1]  [2000/9772]  eta: 0:54:39  lr: 0.001  img/s: 9.43467791367918  loss: 1415582.7500 (1558457.0468)  time: 0.4147  data: 0.0095  max mem: 9490
2020-08-17 17:10:30,958	INFO	kdkit.misc.log	Epoch: [1]  [3000/9772]  eta: 0:47:35  lr: 0.001  img/s: 9.643763048256707  loss: 1449113.5000 (1538080.8681)  time: 0.4219  data: 0.0102  max mem: 9490
2020-08-17 17:17:31,407	INFO	kdkit.misc.log	Epoch: [1]  [4000/9772]  eta: 0:40:31  lr: 0.001  img/s: 10.444530216968516  loss: 1334963.2500 (1522144.9480)  time: 0.4137  data: 0.0097  max mem: 9490
2020-08-17 17:24:33,123	INFO	kdkit.misc.log	Epoch: [1]  [5000/9772]  eta: 0:33:30  lr: 0.001  img/s: 9.518544952802197  loss: 1404876.0000 (1510809.6118)  time: 0.4191  data: 0.0105  max mem: 9490
2020-08-17 17:31:34,219	INFO	kdkit.misc.log	Epoch: [1]  [6000/9772]  eta: 0:26:29  lr: 0.001  img/s: 9.83067456766859  loss: 1456075.1250 (1505877.8575)  time: 0.4216  data: 0.0102  max mem: 9490
2020-08-17 17:38:34,435	INFO	kdkit.misc.log	Epoch: [1]  [7000/9772]  eta: 0:19:27  lr: 0.001  img/s: 9.807950903001508  loss: 1338421.0000 (1500750.7494)  time: 0.4213  data: 0.0096  max mem: 9490
2020-08-17 17:45:36,332	INFO	kdkit.misc.log	Epoch: [1]  [8000/9772]  eta: 0:12:26  lr: 0.001  img/s: 10.084091719154118  loss: 1371713.7500 (1491526.2220)  time: 0.4207  data: 0.0098  max mem: 9490
2020-08-17 17:52:36,374	INFO	kdkit.misc.log	Epoch: [1]  [9000/9772]  eta: 0:05:25  lr: 0.001  img/s: 9.764107052857144  loss: 1331440.7500 (1482267.8863)  time: 0.4139  data: 0.0095  max mem: 9490
2020-08-17 17:58:01,250	INFO	kdkit.misc.log	Epoch: [1] Total time: 1:08:35
2020-08-17 17:58:04,500	INFO	kdkit.misc.log	Validation:  [   0/1667]  eta: 0:45:33  model_time: 0.1390 (0.1390)  evaluator_time: 0.0196 (0.0196)  time: 1.6396  data: 1.4779  max mem: 9490
2020-08-17 17:59:55,539	INFO	kdkit.misc.log	Validation:  [1000/1667]  eta: 0:01:15  model_time: 0.0635 (0.0789)  evaluator_time: 0.0252 (0.0306)  time: 0.1212  data: 0.0001  max mem: 9490
2020-08-17 18:01:12,288	INFO	kdkit.misc.log	Validation: Total time: 0:03:09
2020-08-17 18:01:16,300	INFO	__main__	Averaged stats: model_time: 0.0599 (0.0807)  evaluator_time: 0.0198 (0.0308)
2020-08-17 18:01:33,982	INFO	__main__	Updating ckpt (Best BBox mAP: 0.3601 -> 0.3659)
2020-08-17 18:01:37,048	INFO	kdkit.misc.log	Epoch: [2]  [   0/9772]  eta: 7:09:27  lr: 0.001  img/s: 10.729239984114509  loss: 1328938.6250 (1328938.6250)  time: 2.6368  data: 2.2640  max mem: 9490
2020-08-17 18:08:36,817	INFO	kdkit.misc.log	Epoch: [2]  [1000/9772]  eta: 1:01:41  lr: 0.001  img/s: 10.645076881883488  loss: 1338484.0000 (1447593.6446)  time: 0.4155  data: 0.0095  max mem: 9490
2020-08-17 18:15:37,527	INFO	kdkit.misc.log	Epoch: [2]  [2000/9772]  eta: 0:54:34  lr: 0.001  img/s: 9.824399824560274  loss: 1421769.2500 (1423946.9717)  time: 0.4153  data: 0.0109  max mem: 9490
2020-08-17 18:22:39,005	INFO	kdkit.misc.log	Epoch: [2]  [3000/9772]  eta: 0:47:33  lr: 0.001  img/s: 10.023908419568386  loss: 1335751.7500 (1414142.0439)  time: 0.4214  data: 0.0109  max mem: 9490
2020-08-17 18:29:39,586	INFO	kdkit.misc.log	Epoch: [2]  [4000/9772]  eta: 0:40:31  lr: 0.001  img/s: 10.394354643850638  loss: 1273212.0000 (1422021.9344)  time: 0.4195  data: 0.0094  max mem: 9490
2020-08-17 18:36:40,149	INFO	kdkit.misc.log	Epoch: [2]  [5000/9772]  eta: 0:33:29  lr: 0.001  img/s: 8.88811094711703  loss: 1326223.2500 (1413513.9931)  time: 0.4212  data: 0.0096  max mem: 9490
2020-08-17 18:43:40,449	INFO	kdkit.misc.log	Epoch: [2]  [6000/9772]  eta: 0:26:27  lr: 0.001  img/s: 9.740875268237852  loss: 1382009.5000 (1406762.7752)  time: 0.4175  data: 0.0101  max mem: 9490
2020-08-17 18:50:40,331	INFO	kdkit.misc.log	Epoch: [2]  [7000/9772]  eta: 0:19:26  lr: 0.001  img/s: 9.896048296954307  loss: 1211198.2500 (1400448.2879)  time: 0.4560  data: 0.0094  max mem: 9490
2020-08-17 18:57:39,003	INFO	kdkit.misc.log	Epoch: [2]  [8000/9772]  eta: 0:12:25  lr: 0.001  img/s: 10.2788468136414  loss: 1389847.5000 (1393760.2529)  time: 0.4177  data: 0.0094  max mem: 9490
2020-08-17 19:04:37,988	INFO	kdkit.misc.log	Epoch: [2]  [9000/9772]  eta: 0:05:24  lr: 0.001  img/s: 9.763680878341692  loss: 1320781.5000 (1391587.0067)  time: 0.4190  data: 0.0103  max mem: 9490
2020-08-17 19:10:03,574	INFO	kdkit.misc.log	Epoch: [2] Total time: 1:08:29
2020-08-17 19:10:07,041	INFO	kdkit.misc.log	Validation:  [   0/1667]  eta: 0:51:43  model_time: 0.1095 (0.1095)  evaluator_time: 0.0182 (0.0182)  time: 1.8617  data: 1.7329  max mem: 9490
2020-08-17 19:11:59,888	INFO	kdkit.misc.log	Validation:  [1000/1667]  eta: 0:01:16  model_time: 0.0657 (0.0790)  evaluator_time: 0.0256 (0.0323)  time: 0.1237  data: 0.0001  max mem: 9490
2020-08-17 19:13:19,486	INFO	kdkit.misc.log	Validation: Total time: 0:03:14
2020-08-17 19:13:23,472	INFO	__main__	Averaged stats: model_time: 0.0588 (0.0806)  evaluator_time: 0.0207 (0.0338)
2020-08-17 19:13:42,128	INFO	kdkit.misc.log	Epoch: [3]  [   0/9772]  eta: 9:28:54  lr: 0.001  img/s: 8.986382139949436  loss: 1353990.8750 (1353990.8750)  time: 3.4930  data: 3.0479  max mem: 9490
2020-08-17 19:20:41,376	INFO	kdkit.misc.log	Epoch: [3]  [1000/9772]  eta: 1:01:44  lr: 0.001  img/s: 10.072618943268177  loss: 1546839.0000 (1651628.4238)  time: 0.4169  data: 0.0100  max mem: 9490
2020-08-17 19:27:38,834	INFO	kdkit.misc.log	Epoch: [3]  [2000/9772]  eta: 0:54:23  lr: 0.001  img/s: 9.84141777474313  loss: 1346012.7500 (1583936.0109)  time: 0.4170  data: 0.0100  max mem: 9490
2020-08-17 19:34:36,093	INFO	kdkit.misc.log	Epoch: [3]  [3000/9772]  eta: 0:47:17  lr: 0.001  img/s: 9.52079742816365  loss: 1355274.0000 (1522735.7777)  time: 0.4188  data: 0.0103  max mem: 9490
2020-08-17 19:41:34,311	INFO	kdkit.misc.log	Epoch: [3]  [4000/9772]  eta: 0:40:17  lr: 0.001  img/s: 10.420501608675668  loss: 1310291.2500 (1483466.1121)  time: 0.4146  data: 0.0100  max mem: 9490
2020-08-17 19:48:32,938	INFO	kdkit.misc.log	Epoch: [3]  [5000/9772]  eta: 0:33:18  lr: 0.001  img/s: 9.742510001085908  loss: 1449270.1250 (1457372.5706)  time: 0.4150  data: 0.0096  max mem: 9490
2020-08-17 19:55:30,581	INFO	kdkit.misc.log	Epoch: [3]  [6000/9772]  eta: 0:26:18  lr: 0.001  img/s: 9.73565232731147  loss: 1298037.8750 (1437074.6089)  time: 0.4237  data: 0.0117  max mem: 9490
2020-08-17 20:02:28,135	INFO	kdkit.misc.log	Epoch: [3]  [7000/9772]  eta: 0:19:19  lr: 0.001  img/s: 10.278601216605084  loss: 1358632.8750 (1420622.9280)  time: 0.4134  data: 0.0101  max mem: 9490
2020-08-17 20:09:25,224	INFO	kdkit.misc.log	Epoch: [3]  [8000/9772]  eta: 0:12:21  lr: 0.001  img/s: 9.764862893824125  loss: 1149298.0000 (1406770.2668)  time: 0.4177  data: 0.0096  max mem: 9490
2020-08-17 20:16:23,583	INFO	kdkit.misc.log	Epoch: [3]  [9000/9772]  eta: 0:05:22  lr: 0.001  img/s: 9.55629666801282  loss: 1283014.3750 (1398448.4950)  time: 0.4179  data: 0.0101  max mem: 9490
2020-08-17 20:21:47,084	INFO	kdkit.misc.log	Epoch: [3] Total time: 1:08:08
2020-08-17 20:21:50,624	INFO	kdkit.misc.log	Validation:  [   0/1667]  eta: 0:54:18  model_time: 0.1020 (0.1020)  evaluator_time: 0.0286 (0.0286)  time: 1.9549  data: 1.8231  max mem: 9490
2020-08-17 20:23:46,825	INFO	kdkit.misc.log	Validation:  [1000/1667]  eta: 0:01:18  model_time: 0.0667 (0.0793)  evaluator_time: 0.0307 (0.0353)  time: 0.1250  data: 0.0001  max mem: 9490
2020-08-17 20:25:03,823	INFO	kdkit.misc.log	Validation: Total time: 0:03:15
2020-08-17 20:25:07,723	INFO	__main__	Averaged stats: model_time: 0.0584 (0.0814)  evaluator_time: 0.0195 (0.0333)
2020-08-17 20:25:30,453	INFO	kdkit.misc.log	Epoch: [4]  [   0/9772]  eta: 11:12:26  lr: 0.001  img/s: 3.03806835158348  loss: 1325268.5000 (1325268.5000)  time: 4.1288  data: 2.8121  max mem: 9490
2020-08-17 20:32:28,379	INFO	kdkit.misc.log	Epoch: [4]  [1000/9772]  eta: 1:01:38  lr: 0.001  img/s: 9.945820076461546  loss: 1202828.7500 (1286110.7412)  time: 0.4193  data: 0.0102  max mem: 9490
2020-08-17 20:39:24,840	INFO	kdkit.misc.log	Epoch: [4]  [2000/9772]  eta: 0:54:16  lr: 0.001  img/s: 9.83393022729644  loss: 1280896.0000 (1291303.2282)  time: 0.4177  data: 0.0095  max mem: 9490
2020-08-17 20:46:21,996	INFO	kdkit.misc.log	Epoch: [4]  [3000/9772]  eta: 0:47:13  lr: 0.001  img/s: 9.84459968137636  loss: 1281011.1250 (1292064.8333)  time: 0.4183  data: 0.0098  max mem: 9490
2020-08-17 20:53:18,954	INFO	kdkit.misc.log	Epoch: [4]  [4000/9772]  eta: 0:40:12  lr: 0.001  img/s: 9.77565632458234  loss: 1145156.2500 (1301447.9453)  time: 0.4202  data: 0.0097  max mem: 9490
2020-08-17 21:00:16,067	INFO	kdkit.misc.log	Epoch: [4]  [5000/9772]  eta: 0:33:14  lr: 0.001  img/s: 9.97809332076448  loss: 1244054.0000 (1299649.1242)  time: 0.4174  data: 0.0103  max mem: 9490
2020-08-17 21:07:12,723	INFO	kdkit.misc.log	Epoch: [4]  [6000/9772]  eta: 0:26:15  lr: 0.001  img/s: 9.821437937881683  loss: 1296597.5000 (1294901.8850)  time: 0.4172  data: 0.0099  max mem: 9490
2020-08-17 21:14:09,569	INFO	kdkit.misc.log	Epoch: [4]  [7000/9772]  eta: 0:19:17  lr: 0.001  img/s: 9.84836750015996  loss: 1263688.5000 (1291632.1589)  time: 0.4226  data: 0.0099  max mem: 9490
2020-08-17 21:21:05,760	INFO	kdkit.misc.log	Epoch: [4]  [8000/9772]  eta: 0:12:19  lr: 0.001  img/s: 9.90275393003293  loss: 1285886.7500 (1289156.9181)  time: 0.4143  data: 0.0100  max mem: 9490
2020-08-17 21:28:02,802	INFO	kdkit.misc.log	Epoch: [4]  [9000/9772]  eta: 0:05:22  lr: 0.001  img/s: 9.756430252046108  loss: 1190670.0000 (1286496.0108)  time: 0.4131  data: 0.0096  max mem: 9490
2020-08-17 21:33:25,933	INFO	kdkit.misc.log	Epoch: [4] Total time: 1:07:59
2020-08-17 21:33:29,577	INFO	kdkit.misc.log	Validation:  [   0/1667]  eta: 0:56:44  model_time: 0.1019 (0.1019)  evaluator_time: 0.0280 (0.0280)  time: 2.0424  data: 1.9112  max mem: 9490
2020-08-17 21:35:23,157	INFO	kdkit.misc.log	Validation:  [1000/1667]  eta: 0:01:17  model_time: 0.0624 (0.0790)  evaluator_time: 0.0238 (0.0331)  time: 0.1252  data: 0.0001  max mem: 9490
2020-08-17 21:36:40,806	INFO	kdkit.misc.log	Validation: Total time: 0:03:13
2020-08-17 21:36:44,303	INFO	__main__	Averaged stats: model_time: 0.0594 (0.0805)  evaluator_time: 0.0196 (0.0328)
2020-08-17 21:37:06,458	INFO	kdkit.misc.log	Epoch: [5]  [   0/9772]  eta: 9:21:37  lr: 0.0001  img/s: 3.78255748727966  loss: 1243599.5000 (1243599.5000)  time: 3.4483  data: 2.3908  max mem: 9490
2020-08-17 21:44:05,428	INFO	kdkit.misc.log	Epoch: [5]  [1000/9772]  eta: 1:01:41  lr: 0.0001  img/s: 9.80821466132952  loss: 1246731.6250 (1338885.3310)  time: 0.4175  data: 0.0100  max mem: 9490
2020-08-17 21:51:01,428	INFO	kdkit.misc.log	Epoch: [5]  [2000/9772]  eta: 0:54:16  lr: 0.0001  img/s: 9.919334975005395  loss: 1214105.3750 (1315723.6633)  time: 0.4162  data: 0.0110  max mem: 9490
2020-08-17 21:57:57,053	INFO	kdkit.misc.log	Epoch: [5]  [3000/9772]  eta: 0:47:09  lr: 0.0001  img/s: 10.036056838153394  loss: 1139036.7500 (1298709.5192)  time: 0.4142  data: 0.0098  max mem: 9490
2020-08-17 22:04:52,853	INFO	kdkit.misc.log	Epoch: [5]  [4000/9772]  eta: 0:40:08  lr: 0.0001  img/s: 10.951306900925141  loss: 1189587.2500 (1283911.9313)  time: 0.4168  data: 0.0106  max mem: 9490
2020-08-17 22:11:48,282	INFO	kdkit.misc.log	Epoch: [5]  [5000/9772]  eta: 0:33:09  lr: 0.0001  img/s: 9.665052100855828  loss: 1197442.6250 (1278153.1874)  time: 0.4174  data: 0.0104  max mem: 9490
2020-08-17 22:18:44,814	INFO	kdkit.misc.log	Epoch: [5]  [6000/9772]  eta: 0:26:12  lr: 0.0001  img/s: 9.642887276748509  loss: 1280836.7500 (1272511.2813)  time: 0.4223  data: 0.0108  max mem: 9490
2020-08-17 22:25:41,195	INFO	kdkit.misc.log	Epoch: [5]  [7000/9772]  eta: 0:19:15  lr: 0.0001  img/s: 9.929179824914423  loss: 1099203.2500 (1264814.3053)  time: 0.4125  data: 0.0098  max mem: 9490
2020-08-17 22:32:38,765	INFO	kdkit.misc.log	Epoch: [5]  [8000/9772]  eta: 0:12:18  lr: 0.0001  img/s: 10.649076905694965  loss: 1250576.1250 (1261031.9296)  time: 0.4167  data: 0.0102  max mem: 9490
2020-08-17 22:39:35,104	INFO	kdkit.misc.log	Epoch: [5]  [9000/9772]  eta: 0:05:21  lr: 0.0001  img/s: 10.241593998089302  loss: 1276219.1250 (1256396.3779)  time: 0.4124  data: 0.0088  max mem: 9490
2020-08-17 22:44:58,307	INFO	kdkit.misc.log	Epoch: [5] Total time: 1:07:55
2020-08-17 22:45:02,081	INFO	kdkit.misc.log	Validation:  [   0/1667]  eta: 0:59:48  model_time: 0.0960 (0.0960)  evaluator_time: 0.0195 (0.0195)  time: 2.1525  data: 2.0360  max mem: 9490
2020-08-17 22:46:52,364	INFO	kdkit.misc.log	Validation:  [1000/1667]  eta: 0:01:14  model_time: 0.0653 (0.0750)  evaluator_time: 0.0244 (0.0340)  time: 0.1236  data: 0.0001  max mem: 9490
2020-08-17 22:48:10,603	INFO	kdkit.misc.log	Validation: Total time: 0:03:10
2020-08-17 22:48:18,930	INFO	__main__	Averaged stats: model_time: 0.0593 (0.0801)  evaluator_time: 0.0213 (0.0337)
2020-08-17 22:48:37,597	INFO	__main__	Updating ckpt (Best BBox mAP: 0.3659 -> 0.3684)
2020-08-17 22:48:41,764	INFO	kdkit.misc.log	Epoch: [6]  [   0/9772]  eta: 10:17:40  lr: 0.0001  img/s: 10.51114441375923  loss: 1101434.1250 (1101434.1250)  time: 3.7926  data: 3.4120  max mem: 9490
2020-08-17 22:55:40,893	INFO	kdkit.misc.log	Epoch: [6]  [1000/9772]  eta: 1:01:46  lr: 0.0001  img/s: 10.042478713056491  loss: 1253451.1250 (1214714.9885)  time: 0.4125  data: 0.0106  max mem: 9490
2020-08-17 23:02:38,614	INFO	kdkit.misc.log	Epoch: [6]  [2000/9772]  eta: 0:54:25  lr: 0.0001  img/s: 9.826102999098635  loss: 1261205.0000 (1217559.5500)  time: 0.4180  data: 0.0057  max mem: 9490
2020-08-17 23:09:36,447	INFO	kdkit.misc.log	Epoch: [6]  [3000/9772]  eta: 0:47:19  lr: 0.0001  img/s: 9.845281373544895  loss: 1200900.7500 (1215183.4569)  time: 0.4215  data: 0.0107  max mem: 9490
2020-08-17 23:16:35,096	INFO	kdkit.misc.log	Epoch: [6]  [4000/9772]  eta: 0:40:19  lr: 0.0001  img/s: 9.676189509454595  loss: 1090170.6250 (1212767.7567)  time: 0.4259  data: 0.0106  max mem: 9490
2020-08-17 23:23:34,103	INFO	kdkit.misc.log	Epoch: [6]  [5000/9772]  eta: 0:33:20  lr: 0.0001  img/s: 9.772894532503761  loss: 1147312.6250 (1210631.8285)  time: 0.4257  data: 0.0099  max mem: 9490
2020-08-17 23:30:34,487	INFO	kdkit.misc.log	Epoch: [6]  [6000/9772]  eta: 0:26:21  lr: 0.0001  img/s: 9.987496294250224  loss: 1333926.0000 (1211250.2128)  time: 0.4208  data: 0.0105  max mem: 9490
2020-08-17 23:37:36,856	INFO	kdkit.misc.log	Epoch: [6]  [7000/9772]  eta: 0:19:23  lr: 0.0001  img/s: 10.293585197846946  loss: 1198669.1250 (1210484.9956)  time: 0.4166  data: 0.0101  max mem: 9490
2020-08-17 23:44:38,257	INFO	kdkit.misc.log	Epoch: [6]  [8000/9772]  eta: 0:12:24  lr: 0.0001  img/s: 9.46280157814734  loss: 1163442.6250 (1210491.5841)  time: 0.4180  data: 0.0094  max mem: 9490
2020-08-17 23:51:40,412	INFO	kdkit.misc.log	Epoch: [6]  [9000/9772]  eta: 0:05:24  lr: 0.0001  img/s: 9.647256630858173  loss: 1089232.1250 (1210058.0703)  time: 0.4253  data: 0.0095  max mem: 9490
2020-08-17 23:57:08,870	INFO	kdkit.misc.log	Epoch: [6] Total time: 1:08:30
2020-08-17 23:57:12,751	INFO	kdkit.misc.log	Validation:  [   0/1667]  eta: 1:02:21  model_time: 0.0980 (0.0980)  evaluator_time: 0.0191 (0.0191)  time: 2.2446  data: 2.1265  max mem: 9490
2020-08-17 23:58:57,887	INFO	kdkit.misc.log	Validation:  [1000/1667]  eta: 0:01:11  model_time: 0.0659 (0.0701)  evaluator_time: 0.0252 (0.0341)  time: 0.1132  data: 0.0001  max mem: 9490
2020-08-18 00:00:14,397	INFO	kdkit.misc.log	Validation: Total time: 0:03:03
2020-08-18 00:00:33,146	INFO	__main__	Averaged stats: model_time: 0.0591 (0.0780)  evaluator_time: 0.0210 (0.0351)
2020-08-18 00:00:55,922	INFO	kdkit.misc.log	Epoch: [7]  [   0/9772]  eta: 12:09:03  lr: 0.0001  img/s: 10.561771751070989  loss: 1225299.2500 (1225299.2500)  time: 4.4765  data: 4.0977  max mem: 9490
2020-08-18 00:07:59,756	INFO	kdkit.misc.log	Epoch: [7]  [1000/9772]  eta: 1:02:33  lr: 0.0001  img/s: 10.461613288827724  loss: 1146222.3750 (1201665.4082)  time: 0.4245  data: 0.0113  max mem: 9490
2020-08-18 00:15:01,755	INFO	kdkit.misc.log	Epoch: [7]  [2000/9772]  eta: 0:55:02  lr: 0.0001  img/s: 9.754541294778477  loss: 1110914.2500 (1203438.6522)  time: 0.4116  data: 0.0099  max mem: 9490
2020-08-18 00:22:04,241	INFO	kdkit.misc.log	Epoch: [7]  [3000/9772]  eta: 0:47:52  lr: 0.0001  img/s: 9.082344738132797  loss: 1179568.8750 (1204301.7261)  time: 0.4183  data: 0.0112  max mem: 9490
2020-08-18 00:29:07,552	INFO	kdkit.misc.log	Epoch: [7]  [4000/9772]  eta: 0:40:46  lr: 0.0001  img/s: 9.886909869221268  loss: 1183631.2500 (1202326.4117)  time: 0.4216  data: 0.0101  max mem: 9490
2020-08-18 00:36:11,395	INFO	kdkit.misc.log	Epoch: [7]  [5000/9772]  eta: 0:33:42  lr: 0.0001  img/s: 9.741684081316496  loss: 1143878.3750 (1201344.8996)  time: 0.4199  data: 0.0104  max mem: 9490
2020-08-18 00:43:15,231	INFO	kdkit.misc.log	Epoch: [7]  [6000/9772]  eta: 0:26:38  lr: 0.0001  img/s: 9.658264079342162  loss: 1162511.0000 (1203908.6753)  time: 0.4223  data: 0.0104  max mem: 9490
2020-08-18 00:50:21,970	INFO	kdkit.misc.log	Epoch: [7]  [7000/9772]  eta: 0:19:36  lr: 0.0001  img/s: 9.819586947029814  loss: 1094355.6250 (1203568.2676)  time: 0.4307  data: 0.0102  max mem: 9490
2020-08-18 00:57:28,622	INFO	kdkit.misc.log	Epoch: [7]  [8000/9772]  eta: 0:12:32  lr: 0.0001  img/s: 9.840355672340376  loss: 1142297.6250 (1202249.2804)  time: 0.4181  data: 0.0108  max mem: 9490
2020-08-18 01:04:34,106	INFO	kdkit.misc.log	Epoch: [7]  [9000/9772]  eta: 0:05:27  lr: 0.0001  img/s: 9.811277590025222  loss: 1183774.3750 (1202188.0953)  time: 0.4325  data: 0.0107  max mem: 9490
2020-08-18 01:10:06,127	INFO	kdkit.misc.log	Epoch: [7] Total time: 1:09:14
2020-08-18 01:10:12,730	INFO	kdkit.misc.log	Validation:  [   0/1667]  eta: 1:01:20  model_time: 0.1038 (0.1038)  evaluator_time: 0.0337 (0.0337)  time: 2.2080  data: 2.0694  max mem: 9490
2020-08-18 01:12:05,493	INFO	kdkit.misc.log	Validation:  [1000/1667]  eta: 0:01:16  model_time: 0.0660 (0.0768)  evaluator_time: 0.0273 (0.0344)  time: 0.1257  data: 0.0001  max mem: 9490
2020-08-18 01:13:24,913	INFO	kdkit.misc.log	Validation: Total time: 0:03:14
2020-08-18 01:13:33,204	INFO	__main__	Averaged stats: model_time: 0.0600 (0.0816)  evaluator_time: 0.0225 (0.0350)
2020-08-18 01:13:57,020	INFO	kdkit.misc.log	Epoch: [8]  [   0/9772]  eta: 13:08:00  lr: 0.0001  img/s: 10.747990823613373  loss: 1442485.3750 (1442485.3750)  time: 4.8384  data: 4.4662  max mem: 9490
2020-08-18 01:21:03,800	INFO	kdkit.misc.log	Epoch: [8]  [1000/9772]  eta: 1:03:02  lr: 0.0001  img/s: 9.578349110544384  loss: 1219855.8750 (1210713.8706)  time: 0.4287  data: 0.0094  max mem: 9490
2020-08-18 01:28:09,459	INFO	kdkit.misc.log	Epoch: [8]  [2000/9772]  eta: 0:55:29  lr: 0.0001  img/s: 9.697689393545284  loss: 1143515.1250 (1202554.6831)  time: 0.4296  data: 0.0096  max mem: 9490
2020-08-18 01:35:14,864	INFO	kdkit.misc.log	Epoch: [8]  [3000/9772]  eta: 0:48:14  lr: 0.0001  img/s: 9.716290517805538  loss: 1190103.3750 (1198808.6690)  time: 0.4217  data: 0.0107  max mem: 9490
2020-08-18 01:42:21,380	INFO	kdkit.misc.log	Epoch: [8]  [4000/9772]  eta: 0:41:05  lr: 0.0001  img/s: 9.699433026673242  loss: 1270898.7500 (1197815.2029)  time: 0.4275  data: 0.0100  max mem: 9490
2020-08-18 01:49:26,939	INFO	kdkit.misc.log	Epoch: [8]  [5000/9772]  eta: 0:33:56  lr: 0.0001  img/s: 9.481658310910973  loss: 1265103.6250 (1198158.3406)  time: 0.4363  data: 0.0099  max mem: 9490
2020-08-18 01:56:34,974	INFO	kdkit.misc.log	Epoch: [8]  [6000/9772]  eta: 0:26:50  lr: 0.0001  img/s: 8.62503752873776  loss: 1164897.8750 (1199805.2479)  time: 0.4323  data: 0.0104  max mem: 9490
2020-08-18 02:03:42,201	INFO	kdkit.misc.log	Epoch: [8]  [7000/9772]  eta: 0:19:43  lr: 0.0001  img/s: 9.71794515342768  loss: 1365135.8750 (1198268.9975)  time: 0.4216  data: 0.0100  max mem: 9490
2020-08-18 02:10:50,144	INFO	kdkit.misc.log	Epoch: [8]  [8000/9772]  eta: 0:12:36  lr: 0.0001  img/s: 9.713039168916822  loss: 1173152.2500 (1195155.2687)  time: 0.4207  data: 0.0101  max mem: 9490
2020-08-18 02:17:58,416	INFO	kdkit.misc.log	Epoch: [8]  [9000/9772]  eta: 0:05:29  lr: 0.0001  img/s: 9.630140107923683  loss: 1119918.5000 (1195044.5699)  time: 0.4301  data: 0.0101  max mem: 9490
2020-08-18 02:23:29,117	INFO	kdkit.misc.log	Epoch: [8] Total time: 1:09:36
2020-08-18 02:23:33,076	INFO	kdkit.misc.log	Validation:  [   0/1667]  eta: 1:05:11  model_time: 0.1203 (0.1203)  evaluator_time: 0.0269 (0.0269)  time: 2.3466  data: 2.1984  max mem: 9490
2020-08-18 02:25:27,500	INFO	kdkit.misc.log	Validation:  [1000/1667]  eta: 0:01:17  model_time: 0.0686 (0.0784)  evaluator_time: 0.0242 (0.0343)  time: 0.1272  data: 0.0001  max mem: 9490
2020-08-18 02:26:46,872	INFO	kdkit.misc.log	Validation: Total time: 0:03:16
2020-08-18 02:26:50,109	INFO	__main__	Averaged stats: model_time: 0.0587 (0.0809)  evaluator_time: 0.0216 (0.0344)
2020-08-18 02:27:08,925	INFO	__main__	Updating ckpt (Best BBox mAP: 0.3684 -> 0.3690)
2020-08-18 02:27:15,981	INFO	kdkit.misc.log	Epoch: [9]  [   0/9772]  eta: 18:06:21  lr: 0.0001  img/s: 1.0143942118421094  loss: 1133844.5000 (1133844.5000)  time: 6.6703  data: 2.7270  max mem: 9490
2020-08-18 02:34:23,667	INFO	kdkit.misc.log	Epoch: [9]  [1000/9772]  eta: 1:03:26  lr: 0.0001  img/s: 9.663220621209739  loss: 1161253.7500 (1198536.2674)  time: 0.4235  data: 0.0105  max mem: 9490
2020-08-18 02:41:31,016	INFO	kdkit.misc.log	Epoch: [9]  [2000/9772]  eta: 0:55:46  lr: 0.0001  img/s: 9.679701044923458  loss: 985068.2500 (1191288.2693)  time: 0.4211  data: 0.0099  max mem: 9490
2020-08-18 02:48:37,826	INFO	kdkit.misc.log	Epoch: [9]  [3000/9772]  eta: 0:48:27  lr: 0.0001  img/s: 9.663404294535066  loss: 1135303.1250 (1193430.9843)  time: 0.4264  data: 0.0107  max mem: 9490
2020-08-18 02:55:47,094	INFO	kdkit.misc.log	Epoch: [9]  [4000/9772]  eta: 0:41:18  lr: 0.0001  img/s: 9.261499717637474  loss: 1063490.7500 (1194817.0332)  time: 0.4267  data: 0.0102  max mem: 9490
2020-08-18 03:02:55,750	INFO	kdkit.misc.log	Epoch: [9]  [5000/9772]  eta: 0:34:08  lr: 0.0001  img/s: 9.378908154183978  loss: 1080379.1250 (1193200.4579)  time: 0.4267  data: 0.0096  max mem: 9490
2020-08-18 03:10:06,420	INFO	kdkit.misc.log	Epoch: [9]  [6000/9772]  eta: 0:26:59  lr: 0.0001  img/s: 9.411538733393844  loss: 1078726.0000 (1191805.7785)  time: 0.4281  data: 0.0104  max mem: 9490
2020-08-18 03:17:15,062	INFO	kdkit.misc.log	Epoch: [9]  [7000/9772]  eta: 0:19:50  lr: 0.0001  img/s: 10.280446630235902  loss: 1138787.3750 (1193554.2788)  time: 0.4234  data: 0.0111  max mem: 9490
2020-08-18 03:24:25,074	INFO	kdkit.misc.log	Epoch: [9]  [8000/9772]  eta: 0:12:40  lr: 0.0001  img/s: 9.348846747086776  loss: 1118274.2500 (1191180.1392)  time: 0.4323  data: 0.0113  max mem: 9490
2020-08-18 03:31:34,932	INFO	kdkit.misc.log	Epoch: [9]  [9000/9772]  eta: 0:05:31  lr: 0.0001  img/s: 9.659176012712157  loss: 1197184.5000 (1190801.0908)  time: 0.4385  data: 0.0112  max mem: 9490
2020-08-18 03:37:07,112	INFO	kdkit.misc.log	Epoch: [9] Total time: 1:09:57
2020-08-18 03:37:11,161	INFO	kdkit.misc.log	Validation:  [   0/1667]  eta: 1:06:33  model_time: 0.1224 (0.1224)  evaluator_time: 0.0235 (0.0235)  time: 2.3956  data: 2.2486  max mem: 9490
2020-08-18 03:39:01,147	INFO	kdkit.misc.log	Validation:  [1000/1667]  eta: 0:01:14  model_time: 0.0658 (0.0738)  evaluator_time: 0.0255 (0.0351)  time: 0.1229  data: 0.0001  max mem: 9490
2020-08-18 03:40:20,209	INFO	kdkit.misc.log	Validation: Total time: 0:03:11
2020-08-18 03:40:28,149	INFO	__main__	Averaged stats: model_time: 0.0589 (0.0799)  evaluator_time: 0.0219 (0.0346)
2020-08-18 03:40:52,066	INFO	kdkit.misc.log	Epoch: [10]  [   0/9772]  eta: 14:02:30  lr: 0.0001  img/s: 3.9511818537650556  loss: 1387573.0000 (1387573.0000)  time: 5.1729  data: 4.1606  max mem: 9490
2020-08-18 03:48:02,554	INFO	kdkit.misc.log	Epoch: [10]  [1000/9772]  eta: 1:03:37  lr: 0.0001  img/s: 9.589172382258802  loss: 1212383.7500 (1189761.5190)  time: 0.4254  data: 0.0105  max mem: 9490
2020-08-18 03:55:11,117	INFO	kdkit.misc.log	Epoch: [10]  [2000/9772]  eta: 0:55:56  lr: 0.0001  img/s: 9.677076922455756  loss: 1154769.1250 (1184099.0766)  time: 0.4216  data: 0.0099  max mem: 9490
2020-08-18 04:02:21,072	INFO	kdkit.misc.log	Epoch: [10]  [3000/9772]  eta: 0:48:40  lr: 0.0001  img/s: 9.643962613384225  loss: 1097789.1250 (1181144.1828)  time: 0.4299  data: 0.0085  max mem: 9490
2020-08-18 04:09:30,415	INFO	kdkit.misc.log	Epoch: [10]  [4000/9772]  eta: 0:41:26  lr: 0.0001  img/s: 8.823180521832056  loss: 1210351.8750 (1180925.8139)  time: 0.4501  data: 0.0099  max mem: 9490
2020-08-18 04:16:39,819	INFO	kdkit.misc.log	Epoch: [10]  [5000/9772]  eta: 0:34:14  lr: 0.0001  img/s: 9.651929785804361  loss: 1155047.0000 (1182070.1658)  time: 0.4229  data: 0.0107  max mem: 9490
2020-08-18 04:23:50,589	INFO	kdkit.misc.log	Epoch: [10]  [6000/9772]  eta: 0:27:04  lr: 0.0001  img/s: 9.409939285163425  loss: 1108852.3750 (1180632.0566)  time: 0.4295  data: 0.0100  max mem: 9490
2020-08-18 04:31:01,894	INFO	kdkit.misc.log	Epoch: [10]  [7000/9772]  eta: 0:19:53  lr: 0.0001  img/s: 9.37694766034838  loss: 1185969.8750 (1180784.4649)  time: 0.4341  data: 0.0105  max mem: 9490
2020-08-18 04:38:12,294	INFO	kdkit.misc.log	Epoch: [10]  [8000/9772]  eta: 0:12:43  lr: 0.0001  img/s: 9.51409715062782  loss: 1177720.0000 (1182197.3914)  time: 0.4369  data: 0.0094  max mem: 9490
2020-08-18 04:45:23,743	INFO	kdkit.misc.log	Epoch: [10]  [9000/9772]  eta: 0:05:32  lr: 0.0001  img/s: 8.615098951433179  loss: 1051482.3750 (1184225.9124)  time: 0.4273  data: 0.0108  max mem: 9490
2020-08-18 04:50:57,363	INFO	kdkit.misc.log	Epoch: [10] Total time: 1:10:10
2020-08-18 04:51:01,439	INFO	kdkit.misc.log	Validation:  [   0/1667]  eta: 1:07:50  model_time: 0.1486 (0.1486)  evaluator_time: 0.0257 (0.0257)  time: 2.4418  data: 2.2664  max mem: 9490
2020-08-18 04:52:57,008	INFO	kdkit.misc.log	Validation:  [1000/1667]  eta: 0:01:18  model_time: 0.0777 (0.0791)  evaluator_time: 0.0255 (0.0349)  time: 0.1276  data: 0.0001  max mem: 9490
2020-08-18 04:54:19,796	INFO	kdkit.misc.log	Validation: Total time: 0:03:20
2020-08-18 04:54:19,798	INFO	__main__	Averaged stats: model_time: 0.0585 (0.0803)  evaluator_time: 0.0232 (0.0359)
2020-08-18 04:54:38,437	INFO	__main__	Updating ckpt (Best BBox mAP: 0.3690 -> 0.3691)
2020-08-18 04:54:43,126	INFO	kdkit.misc.log	Epoch: [11]  [   0/9772]  eta: 11:42:23  lr: 0.0001  img/s: 6.02696562694436  loss: 975521.1250 (975521.1250)  time: 4.3127  data: 3.6490  max mem: 9490
2020-08-18 05:01:57,388	INFO	kdkit.misc.log	Epoch: [11]  [1000/9772]  eta: 1:04:03  lr: 0.0001  img/s: 9.60985201923435  loss: 1132594.5000 (1177635.4771)  time: 0.4243  data: 0.0105  max mem: 9490
2020-08-18 05:09:09,150	INFO	kdkit.misc.log	Epoch: [11]  [2000/9772]  eta: 0:56:20  lr: 0.0001  img/s: 10.148475419435075  loss: 1173192.6250 (1189456.8241)  time: 0.4269  data: 0.0095  max mem: 9490
2020-08-18 05:16:21,593	INFO	kdkit.misc.log	Epoch: [11]  [3000/9772]  eta: 0:48:59  lr: 0.0001  img/s: 9.57368136035028  loss: 1107762.0000 (1189395.5531)  time: 0.4487  data: 0.0117  max mem: 9490
2020-08-18 05:23:32,761	INFO	kdkit.misc.log	Epoch: [11]  [4000/9772]  eta: 0:41:41  lr: 0.0001  img/s: 9.483180388377502  loss: 1131972.0000 (1186756.1409)  time: 0.4309  data: 0.0107  max mem: 9490
2020-08-18 05:30:42,683	INFO	kdkit.misc.log	Epoch: [11]  [5000/9772]  eta: 0:34:24  lr: 0.0001  img/s: 11.000356685759845  loss: 1086636.1250 (1188549.3818)  time: 0.4267  data: 0.0107  max mem: 9490
2020-08-18 05:37:54,834	INFO	kdkit.misc.log	Epoch: [11]  [6000/9772]  eta: 0:27:11  lr: 0.0001  img/s: 9.542181392957406  loss: 1227509.8750 (1189586.5144)  time: 0.4347  data: 0.0107  max mem: 9490
2020-08-18 05:45:07,546	INFO	kdkit.misc.log	Epoch: [11]  [7000/9772]  eta: 0:19:59  lr: 0.0001  img/s: 9.321555924726225  loss: 1171727.0000 (1187146.1126)  time: 0.4271  data: 0.0115  max mem: 9490
2020-08-18 05:52:20,405	INFO	kdkit.misc.log	Epoch: [11]  [8000/9772]  eta: 0:12:46  lr: 0.0001  img/s: 9.041304276362766  loss: 1179725.7500 (1185845.6025)  time: 0.4476  data: 0.0101  max mem: 9490
2020-08-18 05:59:32,354	INFO	kdkit.misc.log	Epoch: [11]  [9000/9772]  eta: 0:05:33  lr: 0.0001  img/s: 10.19374736455803  loss: 1086287.2500 (1184404.7498)  time: 0.4296  data: 0.0104  max mem: 9490
2020-08-18 06:05:06,867	INFO	kdkit.misc.log	Epoch: [11] Total time: 1:10:28
2020-08-18 06:05:13,649	INFO	kdkit.misc.log	Validation:  [   0/1667]  eta: 1:02:19  model_time: 0.1409 (0.1409)  evaluator_time: 0.0361 (0.0361)  time: 2.2431  data: 2.0652  max mem: 9490
2020-08-18 06:07:02,164	INFO	kdkit.misc.log	Validation:  [1000/1667]  eta: 0:01:13  model_time: 0.0655 (0.0722)  evaluator_time: 0.0249 (0.0354)  time: 0.1206  data: 0.0001  max mem: 9490
2020-08-18 06:08:20,073	INFO	kdkit.misc.log	Validation: Total time: 0:03:08
2020-08-18 06:08:34,787	INFO	__main__	Averaged stats: model_time: 0.0595 (0.0800)  evaluator_time: 0.0223 (0.0352)
2020-08-18 06:08:58,918	INFO	kdkit.misc.log	Epoch: [12]  [   0/9772]  eta: 13:35:14  lr: 0.0001  img/s: 5.262129527578072  loss: 1224568.3750 (1224568.3750)  time: 5.0056  data: 4.2455  max mem: 9490
2020-08-18 06:16:12,158	INFO	kdkit.misc.log	Epoch: [12]  [1000/9772]  eta: 1:04:00  lr: 0.0001  img/s: 9.269722978251766  loss: 1137157.7500 (1180377.1180)  time: 0.4311  data: 0.0096  max mem: 9490
2020-08-18 06:23:24,383	INFO	kdkit.misc.log	Epoch: [12]  [2000/9772]  eta: 0:56:20  lr: 0.0001  img/s: 9.554326612873373  loss: 1150432.3750 (1176783.2330)  time: 0.4312  data: 0.0094  max mem: 9490
2020-08-18 06:30:37,256	INFO	kdkit.misc.log	Epoch: [12]  [3000/9772]  eta: 0:49:01  lr: 0.0001  img/s: 11.020784655050663  loss: 1105578.8750 (1177534.2252)  time: 0.4254  data: 0.0097  max mem: 9490
2020-08-18 06:37:49,406	INFO	kdkit.misc.log	Epoch: [12]  [4000/9772]  eta: 0:41:43  lr: 0.0001  img/s: 9.259720870778967  loss: 1055894.6250 (1174004.3741)  time: 0.4339  data: 0.0097  max mem: 9490
2020-08-18 06:45:00,660	INFO	kdkit.misc.log	Epoch: [12]  [5000/9772]  eta: 0:34:27  lr: 0.0001  img/s: 9.298910937899239  loss: 1159698.3750 (1177084.3302)  time: 0.4395  data: 0.0098  max mem: 9490
2020-08-18 06:52:13,026	INFO	kdkit.misc.log	Epoch: [12]  [6000/9772]  eta: 0:27:13  lr: 0.0001  img/s: 9.672011368516934  loss: 1120440.7500 (1177168.3198)  time: 0.4286  data: 0.0114  max mem: 9490
2020-08-18 06:59:23,732	INFO	kdkit.misc.log	Epoch: [12]  [7000/9772]  eta: 0:19:59  lr: 0.0001  img/s: 9.303691150488609  loss: 1201518.8750 (1175374.1673)  time: 0.4409  data: 0.0111  max mem: 9490
2020-08-18 07:06:36,441	INFO	kdkit.misc.log	Epoch: [12]  [8000/9772]  eta: 0:12:46  lr: 0.0001  img/s: 9.426519660476607  loss: 1140752.2500 (1174482.6077)  time: 0.4423  data: 0.0099  max mem: 9490
2020-08-18 07:13:46,746	INFO	kdkit.misc.log	Epoch: [12]  [9000/9772]  eta: 0:05:33  lr: 0.0001  img/s: 10.244589556112174  loss: 1115136.6250 (1174489.9295)  time: 0.4263  data: 0.0103  max mem: 9490
2020-08-18 07:19:20,270	INFO	kdkit.misc.log	Epoch: [12] Total time: 1:10:26
2020-08-18 07:19:23,990	INFO	kdkit.misc.log	Validation:  [   0/1667]  eta: 0:57:16  model_time: 0.1440 (0.1440)  evaluator_time: 0.0249 (0.0249)  time: 2.0616  data: 1.8915  max mem: 9490
2020-08-18 07:21:10,695	INFO	kdkit.misc.log	Validation:  [1000/1667]  eta: 0:01:12  model_time: 0.0663 (0.0712)  evaluator_time: 0.0315 (0.0346)  time: 0.1135  data: 0.0001  max mem: 9490
2020-08-18 07:22:27,336	INFO	kdkit.misc.log	Validation: Total time: 0:03:05
2020-08-18 07:22:44,056	INFO	__main__	Averaged stats: model_time: 0.0597 (0.0793)  evaluator_time: 0.0222 (0.0345)
2020-08-18 07:23:33,404	INFO	kdkit.misc.log	Epoch: [13]  [   0/9772]  eta: 1 day, 20:49:19  lr: 0.0001  img/s: 0.3073058445807833  loss: 1289750.3750 (1289750.3750)  time: 16.5125  data: 3.4961  max mem: 9490
2020-08-18 07:30:46,375	INFO	kdkit.misc.log	Epoch: [13]  [1000/9772]  eta: 1:05:38  lr: 0.0001  img/s: 8.854734506525249  loss: 1257178.2500 (1172149.2318)  time: 0.4350  data: 0.0121  max mem: 9490
2020-08-18 07:37:50,230	INFO	kdkit.misc.log	Epoch: [13]  [2000/9772]  eta: 0:56:32  lr: 0.0001  img/s: 9.714990842188586  loss: 1137751.8750 (1173519.3224)  time: 0.4244  data: 0.0103  max mem: 9490
2020-08-18 07:44:53,593	INFO	kdkit.misc.log	Epoch: [13]  [3000/9772]  eta: 0:48:46  lr: 0.0001  img/s: 9.644245344787247  loss: 1060635.6250 (1172604.5543)  time: 0.4285  data: 0.0099  max mem: 9490
2020-08-18 07:51:55,880	INFO	kdkit.misc.log	Epoch: [13]  [4000/9772]  eta: 0:41:19  lr: 0.0001  img/s: 8.783790745646643  loss: 1218039.1250 (1176041.7294)  time: 0.4230  data: 0.0102  max mem: 9490
2020-08-18 07:58:58,239	INFO	kdkit.misc.log	Epoch: [13]  [5000/9772]  eta: 0:34:03  lr: 0.0001  img/s: 9.809413220231558  loss: 1060656.8750 (1176610.6356)  time: 0.4158  data: 0.0104  max mem: 9490
2020-08-18 08:06:00,137	INFO	kdkit.misc.log	Epoch: [13]  [6000/9772]  eta: 0:26:51  lr: 0.0001  img/s: 9.472001300781429  loss: 1137160.8750 (1176193.1845)  time: 0.4182  data: 0.0121  max mem: 9490
2020-08-18 08:13:00,766	INFO	kdkit.misc.log	Epoch: [13]  [7000/9772]  eta: 0:19:41  lr: 0.0001  img/s: 9.692462253495902  loss: 1157258.0000 (1177402.2028)  time: 0.4138  data: 0.0103  max mem: 9490
2020-08-18 08:20:04,786	INFO	kdkit.misc.log	Epoch: [13]  [8000/9772]  eta: 0:12:34  lr: 0.0001  img/s: 10.627235066827136  loss: 1132774.2500 (1176554.7245)  time: 0.4210  data: 0.0116  max mem: 9490
2020-08-18 08:27:06,507	INFO	kdkit.misc.log	Epoch: [13]  [9000/9772]  eta: 0:05:28  lr: 0.0001  img/s: 9.902888369199387  loss: 1182617.5000 (1174413.7089)  time: 0.4172  data: 0.0106  max mem: 9490
2020-08-18 08:32:33,404	INFO	kdkit.misc.log	Epoch: [13] Total time: 1:09:16
2020-08-18 08:32:38,408	INFO	kdkit.misc.log	Validation:  [   0/1667]  eta: 0:59:08  model_time: 0.2108 (0.2108)  evaluator_time: 0.0349 (0.0349)  time: 2.1285  data: 1.8813  max mem: 9490
2020-08-18 08:34:32,144	INFO	kdkit.misc.log	Validation:  [1000/1667]  eta: 0:01:17  model_time: 0.0656 (0.0764)  evaluator_time: 0.0250 (0.0362)  time: 0.1221  data: 0.0001  max mem: 9490
2020-08-18 08:35:51,626	INFO	kdkit.misc.log	Validation: Total time: 0:03:15
2020-08-18 08:35:53,837	INFO	__main__	Averaged stats: model_time: 0.0592 (0.0787)  evaluator_time: 0.0228 (0.0355)
2020-08-18 08:36:28,758	INFO	kdkit.misc.log	Epoch: [14]  [   0/9772]  eta: 12:15:02  lr: 0.0001  img/s: 4.581352711829879  loss: 1273990.1250 (1273990.1250)  time: 4.5132  data: 3.6400  max mem: 9490
2020-08-18 08:43:32,281	INFO	kdkit.misc.log	Epoch: [14]  [1000/9772]  eta: 1:02:30  lr: 0.0001  img/s: 9.676172767377466  loss: 1201920.2500 (1163638.9417)  time: 0.4184  data: 0.0097  max mem: 9490
2020-08-18 08:50:32,847	INFO	kdkit.misc.log	Epoch: [14]  [2000/9772]  eta: 0:54:55  lr: 0.0001  img/s: 9.605818954658508  loss: 1120635.6250 (1164811.2130)  time: 0.4232  data: 0.0113  max mem: 9490
2020-08-18 08:57:32,461	INFO	kdkit.misc.log	Epoch: [14]  [3000/9772]  eta: 0:47:41  lr: 0.0001  img/s: 9.850478044702053  loss: 1223758.6250 (1169767.9683)  time: 0.4219  data: 0.0114  max mem: 9490
2020-08-18 09:04:32,457	INFO	kdkit.misc.log	Epoch: [14]  [4000/9772]  eta: 0:40:35  lr: 0.0001  img/s: 9.243395632845173  loss: 1208890.6250 (1169221.5688)  time: 0.4222  data: 0.0106  max mem: 9490
2020-08-18 09:11:31,566	INFO	kdkit.misc.log	Epoch: [14]  [5000/9772]  eta: 0:33:30  lr: 0.0001  img/s: 9.434821166973997  loss: 1135651.7500 (1168437.1493)  time: 0.4259  data: 0.0100  max mem: 9490
2020-08-18 09:18:30,543	INFO	kdkit.misc.log	Epoch: [14]  [6000/9772]  eta: 0:26:27  lr: 0.0001  img/s: 10.288207132664468  loss: 1179637.5000 (1168427.5196)  time: 0.4181  data: 0.0103  max mem: 9490
2020-08-18 09:25:31,220	INFO	kdkit.misc.log	Epoch: [14]  [7000/9772]  eta: 0:19:26  lr: 0.0001  img/s: 9.745079167220895  loss: 1107154.2500 (1168448.9084)  time: 0.4261  data: 0.0102  max mem: 9490
2020-08-18 09:32:30,992	INFO	kdkit.misc.log	Epoch: [14]  [8000/9772]  eta: 0:12:25  lr: 0.0001  img/s: 10.287929544809282  loss: 1119385.3750 (1170403.2424)  time: 0.4242  data: 0.0105  max mem: 9490
2020-08-18 09:39:29,752	INFO	kdkit.misc.log	Epoch: [14]  [9000/9772]  eta: 0:05:24  lr: 0.0001  img/s: 9.637453291093067  loss: 1124061.0000 (1170991.1956)  time: 0.4190  data: 0.0104  max mem: 9490
2020-08-18 09:44:55,062	INFO	kdkit.misc.log	Epoch: [14] Total time: 1:08:30
2020-08-18 09:44:59,724	INFO	kdkit.misc.log	Validation:  [   0/1667]  eta: 0:56:35  model_time: 0.1806 (0.1806)  evaluator_time: 0.0481 (0.0481)  time: 2.0371  data: 1.8064  max mem: 9490
2020-08-18 09:47:10,858	INFO	kdkit.misc.log	Validation:  [1000/1667]  eta: 0:01:28  model_time: 0.0666 (0.0760)  evaluator_time: 0.0257 (0.0541)  time: 0.1175  data: 0.0001  max mem: 9490
2020-08-18 09:48:28,581	INFO	kdkit.misc.log	Validation: Total time: 0:03:30
2020-08-18 09:48:33,689	INFO	__main__	Averaged stats: model_time: 0.0591 (0.0795)  evaluator_time: 0.0221 (0.0429)
2020-08-18 09:49:10,867	INFO	kdkit.misc.log	Epoch: [15]  [   0/9772]  eta: 9:26:12  lr: 1e-05  img/s: 7.346708780773827  loss: 1073006.0000 (1073006.0000)  time: 3.4765  data: 2.9320  max mem: 9490
2020-08-18 09:56:11,875	INFO	kdkit.misc.log	Epoch: [15]  [1000/9772]  eta: 1:01:59  lr: 1e-05  img/s: 10.106135647086745  loss: 1135539.2500 (1155637.3578)  time: 0.4195  data: 0.0107  max mem: 9490
2020-08-18 10:03:09,700	INFO	kdkit.misc.log	Epoch: [15]  [2000/9772]  eta: 0:54:31  lr: 1e-05  img/s: 9.326909039763798  loss: 1052779.1250 (1159134.4103)  time: 0.4313  data: 0.0111  max mem: 9490
2020-08-18 10:10:09,021	INFO	kdkit.misc.log	Epoch: [15]  [3000/9772]  eta: 0:47:26  lr: 1e-05  img/s: 9.901035768263155  loss: 1113798.2500 (1162875.9769)  time: 0.4181  data: 0.0098  max mem: 9490
2020-08-18 10:17:07,939	INFO	kdkit.misc.log	Epoch: [15]  [4000/9772]  eta: 0:40:24  lr: 1e-05  img/s: 9.714720823352089  loss: 1142750.5000 (1161978.9348)  time: 0.4270  data: 0.0099  max mem: 9490
2020-08-18 10:24:06,410	INFO	kdkit.misc.log	Epoch: [15]  [5000/9772]  eta: 0:33:22  lr: 1e-05  img/s: 9.602536680851552  loss: 1164263.3750 (1162880.2338)  time: 0.4131  data: 0.0093  max mem: 9490
2020-08-18 10:31:06,118	INFO	kdkit.misc.log	Epoch: [15]  [6000/9772]  eta: 0:26:23  lr: 1e-05  img/s: 9.758348320331676  loss: 1154127.0000 (1161874.8360)  time: 0.4206  data: 0.0115  max mem: 9490
2020-08-18 10:38:05,985	INFO	kdkit.misc.log	Epoch: [15]  [7000/9772]  eta: 0:19:23  lr: 1e-05  img/s: 9.88158739470358  loss: 1168244.1250 (1162421.0028)  time: 0.4158  data: 0.0099  max mem: 9490
2020-08-18 10:45:05,547	INFO	kdkit.misc.log	Epoch: [15]  [8000/9772]  eta: 0:12:23  lr: 1e-05  img/s: 9.52939579398776  loss: 1109315.0000 (1161714.5738)  time: 0.4218  data: 0.0113  max mem: 9490
2020-08-18 10:52:06,117	INFO	kdkit.misc.log	Epoch: [15]  [9000/9772]  eta: 0:05:24  lr: 1e-05  img/s: 8.90965817453401  loss: 1143049.3750 (1161221.6951)  time: 0.4223  data: 0.0097  max mem: 9490
2020-08-18 10:57:31,862	INFO	kdkit.misc.log	Epoch: [15] Total time: 1:08:24
2020-08-18 10:57:37,134	INFO	kdkit.misc.log	Validation:  [   0/1667]  eta: 0:52:55  model_time: 0.1805 (0.1805)  evaluator_time: 0.0653 (0.0653)  time: 1.9051  data: 1.6582  max mem: 9490
2020-08-18 10:59:32,798	INFO	kdkit.misc.log	Validation:  [1000/1667]  eta: 0:01:18  model_time: 0.0654 (0.0765)  evaluator_time: 0.0280 (0.0382)  time: 0.1240  data: 0.0001  max mem: 9490
2020-08-18 11:00:52,794	INFO	kdkit.misc.log	Validation: Total time: 0:03:17
2020-08-18 11:01:04,700	INFO	__main__	Averaged stats: model_time: 0.0586 (0.0780)  evaluator_time: 0.0235 (0.0402)
2020-08-18 11:01:51,061	INFO	kdkit.misc.log	Epoch: [16]  [   0/9772]  eta: 1 day, 7:55:29  lr: 1e-05  img/s: 0.4465117625870809  loss: 909315.6875 (909315.6875)  time: 11.7611  data: 2.8027  max mem: 9490
2020-08-18 11:08:55,921	INFO	kdkit.misc.log	Epoch: [16]  [1000/9772]  eta: 1:03:46  lr: 1e-05  img/s: 9.709413501565164  loss: 1060864.2500 (1167066.5352)  time: 0.4195  data: 0.0108  max mem: 9490
2020-08-18 11:15:54,119	INFO	kdkit.misc.log	Epoch: [16]  [2000/9772]  eta: 0:55:20  lr: 1e-05  img/s: 9.822651232748228  loss: 1159009.5000 (1159424.6587)  time: 0.4165  data: 0.0104  max mem: 9490
2020-08-18 11:22:54,811	INFO	kdkit.misc.log	Epoch: [16]  [3000/9772]  eta: 0:47:58  lr: 1e-05  img/s: 9.671392485037982  loss: 1151528.2500 (1162622.6286)  time: 0.4199  data: 0.0102  max mem: 9490
2020-08-18 11:29:52,636	INFO	kdkit.misc.log	Epoch: [16]  [4000/9772]  eta: 0:40:42  lr: 1e-05  img/s: 9.756010420543356  loss: 1149032.2500 (1163619.5931)  time: 0.4190  data: 0.0101  max mem: 9490
2020-08-18 11:36:52,771	INFO	kdkit.misc.log	Epoch: [16]  [5000/9772]  eta: 0:33:36  lr: 1e-05  img/s: 9.792665722258898  loss: 1133996.8750 (1162059.1348)  time: 0.4213  data: 0.0098  max mem: 9490
2020-08-18 11:43:52,715	INFO	kdkit.misc.log	Epoch: [16]  [6000/9772]  eta: 0:26:32  lr: 1e-05  img/s: 9.77660765347538  loss: 1116218.1250 (1162534.0786)  time: 0.4257  data: 0.0122  max mem: 9490
2020-08-18 11:50:52,815	INFO	kdkit.misc.log	Epoch: [16]  [7000/9772]  eta: 0:19:29  lr: 1e-05  img/s: 9.850559015109436  loss: 1188510.1250 (1162682.6110)  time: 0.4201  data: 0.0111  max mem: 9490
2020-08-18 11:57:53,846	INFO	kdkit.misc.log	Epoch: [16]  [8000/9772]  eta: 0:12:27  lr: 1e-05  img/s: 10.191840072120145  loss: 1023318.5000 (1161358.4044)  time: 0.4226  data: 0.0115  max mem: 9490
2020-08-18 12:04:54,801	INFO	kdkit.misc.log	Epoch: [16]  [9000/9772]  eta: 0:05:25  lr: 1e-05  img/s: 9.738732280315382  loss: 1030135.4375 (1161311.4197)  time: 0.4176  data: 0.0103  max mem: 9490
2020-08-18 12:10:20,808	INFO	kdkit.misc.log	Epoch: [16] Total time: 1:08:41
2020-08-18 12:10:26,371	INFO	kdkit.misc.log	Validation:  [   0/1667]  eta: 0:54:51  model_time: 0.2026 (0.2026)  evaluator_time: 0.0933 (0.0933)  time: 1.9747  data: 1.6774  max mem: 9490
2020-08-18 12:12:26,449	INFO	kdkit.misc.log	Validation:  [1000/1667]  eta: 0:01:21  model_time: 0.0659 (0.0795)  evaluator_time: 0.0249 (0.0395)  time: 0.1206  data: 0.0001  max mem: 9490
2020-08-18 12:13:45,875	INFO	kdkit.misc.log	Validation: Total time: 0:03:21
2020-08-18 12:13:52,072	INFO	__main__	Averaged stats: model_time: 0.0583 (0.0820)  evaluator_time: 0.0235 (0.0375)
2020-08-18 12:14:50,275	INFO	kdkit.misc.log	Epoch: [17]  [   0/9772]  eta: 2 days, 14:30:47  lr: 1e-05  img/s: 0.20253684606276373  loss: 1075009.3750 (1075009.3750)  time: 23.0298  data: 3.2803  max mem: 9490
2020-08-18 12:21:55,564	INFO	kdkit.misc.log	Epoch: [17]  [1000/9772]  eta: 1:05:28  lr: 1e-05  img/s: 9.765436956496432  loss: 1127359.8750 (1160754.7589)  time: 0.4143  data: 0.0107  max mem: 9490
2020-08-18 12:28:56,191	INFO	kdkit.misc.log	Epoch: [17]  [2000/9772]  eta: 0:56:15  lr: 1e-05  img/s: 10.257348090551098  loss: 1164653.6250 (1160064.9592)  time: 0.4197  data: 0.0107  max mem: 9490
2020-08-18 12:35:57,054	INFO	kdkit.misc.log	Epoch: [17]  [3000/9772]  eta: 0:48:30  lr: 1e-05  img/s: 10.012894785686704  loss: 1110790.1250 (1160686.4449)  time: 0.4230  data: 0.0108  max mem: 9490
2020-08-18 12:42:57,619	INFO	kdkit.misc.log	Epoch: [17]  [4000/9772]  eta: 0:41:07  lr: 1e-05  img/s: 9.432810713133124  loss: 1166425.2500 (1159697.5169)  time: 0.4196  data: 0.0096  max mem: 9490
2020-08-18 12:50:00,021	INFO	kdkit.misc.log	Epoch: [17]  [5000/9772]  eta: 0:33:55  lr: 1e-05  img/s: 9.584893803120577  loss: 1159535.5000 (1159306.6193)  time: 0.4190  data: 0.0104  max mem: 9490
2020-08-18 12:57:02,281	INFO	kdkit.misc.log	Epoch: [17]  [6000/9772]  eta: 0:26:45  lr: 1e-05  img/s: 9.324705900661508  loss: 1094540.2500 (1160519.2020)  time: 0.4218  data: 0.0102  max mem: 9490
2020-08-18 13:04:04,117	INFO	kdkit.misc.log	Epoch: [17]  [7000/9772]  eta: 0:19:38  lr: 1e-05  img/s: 9.017143477529451  loss: 1076394.2500 (1159581.3437)  time: 0.4220  data: 0.0105  max mem: 9490
2020-08-18 13:11:05,843	INFO	kdkit.misc.log	Epoch: [17]  [8000/9772]  eta: 0:12:32  lr: 1e-05  img/s: 9.382899819525374  loss: 1131978.8750 (1159100.3189)  time: 0.4237  data: 0.0117  max mem: 9490
2020-08-18 13:18:07,456	INFO	kdkit.misc.log	Epoch: [17]  [9000/9772]  eta: 0:05:27  lr: 1e-05  img/s: 9.966049219543113  loss: 1129852.0000 (1158039.7984)  time: 0.4197  data: 0.0104  max mem: 9490
2020-08-18 13:23:35,916	INFO	kdkit.misc.log	Epoch: [17] Total time: 1:09:08
2020-08-18 13:23:41,782	INFO	kdkit.misc.log	Validation:  [   0/1667]  eta: 0:51:49  model_time: 0.2311 (0.2311)  evaluator_time: 0.0654 (0.0654)  time: 1.8655  data: 1.5677  max mem: 9490
2020-08-18 13:25:40,692	INFO	kdkit.misc.log	Validation:  [1000/1667]  eta: 0:01:20  model_time: 0.0678 (0.0781)  evaluator_time: 0.0262 (0.0399)  time: 0.1193  data: 0.0001  max mem: 9490
2020-08-18 13:26:59,251	INFO	kdkit.misc.log	Validation: Total time: 0:03:19
2020-08-18 13:27:06,411	INFO	__main__	Averaged stats: model_time: 0.0598 (0.0814)  evaluator_time: 0.0232 (0.0381)
2020-08-18 13:27:53,678	INFO	kdkit.misc.log	Epoch: [18]  [   0/9772]  eta: 12:26:46  lr: 1e-05  img/s: 10.110447548924487  loss: 1130348.7500 (1130348.7500)  time: 4.5852  data: 4.1895  max mem: 9490
2020-08-18 13:34:55,849	INFO	kdkit.misc.log	Epoch: [18]  [1000/9772]  eta: 1:02:19  lr: 1e-05  img/s: 9.81050307345415  loss: 1080597.1250 (1162930.5553)  time: 0.4185  data: 0.0100  max mem: 9490
2020-08-18 13:41:56,415	INFO	kdkit.misc.log	Epoch: [18]  [2000/9772]  eta: 0:54:51  lr: 1e-05  img/s: 9.74896378280725  loss: 1030802.8125 (1162037.0171)  time: 0.4186  data: 0.0094  max mem: 9490
2020-08-18 13:48:57,950	INFO	kdkit.misc.log	Epoch: [18]  [3000/9772]  eta: 0:47:43  lr: 1e-05  img/s: 9.851513409500479  loss: 1080599.2500 (1163500.0152)  time: 0.4197  data: 0.0114  max mem: 9490
2020-08-18 13:55:58,703	INFO	kdkit.misc.log	Epoch: [18]  [4000/9772]  eta: 0:40:37  lr: 1e-05  img/s: 9.63930270651956  loss: 1202821.7500 (1161564.7729)  time: 0.4176  data: 0.0111  max mem: 9490
2020-08-18 14:03:02,513	INFO	kdkit.misc.log	Epoch: [18]  [5000/9772]  eta: 0:33:36  lr: 1e-05  img/s: 9.860882066497354  loss: 1092477.8750 (1162738.7551)  time: 0.4234  data: 0.0101  max mem: 9490
2020-08-18 14:10:06,540	INFO	kdkit.misc.log	Epoch: [18]  [6000/9772]  eta: 0:26:34  lr: 1e-05  img/s: 9.233119931053801  loss: 1095917.2500 (1162476.5503)  time: 0.4227  data: 0.0105  max mem: 9490
2020-08-18 14:17:08,859	INFO	kdkit.misc.log	Epoch: [18]  [7000/9772]  eta: 0:19:31  lr: 1e-05  img/s: 10.342286628742766  loss: 1165636.6250 (1163392.1950)  time: 0.4192  data: 0.0105  max mem: 9490
2020-08-18 14:24:11,883	INFO	kdkit.misc.log	Epoch: [18]  [8000/9772]  eta: 0:12:29  lr: 1e-05  img/s: 10.161875619323125  loss: 1144563.1250 (1165560.9149)  time: 0.4211  data: 0.0098  max mem: 9490
2020-08-18 14:31:15,337	INFO	kdkit.misc.log	Epoch: [18]  [9000/9772]  eta: 0:05:26  lr: 1e-05  img/s: 10.566621067720734  loss: 1121029.7500 (1164742.6434)  time: 0.4205  data: 0.0094  max mem: 9490
2020-08-18 14:36:44,103	INFO	kdkit.misc.log	Epoch: [18] Total time: 1:08:55
2020-08-18 14:36:49,864	INFO	kdkit.misc.log	Validation:  [   0/1667]  eta: 0:50:32  model_time: 0.2209 (0.2209)  evaluator_time: 0.0518 (0.0518)  time: 1.8191  data: 1.5446  max mem: 9490
2020-08-18 14:39:13,594	INFO	kdkit.misc.log	Validation:  [1000/1667]  eta: 0:01:36  model_time: 0.0660 (0.0765)  evaluator_time: 0.0262 (0.0664)  time: 0.1146  data: 0.0001  max mem: 9490
2020-08-18 14:40:31,382	INFO	kdkit.misc.log	Validation: Total time: 0:03:43
2020-08-18 14:40:37,959	INFO	__main__	Averaged stats: model_time: 0.0588 (0.0801)  evaluator_time: 0.0222 (0.0488)
2020-08-18 14:41:25,256	INFO	kdkit.misc.log	Epoch: [19]  [   0/9772]  eta: 11:50:08  lr: 1e-05  img/s: 3.369387748134429  loss: 1245306.5000 (1245306.5000)  time: 4.3603  data: 3.1731  max mem: 9490
2020-08-18 14:48:30,037	INFO	kdkit.misc.log	Epoch: [19]  [1000/9772]  eta: 1:02:40  lr: 1e-05  img/s: 9.847673820034712  loss: 1120366.6250 (1154860.3521)  time: 0.4240  data: 0.0094  max mem: 9490
2020-08-18 14:55:30,980	INFO	kdkit.misc.log	Epoch: [19]  [2000/9772]  eta: 0:55:01  lr: 1e-05  img/s: 9.681265028503304  loss: 1182095.2500 (1158223.1312)  time: 0.4162  data: 0.0105  max mem: 9490
2020-08-18 15:02:31,882	INFO	kdkit.misc.log	Epoch: [19]  [3000/9772]  eta: 0:47:48  lr: 1e-05  img/s: 9.760806592837591  loss: 1253548.5000 (1157441.1288)  time: 0.4161  data: 0.0106  max mem: 9490
2020-08-18 15:09:33,983	INFO	kdkit.misc.log	Epoch: [19]  [4000/9772]  eta: 0:40:42  lr: 1e-05  img/s: 9.683964088349954  loss: 1050490.0000 (1156715.5553)  time: 0.4185  data: 0.0094  max mem: 9490
2020-08-18 15:16:38,694	INFO	kdkit.misc.log	Epoch: [19]  [5000/9772]  eta: 0:33:40  lr: 1e-05  img/s: 9.67197233748909  loss: 1181026.2500 (1157214.2298)  time: 0.4200  data: 0.0112  max mem: 9490
2020-08-18 15:23:41,189	INFO	kdkit.misc.log	Epoch: [19]  [6000/9772]  eta: 0:26:36  lr: 1e-05  img/s: 9.97967211515526  loss: 1121856.3750 (1158300.7579)  time: 0.4152  data: 0.0109  max mem: 9490
2020-08-18 15:30:46,859	INFO	kdkit.misc.log	Epoch: [19]  [7000/9772]  eta: 0:19:34  lr: 1e-05  img/s: 9.81016461942466  loss: 1083462.0000 (1158186.7982)  time: 0.4223  data: 0.0115  max mem: 9490
2020-08-18 15:37:49,014	INFO	kdkit.misc.log	Epoch: [19]  [8000/9772]  eta: 0:12:30  lr: 1e-05  img/s: 9.61022633604599  loss: 1184653.6250 (1158094.7999)  time: 0.4176  data: 0.0116  max mem: 9490
2020-08-18 15:45:00,350	INFO	kdkit.misc.log	Epoch: [19]  [9000/9772]  eta: 0:05:27  lr: 1e-05  img/s: 6.988852638208957  loss: 1112295.0000 (1158900.0246)  time: 0.5986  data: 0.0103  max mem: 9490
2020-08-18 15:50:33,058	INFO	kdkit.misc.log	Epoch: [19] Total time: 1:09:12
2020-08-18 15:50:38,731	INFO	kdkit.misc.log	Validation:  [   0/1667]  eta: 0:50:04  model_time: 0.2340 (0.2340)  evaluator_time: 0.0466 (0.0466)  time: 1.8022  data: 1.5201  max mem: 9490
2020-08-18 15:52:35,898	INFO	kdkit.misc.log	Validation:  [1000/1667]  eta: 0:01:19  model_time: 0.0667 (0.0768)  evaluator_time: 0.0319 (0.0396)  time: 0.1152  data: 0.0001  max mem: 9490
2020-08-18 15:53:54,872	INFO	kdkit.misc.log	Validation: Total time: 0:03:17
2020-08-18 15:54:33,202	INFO	__main__	Averaged stats: model_time: 0.0585 (0.0815)  evaluator_time: 0.0216 (0.0442)
2020-08-18 15:55:15,822	INFO	__main__	Training time 1 day, 0:21:01
2020-08-18 15:55:17,348	INFO	kdkit.common.main_util	Loading model parameters
2020-08-18 15:55:17,451	INFO	__main__	[Teacher: maskrcnn_resnet50_fpn]
2020-08-18 15:55:21,030	INFO	kdkit.misc.log	Test:  [   0/1667]  eta: 0:59:00  model_time: 0.1891 (0.1891)  evaluator_time: 0.0160 (0.0160)  time: 2.1240  data: 1.9161  max mem: 9490
2020-08-18 15:57:09,054	INFO	kdkit.misc.log	Test:  [1000/1667]  eta: 0:01:13  model_time: 0.0654 (0.0730)  evaluator_time: 0.0241 (0.0343)  time: 0.1135  data: 0.0001  max mem: 9490
2020-08-18 15:58:20,339	INFO	kdkit.misc.log	Test: Total time: 0:03:01
2020-08-18 15:58:24,266	INFO	__main__	Averaged stats: model_time: 0.0602 (0.0738)  evaluator_time: 0.0214 (0.0339)
2020-08-18 15:58:42,461	INFO	__main__	[Student: custom_maskrcnn_resnet_fpn]
2020-08-18 15:58:45,999	INFO	kdkit.misc.log	Test:  [   0/1667]  eta: 0:57:46  model_time: 0.1393 (0.1393)  evaluator_time: 0.0280 (0.0280)  time: 2.0797  data: 1.9020  max mem: 9490
2020-08-18 16:00:30,436	INFO	kdkit.misc.log	Test:  [1000/1667]  eta: 0:01:10  model_time: 0.0670 (0.0697)  evaluator_time: 0.0229 (0.0340)  time: 0.1104  data: 0.0001  max mem: 9490
2020-08-18 16:01:39,503	INFO	kdkit.misc.log	Test: Total time: 0:02:55
2020-08-18 16:01:46,520	INFO	__main__	Averaged stats: model_time: 0.0584 (0.0722)  evaluator_time: 0.0197 (0.0330)
